[2025-08-01T04:31:48.392+0000] {local_task_job_runner.py:120} INFO - ::group::Pre task execution logs
[2025-08-01T04:31:48.433+0000] {taskinstance.py:2076} INFO - Dependencies all met for dep_context=non-requeueable deps ti=<TaskInstance: parquet_in_minio.upload_to_minio scheduled__2023-08-01T00:00:00+00:00 [queued]>
[2025-08-01T04:31:48.444+0000] {taskinstance.py:2076} INFO - Dependencies all met for dep_context=requeueable deps ti=<TaskInstance: parquet_in_minio.upload_to_minio scheduled__2023-08-01T00:00:00+00:00 [queued]>
[2025-08-01T04:31:48.444+0000] {taskinstance.py:2306} INFO - Starting attempt 1 of 4
[2025-08-01T04:31:48.459+0000] {taskinstance.py:2330} INFO - Executing <Task(PythonOperator): upload_to_minio> on 2023-08-01 00:00:00+00:00
[2025-08-01T04:31:48.468+0000] {standard_task_runner.py:63} INFO - Started process 1552 to run task
[2025-08-01T04:31:48.472+0000] {standard_task_runner.py:90} INFO - Running: ['***', 'tasks', 'run', 'parquet_in_minio', 'upload_to_minio', 'scheduled__2023-08-01T00:00:00+00:00', '--job-id', '373', '--raw', '--subdir', 'DAGS_FOLDER/parquet_to_minio.py', '--cfg-path', '/tmp/tmpfffajh9e']
[2025-08-01T04:31:48.474+0000] {standard_task_runner.py:91} INFO - Job 373: Subtask upload_to_minio
[2025-08-01T04:31:48.493+0000] {logging_mixin.py:188} WARNING - /home/***/.local/lib/python3.10/site-packages/***/settings.py:195 DeprecationWarning: The sql_alchemy_conn option in [core] has been moved to the sql_alchemy_conn option in [database] - the old setting has been used, but please update your config.
[2025-08-01T04:31:48.548+0000] {task_command.py:426} INFO - Running <TaskInstance: parquet_in_minio.upload_to_minio scheduled__2023-08-01T00:00:00+00:00 [running]> on host 87b19f697adc
[2025-08-01T04:31:48.654+0000] {taskinstance.py:2648} INFO - Exporting env vars: AIRFLOW_CTX_DAG_OWNER='***' AIRFLOW_CTX_DAG_ID='parquet_in_minio' AIRFLOW_CTX_TASK_ID='upload_to_minio' AIRFLOW_CTX_EXECUTION_DATE='2023-08-01T00:00:00+00:00' AIRFLOW_CTX_TRY_NUMBER='1' AIRFLOW_CTX_DAG_RUN_ID='scheduled__2023-08-01T00:00:00+00:00'
[2025-08-01T04:31:48.655+0000] {taskinstance.py:430} INFO - ::endgroup::
[2025-08-01T04:31:48.667+0000] {logging_mixin.py:188} WARNING - /home/***/.local/lib/python3.10/site-packages/***/utils/context.py:320 AirflowContextDeprecationWarning: Accessing 'execution_date' from the template is deprecated and will be removed in a future version. Please use 'data_interval_start' or 'logical_date' instead.
[2025-08-01T04:31:48.783+0000] {python.py:237} INFO - Done. Returned value was: None
[2025-08-01T04:31:48.784+0000] {taskinstance.py:441} INFO - ::group::Post task execution logs
[2025-08-01T04:31:48.792+0000] {taskinstance.py:1206} INFO - Marking task as SUCCESS. dag_id=parquet_in_minio, task_id=upload_to_minio, run_id=scheduled__2023-08-01T00:00:00+00:00, execution_date=20230801T000000, start_date=20250801T043148, end_date=20250801T043148
[2025-08-01T04:31:48.846+0000] {local_task_job_runner.py:240} INFO - Task exited with return code 0
[2025-08-01T04:31:48.863+0000] {taskinstance.py:3498} INFO - 1 downstream tasks scheduled from follow-on schedule check
[2025-08-01T04:31:48.864+0000] {local_task_job_runner.py:222} INFO - ::endgroup::
[2025-08-28T03:52:12.060+0000] {local_task_job_runner.py:120} INFO - ::group::Pre task execution logs
[2025-08-28T03:52:12.080+0000] {taskinstance.py:2076} INFO - Dependencies all met for dep_context=non-requeueable deps ti=<TaskInstance: parquet_in_minio.upload_to_minio scheduled__2023-08-01T00:00:00+00:00 [queued]>
[2025-08-28T03:52:12.085+0000] {taskinstance.py:2076} INFO - Dependencies all met for dep_context=requeueable deps ti=<TaskInstance: parquet_in_minio.upload_to_minio scheduled__2023-08-01T00:00:00+00:00 [queued]>
[2025-08-28T03:52:12.085+0000] {taskinstance.py:2306} INFO - Starting attempt 1 of 4
[2025-08-28T03:52:12.093+0000] {taskinstance.py:2330} INFO - Executing <Task(PythonOperator): upload_to_minio> on 2023-08-01 00:00:00+00:00
[2025-08-28T03:52:12.097+0000] {standard_task_runner.py:63} INFO - Started process 871 to run task
[2025-08-28T03:52:12.100+0000] {standard_task_runner.py:90} INFO - Running: ['***', 'tasks', 'run', 'parquet_in_minio', 'upload_to_minio', 'scheduled__2023-08-01T00:00:00+00:00', '--job-id', '585', '--raw', '--subdir', 'DAGS_FOLDER/parquet_to_minio.py', '--cfg-path', '/tmp/tmpti30uhip']
[2025-08-28T03:52:12.101+0000] {standard_task_runner.py:91} INFO - Job 585: Subtask upload_to_minio
[2025-08-28T03:52:12.114+0000] {logging_mixin.py:188} WARNING - /home/***/.local/lib/python3.10/site-packages/***/settings.py:195 DeprecationWarning: The sql_alchemy_conn option in [core] has been moved to the sql_alchemy_conn option in [database] - the old setting has been used, but please update your config.
[2025-08-28T03:52:12.140+0000] {task_command.py:426} INFO - Running <TaskInstance: parquet_in_minio.upload_to_minio scheduled__2023-08-01T00:00:00+00:00 [running]> on host c3d91d0460b0
[2025-08-28T03:52:12.202+0000] {taskinstance.py:2648} INFO - Exporting env vars: AIRFLOW_CTX_DAG_OWNER='***' AIRFLOW_CTX_DAG_ID='parquet_in_minio' AIRFLOW_CTX_TASK_ID='upload_to_minio' AIRFLOW_CTX_EXECUTION_DATE='2023-08-01T00:00:00+00:00' AIRFLOW_CTX_TRY_NUMBER='1' AIRFLOW_CTX_DAG_RUN_ID='scheduled__2023-08-01T00:00:00+00:00'
[2025-08-28T03:52:12.203+0000] {taskinstance.py:430} INFO - ::endgroup::
[2025-08-28T03:52:12.211+0000] {logging_mixin.py:188} WARNING - /home/***/.local/lib/python3.10/site-packages/***/utils/context.py:320 AirflowContextDeprecationWarning: Accessing 'execution_date' from the template is deprecated and will be removed in a future version. Please use 'data_interval_start' or 'logical_date' instead.
[2025-08-28T03:52:12.299+0000] {python.py:237} INFO - Done. Returned value was: None
[2025-08-28T03:52:12.300+0000] {taskinstance.py:441} INFO - ::group::Post task execution logs
[2025-08-28T03:52:12.307+0000] {taskinstance.py:1206} INFO - Marking task as SUCCESS. dag_id=parquet_in_minio, task_id=upload_to_minio, run_id=scheduled__2023-08-01T00:00:00+00:00, execution_date=20230801T000000, start_date=20250828T035212, end_date=20250828T035212
[2025-08-28T03:52:12.352+0000] {local_task_job_runner.py:240} INFO - Task exited with return code 0
[2025-08-28T03:52:12.368+0000] {taskinstance.py:3498} INFO - 1 downstream tasks scheduled from follow-on schedule check
[2025-08-28T03:52:12.370+0000] {local_task_job_runner.py:222} INFO - ::endgroup::
