[2025-08-01T04:31:49.605+0000] {local_task_job_runner.py:120} INFO - ::group::Pre task execution logs
[2025-08-01T04:31:49.651+0000] {taskinstance.py:2076} INFO - Dependencies all met for dep_context=non-requeueable deps ti=<TaskInstance: parquet_in_minio.upload_to_minio scheduled__2024-05-01T00:00:00+00:00 [queued]>
[2025-08-01T04:31:49.661+0000] {taskinstance.py:2076} INFO - Dependencies all met for dep_context=requeueable deps ti=<TaskInstance: parquet_in_minio.upload_to_minio scheduled__2024-05-01T00:00:00+00:00 [queued]>
[2025-08-01T04:31:49.662+0000] {taskinstance.py:2306} INFO - Starting attempt 1 of 4
[2025-08-01T04:31:49.680+0000] {taskinstance.py:2330} INFO - Executing <Task(PythonOperator): upload_to_minio> on 2024-05-01 00:00:00+00:00
[2025-08-01T04:31:49.694+0000] {standard_task_runner.py:63} INFO - Started process 1585 to run task
[2025-08-01T04:31:49.701+0000] {standard_task_runner.py:90} INFO - Running: ['***', 'tasks', 'run', 'parquet_in_minio', 'upload_to_minio', 'scheduled__2024-05-01T00:00:00+00:00', '--job-id', '382', '--raw', '--subdir', 'DAGS_FOLDER/parquet_to_minio.py', '--cfg-path', '/tmp/tmpe7jsatyk']
[2025-08-01T04:31:49.708+0000] {standard_task_runner.py:91} INFO - Job 382: Subtask upload_to_minio
[2025-08-01T04:31:49.731+0000] {logging_mixin.py:188} WARNING - /home/***/.local/lib/python3.10/site-packages/***/settings.py:195 DeprecationWarning: The sql_alchemy_conn option in [core] has been moved to the sql_alchemy_conn option in [database] - the old setting has been used, but please update your config.
[2025-08-01T04:31:49.805+0000] {task_command.py:426} INFO - Running <TaskInstance: parquet_in_minio.upload_to_minio scheduled__2024-05-01T00:00:00+00:00 [running]> on host 87b19f697adc
[2025-08-01T04:31:49.945+0000] {taskinstance.py:2648} INFO - Exporting env vars: AIRFLOW_CTX_DAG_OWNER='***' AIRFLOW_CTX_DAG_ID='parquet_in_minio' AIRFLOW_CTX_TASK_ID='upload_to_minio' AIRFLOW_CTX_EXECUTION_DATE='2024-05-01T00:00:00+00:00' AIRFLOW_CTX_TRY_NUMBER='1' AIRFLOW_CTX_DAG_RUN_ID='scheduled__2024-05-01T00:00:00+00:00'
[2025-08-01T04:31:49.946+0000] {taskinstance.py:430} INFO - ::endgroup::
[2025-08-01T04:31:49.961+0000] {logging_mixin.py:188} WARNING - /home/***/.local/lib/python3.10/site-packages/***/utils/context.py:320 AirflowContextDeprecationWarning: Accessing 'execution_date' from the template is deprecated and will be removed in a future version. Please use 'data_interval_start' or 'logical_date' instead.
[2025-08-01T04:31:50.092+0000] {python.py:237} INFO - Done. Returned value was: None
[2025-08-01T04:31:50.093+0000] {taskinstance.py:441} INFO - ::group::Post task execution logs
[2025-08-01T04:31:50.102+0000] {taskinstance.py:1206} INFO - Marking task as SUCCESS. dag_id=parquet_in_minio, task_id=upload_to_minio, run_id=scheduled__2024-05-01T00:00:00+00:00, execution_date=20240501T000000, start_date=20250801T043149, end_date=20250801T043150
[2025-08-01T04:31:50.157+0000] {local_task_job_runner.py:240} INFO - Task exited with return code 0
[2025-08-01T04:31:50.175+0000] {taskinstance.py:3498} INFO - 1 downstream tasks scheduled from follow-on schedule check
[2025-08-01T04:31:50.176+0000] {local_task_job_runner.py:222} INFO - ::endgroup::
[2025-08-28T03:53:58.876+0000] {local_task_job_runner.py:120} INFO - ::group::Pre task execution logs
[2025-08-28T03:53:58.897+0000] {taskinstance.py:2076} INFO - Dependencies all met for dep_context=non-requeueable deps ti=<TaskInstance: parquet_in_minio.upload_to_minio scheduled__2024-05-01T00:00:00+00:00 [queued]>
[2025-08-28T03:53:58.902+0000] {taskinstance.py:2076} INFO - Dependencies all met for dep_context=requeueable deps ti=<TaskInstance: parquet_in_minio.upload_to_minio scheduled__2024-05-01T00:00:00+00:00 [queued]>
[2025-08-28T03:53:58.902+0000] {taskinstance.py:2306} INFO - Starting attempt 1 of 4
[2025-08-28T03:53:58.910+0000] {taskinstance.py:2330} INFO - Executing <Task(PythonOperator): upload_to_minio> on 2024-05-01 00:00:00+00:00
[2025-08-28T03:53:58.915+0000] {standard_task_runner.py:63} INFO - Started process 978 to run task
[2025-08-28T03:53:58.918+0000] {standard_task_runner.py:90} INFO - Running: ['***', 'tasks', 'run', 'parquet_in_minio', 'upload_to_minio', 'scheduled__2024-05-01T00:00:00+00:00', '--job-id', '611', '--raw', '--subdir', 'DAGS_FOLDER/parquet_to_minio.py', '--cfg-path', '/tmp/tmp_ed8cj5c']
[2025-08-28T03:53:58.919+0000] {standard_task_runner.py:91} INFO - Job 611: Subtask upload_to_minio
[2025-08-28T03:53:58.932+0000] {logging_mixin.py:188} WARNING - /home/***/.local/lib/python3.10/site-packages/***/settings.py:195 DeprecationWarning: The sql_alchemy_conn option in [core] has been moved to the sql_alchemy_conn option in [database] - the old setting has been used, but please update your config.
[2025-08-28T03:53:58.961+0000] {task_command.py:426} INFO - Running <TaskInstance: parquet_in_minio.upload_to_minio scheduled__2024-05-01T00:00:00+00:00 [running]> on host c3d91d0460b0
[2025-08-28T03:53:59.026+0000] {taskinstance.py:2648} INFO - Exporting env vars: AIRFLOW_CTX_DAG_OWNER='***' AIRFLOW_CTX_DAG_ID='parquet_in_minio' AIRFLOW_CTX_TASK_ID='upload_to_minio' AIRFLOW_CTX_EXECUTION_DATE='2024-05-01T00:00:00+00:00' AIRFLOW_CTX_TRY_NUMBER='1' AIRFLOW_CTX_DAG_RUN_ID='scheduled__2024-05-01T00:00:00+00:00'
[2025-08-28T03:53:59.027+0000] {taskinstance.py:430} INFO - ::endgroup::
[2025-08-28T03:53:59.035+0000] {logging_mixin.py:188} WARNING - /home/***/.local/lib/python3.10/site-packages/***/utils/context.py:320 AirflowContextDeprecationWarning: Accessing 'execution_date' from the template is deprecated and will be removed in a future version. Please use 'data_interval_start' or 'logical_date' instead.
[2025-08-28T03:53:59.123+0000] {python.py:237} INFO - Done. Returned value was: None
[2025-08-28T03:53:59.123+0000] {taskinstance.py:441} INFO - ::group::Post task execution logs
[2025-08-28T03:53:59.131+0000] {taskinstance.py:1206} INFO - Marking task as SUCCESS. dag_id=parquet_in_minio, task_id=upload_to_minio, run_id=scheduled__2024-05-01T00:00:00+00:00, execution_date=20240501T000000, start_date=20250828T035358, end_date=20250828T035359
[2025-08-28T03:53:59.170+0000] {local_task_job_runner.py:240} INFO - Task exited with return code 0
[2025-08-28T03:53:59.192+0000] {taskinstance.py:3498} INFO - 1 downstream tasks scheduled from follow-on schedule check
[2025-08-28T03:53:59.194+0000] {local_task_job_runner.py:222} INFO - ::endgroup::
