[2025-08-01T04:31:51.187+0000] {local_task_job_runner.py:120} INFO - ::group::Pre task execution logs
[2025-08-01T04:31:51.217+0000] {taskinstance.py:2076} INFO - Dependencies all met for dep_context=non-requeueable deps ti=<TaskInstance: parquet_in_minio.download_parquet scheduled__2024-07-01T00:00:00+00:00 [queued]>
[2025-08-01T04:31:51.224+0000] {taskinstance.py:2076} INFO - Dependencies all met for dep_context=requeueable deps ti=<TaskInstance: parquet_in_minio.download_parquet scheduled__2024-07-01T00:00:00+00:00 [queued]>
[2025-08-01T04:31:51.224+0000] {taskinstance.py:2306} INFO - Starting attempt 1 of 6
[2025-08-01T04:31:51.238+0000] {taskinstance.py:2330} INFO - Executing <Task(PythonOperator): download_parquet> on 2024-07-01 00:00:00+00:00
[2025-08-01T04:31:51.245+0000] {standard_task_runner.py:63} INFO - Started process 1619 to run task
[2025-08-01T04:31:51.248+0000] {standard_task_runner.py:90} INFO - Running: ['***', 'tasks', 'run', 'parquet_in_minio', 'download_parquet', 'scheduled__2024-07-01T00:00:00+00:00', '--job-id', '392', '--raw', '--subdir', 'DAGS_FOLDER/parquet_to_minio.py', '--cfg-path', '/tmp/tmp5md43ln0']
[2025-08-01T04:31:51.250+0000] {standard_task_runner.py:91} INFO - Job 392: Subtask download_parquet
[2025-08-01T04:31:51.265+0000] {logging_mixin.py:188} WARNING - /home/***/.local/lib/python3.10/site-packages/***/settings.py:195 DeprecationWarning: The sql_alchemy_conn option in [core] has been moved to the sql_alchemy_conn option in [database] - the old setting has been used, but please update your config.
[2025-08-01T04:31:51.297+0000] {task_command.py:426} INFO - Running <TaskInstance: parquet_in_minio.download_parquet scheduled__2024-07-01T00:00:00+00:00 [running]> on host 87b19f697adc
[2025-08-01T04:31:51.384+0000] {taskinstance.py:2648} INFO - Exporting env vars: AIRFLOW_CTX_DAG_OWNER='***' AIRFLOW_CTX_DAG_ID='parquet_in_minio' AIRFLOW_CTX_TASK_ID='download_parquet' AIRFLOW_CTX_EXECUTION_DATE='2024-07-01T00:00:00+00:00' AIRFLOW_CTX_TRY_NUMBER='1' AIRFLOW_CTX_DAG_RUN_ID='scheduled__2024-07-01T00:00:00+00:00'
[2025-08-01T04:31:51.385+0000] {taskinstance.py:430} INFO - ::endgroup::
[2025-08-01T04:31:51.396+0000] {logging_mixin.py:188} WARNING - /home/***/.local/lib/python3.10/site-packages/***/utils/context.py:320 AirflowContextDeprecationWarning: Accessing 'execution_date' from the template is deprecated and will be removed in a future version. Please use 'data_interval_start' or 'logical_date' instead.
[2025-08-01T04:31:53.437+0000] {python.py:237} INFO - Done. Returned value was: None
[2025-08-01T04:31:53.437+0000] {taskinstance.py:441} INFO - ::group::Post task execution logs
[2025-08-01T04:31:53.449+0000] {taskinstance.py:1206} INFO - Marking task as SUCCESS. dag_id=parquet_in_minio, task_id=download_parquet, run_id=scheduled__2024-07-01T00:00:00+00:00, execution_date=20240701T000000, start_date=20250801T043151, end_date=20250801T043153
[2025-08-01T04:31:53.470+0000] {local_task_job_runner.py:240} INFO - Task exited with return code 0
[2025-08-01T04:31:53.490+0000] {taskinstance.py:3498} INFO - 1 downstream tasks scheduled from follow-on schedule check
[2025-08-01T04:31:53.492+0000] {local_task_job_runner.py:222} INFO - ::endgroup::
[2025-08-28T03:50:34.701+0000] {local_task_job_runner.py:120} INFO - ::group::Pre task execution logs
[2025-08-28T03:50:34.721+0000] {taskinstance.py:2076} INFO - Dependencies all met for dep_context=non-requeueable deps ti=<TaskInstance: parquet_in_minio.download_parquet scheduled__2024-07-01T00:00:00+00:00 [queued]>
[2025-08-28T03:50:34.726+0000] {taskinstance.py:2076} INFO - Dependencies all met for dep_context=requeueable deps ti=<TaskInstance: parquet_in_minio.download_parquet scheduled__2024-07-01T00:00:00+00:00 [queued]>
[2025-08-28T03:50:34.726+0000] {taskinstance.py:2306} INFO - Starting attempt 1 of 6
[2025-08-28T03:50:34.735+0000] {taskinstance.py:2330} INFO - Executing <Task(PythonOperator): download_parquet> on 2024-07-01 00:00:00+00:00
[2025-08-28T03:50:34.740+0000] {standard_task_runner.py:63} INFO - Started process 772 to run task
[2025-08-28T03:50:34.742+0000] {standard_task_runner.py:90} INFO - Running: ['***', 'tasks', 'run', 'parquet_in_minio', 'download_parquet', 'scheduled__2024-07-01T00:00:00+00:00', '--job-id', '562', '--raw', '--subdir', 'DAGS_FOLDER/parquet_to_minio.py', '--cfg-path', '/tmp/tmpdp83ocut']
[2025-08-28T03:50:34.744+0000] {standard_task_runner.py:91} INFO - Job 562: Subtask download_parquet
[2025-08-28T03:50:34.756+0000] {logging_mixin.py:188} WARNING - /home/***/.local/lib/python3.10/site-packages/***/settings.py:195 DeprecationWarning: The sql_alchemy_conn option in [core] has been moved to the sql_alchemy_conn option in [database] - the old setting has been used, but please update your config.
[2025-08-28T03:50:34.784+0000] {task_command.py:426} INFO - Running <TaskInstance: parquet_in_minio.download_parquet scheduled__2024-07-01T00:00:00+00:00 [running]> on host c3d91d0460b0
[2025-08-28T03:50:34.848+0000] {taskinstance.py:2648} INFO - Exporting env vars: AIRFLOW_CTX_DAG_OWNER='***' AIRFLOW_CTX_DAG_ID='parquet_in_minio' AIRFLOW_CTX_TASK_ID='download_parquet' AIRFLOW_CTX_EXECUTION_DATE='2024-07-01T00:00:00+00:00' AIRFLOW_CTX_TRY_NUMBER='1' AIRFLOW_CTX_DAG_RUN_ID='scheduled__2024-07-01T00:00:00+00:00'
[2025-08-28T03:50:34.848+0000] {taskinstance.py:430} INFO - ::endgroup::
[2025-08-28T03:50:34.858+0000] {logging_mixin.py:188} WARNING - /home/***/.local/lib/python3.10/site-packages/***/utils/context.py:320 AirflowContextDeprecationWarning: Accessing 'execution_date' from the template is deprecated and will be removed in a future version. Please use 'data_interval_start' or 'logical_date' instead.
[2025-08-28T03:51:05.725+0000] {python.py:237} INFO - Done. Returned value was: None
[2025-08-28T03:51:05.726+0000] {taskinstance.py:441} INFO - ::group::Post task execution logs
[2025-08-28T03:51:05.737+0000] {taskinstance.py:1206} INFO - Marking task as SUCCESS. dag_id=parquet_in_minio, task_id=download_parquet, run_id=scheduled__2024-07-01T00:00:00+00:00, execution_date=20240701T000000, start_date=20250828T035034, end_date=20250828T035105
[2025-08-28T03:51:05.795+0000] {local_task_job_runner.py:240} INFO - Task exited with return code 0
[2025-08-28T03:51:05.818+0000] {taskinstance.py:3498} INFO - 1 downstream tasks scheduled from follow-on schedule check
[2025-08-28T03:51:05.819+0000] {local_task_job_runner.py:222} INFO - ::endgroup::
