[2025-08-01T04:31:44.990+0000] {local_task_job_runner.py:120} INFO - ::group::Pre task execution logs
[2025-08-01T04:31:45.013+0000] {taskinstance.py:2076} INFO - Dependencies all met for dep_context=non-requeueable deps ti=<TaskInstance: parquet_in_minio.download_parquet scheduled__2024-03-01T00:00:00+00:00 [queued]>
[2025-08-01T04:31:45.019+0000] {taskinstance.py:2076} INFO - Dependencies all met for dep_context=requeueable deps ti=<TaskInstance: parquet_in_minio.download_parquet scheduled__2024-03-01T00:00:00+00:00 [queued]>
[2025-08-01T04:31:45.019+0000] {taskinstance.py:2306} INFO - Starting attempt 1 of 6
[2025-08-01T04:31:45.073+0000] {taskinstance.py:2330} INFO - Executing <Task(PythonOperator): download_parquet> on 2024-03-01 00:00:00+00:00
[2025-08-01T04:31:45.078+0000] {standard_task_runner.py:63} INFO - Started process 1517 to run task
[2025-08-01T04:31:45.081+0000] {standard_task_runner.py:90} INFO - Running: ['***', 'tasks', 'run', 'parquet_in_minio', 'download_parquet', 'scheduled__2024-03-01T00:00:00+00:00', '--job-id', '358', '--raw', '--subdir', 'DAGS_FOLDER/parquet_to_minio.py', '--cfg-path', '/tmp/tmp106gagi3']
[2025-08-01T04:31:45.082+0000] {standard_task_runner.py:91} INFO - Job 358: Subtask download_parquet
[2025-08-01T04:31:45.096+0000] {logging_mixin.py:188} WARNING - /home/***/.local/lib/python3.10/site-packages/***/settings.py:195 DeprecationWarning: The sql_alchemy_conn option in [core] has been moved to the sql_alchemy_conn option in [database] - the old setting has been used, but please update your config.
[2025-08-01T04:31:45.122+0000] {task_command.py:426} INFO - Running <TaskInstance: parquet_in_minio.download_parquet scheduled__2024-03-01T00:00:00+00:00 [running]> on host 87b19f697adc
[2025-08-01T04:31:45.194+0000] {taskinstance.py:2648} INFO - Exporting env vars: AIRFLOW_CTX_DAG_OWNER='***' AIRFLOW_CTX_DAG_ID='parquet_in_minio' AIRFLOW_CTX_TASK_ID='download_parquet' AIRFLOW_CTX_EXECUTION_DATE='2024-03-01T00:00:00+00:00' AIRFLOW_CTX_TRY_NUMBER='1' AIRFLOW_CTX_DAG_RUN_ID='scheduled__2024-03-01T00:00:00+00:00'
[2025-08-01T04:31:45.194+0000] {taskinstance.py:430} INFO - ::endgroup::
[2025-08-01T04:31:45.203+0000] {logging_mixin.py:188} WARNING - /home/***/.local/lib/python3.10/site-packages/***/utils/context.py:320 AirflowContextDeprecationWarning: Accessing 'execution_date' from the template is deprecated and will be removed in a future version. Please use 'data_interval_start' or 'logical_date' instead.
[2025-08-01T04:31:48.403+0000] {python.py:237} INFO - Done. Returned value was: None
[2025-08-01T04:31:48.404+0000] {taskinstance.py:441} INFO - ::group::Post task execution logs
[2025-08-01T04:31:48.416+0000] {taskinstance.py:1206} INFO - Marking task as SUCCESS. dag_id=parquet_in_minio, task_id=download_parquet, run_id=scheduled__2024-03-01T00:00:00+00:00, execution_date=20240301T000000, start_date=20250801T043145, end_date=20250801T043148
[2025-08-01T04:31:48.463+0000] {local_task_job_runner.py:240} INFO - Task exited with return code 0
[2025-08-01T04:31:48.500+0000] {taskinstance.py:3498} INFO - 1 downstream tasks scheduled from follow-on schedule check
[2025-08-01T04:31:48.503+0000] {local_task_job_runner.py:222} INFO - ::endgroup::
[2025-08-28T03:48:53.641+0000] {local_task_job_runner.py:120} INFO - ::group::Pre task execution logs
[2025-08-28T03:48:53.662+0000] {taskinstance.py:2076} INFO - Dependencies all met for dep_context=non-requeueable deps ti=<TaskInstance: parquet_in_minio.download_parquet scheduled__2024-03-01T00:00:00+00:00 [queued]>
[2025-08-28T03:48:53.667+0000] {taskinstance.py:2076} INFO - Dependencies all met for dep_context=requeueable deps ti=<TaskInstance: parquet_in_minio.download_parquet scheduled__2024-03-01T00:00:00+00:00 [queued]>
[2025-08-28T03:48:53.667+0000] {taskinstance.py:2306} INFO - Starting attempt 1 of 6
[2025-08-28T03:48:53.676+0000] {taskinstance.py:2330} INFO - Executing <Task(PythonOperator): download_parquet> on 2024-03-01 00:00:00+00:00
[2025-08-28T03:48:53.680+0000] {standard_task_runner.py:63} INFO - Started process 701 to run task
[2025-08-28T03:48:53.682+0000] {standard_task_runner.py:90} INFO - Running: ['***', 'tasks', 'run', 'parquet_in_minio', 'download_parquet', 'scheduled__2024-03-01T00:00:00+00:00', '--job-id', '551', '--raw', '--subdir', 'DAGS_FOLDER/parquet_to_minio.py', '--cfg-path', '/tmp/tmp3p4zoay6']
[2025-08-28T03:48:53.684+0000] {standard_task_runner.py:91} INFO - Job 551: Subtask download_parquet
[2025-08-28T03:48:53.695+0000] {logging_mixin.py:188} WARNING - /home/***/.local/lib/python3.10/site-packages/***/settings.py:195 DeprecationWarning: The sql_alchemy_conn option in [core] has been moved to the sql_alchemy_conn option in [database] - the old setting has been used, but please update your config.
[2025-08-28T03:48:53.724+0000] {task_command.py:426} INFO - Running <TaskInstance: parquet_in_minio.download_parquet scheduled__2024-03-01T00:00:00+00:00 [running]> on host c3d91d0460b0
[2025-08-28T03:48:53.782+0000] {taskinstance.py:2648} INFO - Exporting env vars: AIRFLOW_CTX_DAG_OWNER='***' AIRFLOW_CTX_DAG_ID='parquet_in_minio' AIRFLOW_CTX_TASK_ID='download_parquet' AIRFLOW_CTX_EXECUTION_DATE='2024-03-01T00:00:00+00:00' AIRFLOW_CTX_TRY_NUMBER='1' AIRFLOW_CTX_DAG_RUN_ID='scheduled__2024-03-01T00:00:00+00:00'
[2025-08-28T03:48:53.783+0000] {taskinstance.py:430} INFO - ::endgroup::
[2025-08-28T03:48:53.792+0000] {logging_mixin.py:188} WARNING - /home/***/.local/lib/python3.10/site-packages/***/utils/context.py:320 AirflowContextDeprecationWarning: Accessing 'execution_date' from the template is deprecated and will be removed in a future version. Please use 'data_interval_start' or 'logical_date' instead.
[2025-08-28T03:50:17.039+0000] {python.py:237} INFO - Done. Returned value was: None
[2025-08-28T03:50:17.040+0000] {taskinstance.py:441} INFO - ::group::Post task execution logs
[2025-08-28T03:50:17.052+0000] {taskinstance.py:1206} INFO - Marking task as SUCCESS. dag_id=parquet_in_minio, task_id=download_parquet, run_id=scheduled__2024-03-01T00:00:00+00:00, execution_date=20240301T000000, start_date=20250828T034853, end_date=20250828T035017
[2025-08-28T03:50:17.097+0000] {local_task_job_runner.py:240} INFO - Task exited with return code 0
[2025-08-28T03:50:17.120+0000] {taskinstance.py:3498} INFO - 1 downstream tasks scheduled from follow-on schedule check
[2025-08-28T03:50:17.121+0000] {local_task_job_runner.py:222} INFO - ::endgroup::
