[2025-08-01T04:31:46.580+0000] {local_task_job_runner.py:120} INFO - ::group::Pre task execution logs
[2025-08-01T04:31:46.604+0000] {taskinstance.py:2076} INFO - Dependencies all met for dep_context=non-requeueable deps ti=<TaskInstance: parquet_in_minio.upload_to_minio scheduled__2023-06-01T00:00:00+00:00 [queued]>
[2025-08-01T04:31:46.609+0000] {taskinstance.py:2076} INFO - Dependencies all met for dep_context=requeueable deps ti=<TaskInstance: parquet_in_minio.upload_to_minio scheduled__2023-06-01T00:00:00+00:00 [queued]>
[2025-08-01T04:31:46.609+0000] {taskinstance.py:2306} INFO - Starting attempt 1 of 4
[2025-08-01T04:31:46.675+0000] {taskinstance.py:2330} INFO - Executing <Task(PythonOperator): upload_to_minio> on 2023-06-01 00:00:00+00:00
[2025-08-01T04:31:46.680+0000] {standard_task_runner.py:63} INFO - Started process 1526 to run task
[2025-08-01T04:31:46.683+0000] {standard_task_runner.py:90} INFO - Running: ['***', 'tasks', 'run', 'parquet_in_minio', 'upload_to_minio', 'scheduled__2023-06-01T00:00:00+00:00', '--job-id', '362', '--raw', '--subdir', 'DAGS_FOLDER/parquet_to_minio.py', '--cfg-path', '/tmp/tmps5mnjuk0']
[2025-08-01T04:31:46.684+0000] {standard_task_runner.py:91} INFO - Job 362: Subtask upload_to_minio
[2025-08-01T04:31:46.698+0000] {logging_mixin.py:188} WARNING - /home/***/.local/lib/python3.10/site-packages/***/settings.py:195 DeprecationWarning: The sql_alchemy_conn option in [core] has been moved to the sql_alchemy_conn option in [database] - the old setting has been used, but please update your config.
[2025-08-01T04:31:46.725+0000] {task_command.py:426} INFO - Running <TaskInstance: parquet_in_minio.upload_to_minio scheduled__2023-06-01T00:00:00+00:00 [running]> on host 87b19f697adc
[2025-08-01T04:31:46.797+0000] {taskinstance.py:2648} INFO - Exporting env vars: AIRFLOW_CTX_DAG_OWNER='***' AIRFLOW_CTX_DAG_ID='parquet_in_minio' AIRFLOW_CTX_TASK_ID='upload_to_minio' AIRFLOW_CTX_EXECUTION_DATE='2023-06-01T00:00:00+00:00' AIRFLOW_CTX_TRY_NUMBER='1' AIRFLOW_CTX_DAG_RUN_ID='scheduled__2023-06-01T00:00:00+00:00'
[2025-08-01T04:31:46.797+0000] {taskinstance.py:430} INFO - ::endgroup::
[2025-08-01T04:31:46.806+0000] {logging_mixin.py:188} WARNING - /home/***/.local/lib/python3.10/site-packages/***/utils/context.py:320 AirflowContextDeprecationWarning: Accessing 'execution_date' from the template is deprecated and will be removed in a future version. Please use 'data_interval_start' or 'logical_date' instead.
[2025-08-01T04:31:46.911+0000] {python.py:237} INFO - Done. Returned value was: None
[2025-08-01T04:31:46.912+0000] {taskinstance.py:441} INFO - ::group::Post task execution logs
[2025-08-01T04:31:46.921+0000] {taskinstance.py:1206} INFO - Marking task as SUCCESS. dag_id=parquet_in_minio, task_id=upload_to_minio, run_id=scheduled__2023-06-01T00:00:00+00:00, execution_date=20230601T000000, start_date=20250801T043146, end_date=20250801T043146
[2025-08-01T04:31:46.974+0000] {local_task_job_runner.py:240} INFO - Task exited with return code 0
[2025-08-01T04:31:46.984+0000] {local_task_job_runner.py:222} INFO - ::endgroup::
[2025-08-28T03:50:55.404+0000] {local_task_job_runner.py:120} INFO - ::group::Pre task execution logs
[2025-08-28T03:50:55.423+0000] {taskinstance.py:2076} INFO - Dependencies all met for dep_context=non-requeueable deps ti=<TaskInstance: parquet_in_minio.upload_to_minio scheduled__2023-06-01T00:00:00+00:00 [queued]>
[2025-08-28T03:50:55.428+0000] {taskinstance.py:2076} INFO - Dependencies all met for dep_context=requeueable deps ti=<TaskInstance: parquet_in_minio.upload_to_minio scheduled__2023-06-01T00:00:00+00:00 [queued]>
[2025-08-28T03:50:55.428+0000] {taskinstance.py:2306} INFO - Starting attempt 1 of 4
[2025-08-28T03:50:55.435+0000] {taskinstance.py:2330} INFO - Executing <Task(PythonOperator): upload_to_minio> on 2023-06-01 00:00:00+00:00
[2025-08-28T03:50:55.440+0000] {standard_task_runner.py:63} INFO - Started process 780 to run task
[2025-08-28T03:50:55.442+0000] {standard_task_runner.py:90} INFO - Running: ['***', 'tasks', 'run', 'parquet_in_minio', 'upload_to_minio', 'scheduled__2023-06-01T00:00:00+00:00', '--job-id', '563', '--raw', '--subdir', 'DAGS_FOLDER/parquet_to_minio.py', '--cfg-path', '/tmp/tmp3t0m7e6h']
[2025-08-28T03:50:55.444+0000] {standard_task_runner.py:91} INFO - Job 563: Subtask upload_to_minio
[2025-08-28T03:50:55.455+0000] {logging_mixin.py:188} WARNING - /home/***/.local/lib/python3.10/site-packages/***/settings.py:195 DeprecationWarning: The sql_alchemy_conn option in [core] has been moved to the sql_alchemy_conn option in [database] - the old setting has been used, but please update your config.
[2025-08-28T03:50:55.481+0000] {task_command.py:426} INFO - Running <TaskInstance: parquet_in_minio.upload_to_minio scheduled__2023-06-01T00:00:00+00:00 [running]> on host c3d91d0460b0
[2025-08-28T03:50:55.540+0000] {taskinstance.py:2648} INFO - Exporting env vars: AIRFLOW_CTX_DAG_OWNER='***' AIRFLOW_CTX_DAG_ID='parquet_in_minio' AIRFLOW_CTX_TASK_ID='upload_to_minio' AIRFLOW_CTX_EXECUTION_DATE='2023-06-01T00:00:00+00:00' AIRFLOW_CTX_TRY_NUMBER='1' AIRFLOW_CTX_DAG_RUN_ID='scheduled__2023-06-01T00:00:00+00:00'
[2025-08-28T03:50:55.540+0000] {taskinstance.py:430} INFO - ::endgroup::
[2025-08-28T03:50:55.548+0000] {logging_mixin.py:188} WARNING - /home/***/.local/lib/python3.10/site-packages/***/utils/context.py:320 AirflowContextDeprecationWarning: Accessing 'execution_date' from the template is deprecated and will be removed in a future version. Please use 'data_interval_start' or 'logical_date' instead.
[2025-08-28T03:50:55.633+0000] {python.py:237} INFO - Done. Returned value was: None
[2025-08-28T03:50:55.634+0000] {taskinstance.py:441} INFO - ::group::Post task execution logs
[2025-08-28T03:50:55.641+0000] {taskinstance.py:1206} INFO - Marking task as SUCCESS. dag_id=parquet_in_minio, task_id=upload_to_minio, run_id=scheduled__2023-06-01T00:00:00+00:00, execution_date=20230601T000000, start_date=20250828T035055, end_date=20250828T035055
[2025-08-28T03:50:55.654+0000] {local_task_job_runner.py:240} INFO - Task exited with return code 0
[2025-08-28T03:50:55.670+0000] {taskinstance.py:3498} INFO - 1 downstream tasks scheduled from follow-on schedule check
[2025-08-28T03:50:55.671+0000] {local_task_job_runner.py:222} INFO - ::endgroup::
