[2025-08-01T04:31:49.617+0000] {local_task_job_runner.py:120} INFO - ::group::Pre task execution logs
[2025-08-01T04:31:49.667+0000] {taskinstance.py:2076} INFO - Dependencies all met for dep_context=non-requeueable deps ti=<TaskInstance: parquet_in_minio.upload_to_minio scheduled__2024-04-01T00:00:00+00:00 [queued]>
[2025-08-01T04:31:49.677+0000] {taskinstance.py:2076} INFO - Dependencies all met for dep_context=requeueable deps ti=<TaskInstance: parquet_in_minio.upload_to_minio scheduled__2024-04-01T00:00:00+00:00 [queued]>
[2025-08-01T04:31:49.678+0000] {taskinstance.py:2306} INFO - Starting attempt 1 of 4
[2025-08-01T04:31:49.707+0000] {taskinstance.py:2330} INFO - Executing <Task(PythonOperator): upload_to_minio> on 2024-04-01 00:00:00+00:00
[2025-08-01T04:31:49.718+0000] {standard_task_runner.py:63} INFO - Started process 1587 to run task
[2025-08-01T04:31:49.726+0000] {standard_task_runner.py:90} INFO - Running: ['***', 'tasks', 'run', 'parquet_in_minio', 'upload_to_minio', 'scheduled__2024-04-01T00:00:00+00:00', '--job-id', '383', '--raw', '--subdir', 'DAGS_FOLDER/parquet_to_minio.py', '--cfg-path', '/tmp/tmpspmbz4ct']
[2025-08-01T04:31:49.730+0000] {standard_task_runner.py:91} INFO - Job 383: Subtask upload_to_minio
[2025-08-01T04:31:49.761+0000] {logging_mixin.py:188} WARNING - /home/***/.local/lib/python3.10/site-packages/***/settings.py:195 DeprecationWarning: The sql_alchemy_conn option in [core] has been moved to the sql_alchemy_conn option in [database] - the old setting has been used, but please update your config.
[2025-08-01T04:31:49.810+0000] {task_command.py:426} INFO - Running <TaskInstance: parquet_in_minio.upload_to_minio scheduled__2024-04-01T00:00:00+00:00 [running]> on host 87b19f697adc
[2025-08-01T04:31:49.963+0000] {taskinstance.py:2648} INFO - Exporting env vars: AIRFLOW_CTX_DAG_OWNER='***' AIRFLOW_CTX_DAG_ID='parquet_in_minio' AIRFLOW_CTX_TASK_ID='upload_to_minio' AIRFLOW_CTX_EXECUTION_DATE='2024-04-01T00:00:00+00:00' AIRFLOW_CTX_TRY_NUMBER='1' AIRFLOW_CTX_DAG_RUN_ID='scheduled__2024-04-01T00:00:00+00:00'
[2025-08-01T04:31:49.964+0000] {taskinstance.py:430} INFO - ::endgroup::
[2025-08-01T04:31:49.977+0000] {logging_mixin.py:188} WARNING - /home/***/.local/lib/python3.10/site-packages/***/utils/context.py:320 AirflowContextDeprecationWarning: Accessing 'execution_date' from the template is deprecated and will be removed in a future version. Please use 'data_interval_start' or 'logical_date' instead.
[2025-08-01T04:31:50.105+0000] {python.py:237} INFO - Done. Returned value was: None
[2025-08-01T04:31:50.106+0000] {taskinstance.py:441} INFO - ::group::Post task execution logs
[2025-08-01T04:31:50.114+0000] {taskinstance.py:1206} INFO - Marking task as SUCCESS. dag_id=parquet_in_minio, task_id=upload_to_minio, run_id=scheduled__2024-04-01T00:00:00+00:00, execution_date=20240401T000000, start_date=20250801T043149, end_date=20250801T043150
[2025-08-01T04:31:50.136+0000] {local_task_job_runner.py:240} INFO - Task exited with return code 0
[2025-08-01T04:31:50.154+0000] {taskinstance.py:3498} INFO - 1 downstream tasks scheduled from follow-on schedule check
[2025-08-01T04:31:50.155+0000] {local_task_job_runner.py:222} INFO - ::endgroup::
[2025-08-28T03:54:22.815+0000] {local_task_job_runner.py:120} INFO - ::group::Pre task execution logs
[2025-08-28T03:54:22.834+0000] {taskinstance.py:2076} INFO - Dependencies all met for dep_context=non-requeueable deps ti=<TaskInstance: parquet_in_minio.upload_to_minio scheduled__2024-04-01T00:00:00+00:00 [queued]>
[2025-08-28T03:54:22.839+0000] {taskinstance.py:2076} INFO - Dependencies all met for dep_context=requeueable deps ti=<TaskInstance: parquet_in_minio.upload_to_minio scheduled__2024-04-01T00:00:00+00:00 [queued]>
[2025-08-28T03:54:22.839+0000] {taskinstance.py:2306} INFO - Starting attempt 1 of 4
[2025-08-28T03:54:22.847+0000] {taskinstance.py:2330} INFO - Executing <Task(PythonOperator): upload_to_minio> on 2024-04-01 00:00:00+00:00
[2025-08-28T03:54:22.851+0000] {standard_task_runner.py:63} INFO - Started process 1013 to run task
[2025-08-28T03:54:22.853+0000] {standard_task_runner.py:90} INFO - Running: ['***', 'tasks', 'run', 'parquet_in_minio', 'upload_to_minio', 'scheduled__2024-04-01T00:00:00+00:00', '--job-id', '619', '--raw', '--subdir', 'DAGS_FOLDER/parquet_to_minio.py', '--cfg-path', '/tmp/tmpjask8qs7']
[2025-08-28T03:54:22.855+0000] {standard_task_runner.py:91} INFO - Job 619: Subtask upload_to_minio
[2025-08-28T03:54:22.866+0000] {logging_mixin.py:188} WARNING - /home/***/.local/lib/python3.10/site-packages/***/settings.py:195 DeprecationWarning: The sql_alchemy_conn option in [core] has been moved to the sql_alchemy_conn option in [database] - the old setting has been used, but please update your config.
[2025-08-28T03:54:22.892+0000] {task_command.py:426} INFO - Running <TaskInstance: parquet_in_minio.upload_to_minio scheduled__2024-04-01T00:00:00+00:00 [running]> on host c3d91d0460b0
[2025-08-28T03:54:22.951+0000] {taskinstance.py:2648} INFO - Exporting env vars: AIRFLOW_CTX_DAG_OWNER='***' AIRFLOW_CTX_DAG_ID='parquet_in_minio' AIRFLOW_CTX_TASK_ID='upload_to_minio' AIRFLOW_CTX_EXECUTION_DATE='2024-04-01T00:00:00+00:00' AIRFLOW_CTX_TRY_NUMBER='1' AIRFLOW_CTX_DAG_RUN_ID='scheduled__2024-04-01T00:00:00+00:00'
[2025-08-28T03:54:22.951+0000] {taskinstance.py:430} INFO - ::endgroup::
[2025-08-28T03:54:22.959+0000] {logging_mixin.py:188} WARNING - /home/***/.local/lib/python3.10/site-packages/***/utils/context.py:320 AirflowContextDeprecationWarning: Accessing 'execution_date' from the template is deprecated and will be removed in a future version. Please use 'data_interval_start' or 'logical_date' instead.
[2025-08-28T03:54:23.042+0000] {python.py:237} INFO - Done. Returned value was: None
[2025-08-28T03:54:23.043+0000] {taskinstance.py:441} INFO - ::group::Post task execution logs
[2025-08-28T03:54:23.050+0000] {taskinstance.py:1206} INFO - Marking task as SUCCESS. dag_id=parquet_in_minio, task_id=upload_to_minio, run_id=scheduled__2024-04-01T00:00:00+00:00, execution_date=20240401T000000, start_date=20250828T035422, end_date=20250828T035423
[2025-08-28T03:54:23.065+0000] {local_task_job_runner.py:240} INFO - Task exited with return code 0
[2025-08-28T03:54:23.082+0000] {taskinstance.py:3498} INFO - 1 downstream tasks scheduled from follow-on schedule check
[2025-08-28T03:54:23.083+0000] {local_task_job_runner.py:222} INFO - ::endgroup::
