[2025-08-01T04:31:44.743+0000] {local_task_job_runner.py:120} INFO - ::group::Pre task execution logs
[2025-08-01T04:31:44.767+0000] {taskinstance.py:2076} INFO - Dependencies all met for dep_context=non-requeueable deps ti=<TaskInstance: parquet_in_minio.download_parquet scheduled__2024-01-01T00:00:00+00:00 [queued]>
[2025-08-01T04:31:44.773+0000] {taskinstance.py:2076} INFO - Dependencies all met for dep_context=requeueable deps ti=<TaskInstance: parquet_in_minio.download_parquet scheduled__2024-01-01T00:00:00+00:00 [queued]>
[2025-08-01T04:31:44.773+0000] {taskinstance.py:2306} INFO - Starting attempt 1 of 6
[2025-08-01T04:31:44.816+0000] {taskinstance.py:2330} INFO - Executing <Task(PythonOperator): download_parquet> on 2024-01-01 00:00:00+00:00
[2025-08-01T04:31:44.820+0000] {standard_task_runner.py:63} INFO - Started process 1513 to run task
[2025-08-01T04:31:44.823+0000] {standard_task_runner.py:90} INFO - Running: ['***', 'tasks', 'run', 'parquet_in_minio', 'download_parquet', 'scheduled__2024-01-01T00:00:00+00:00', '--job-id', '356', '--raw', '--subdir', 'DAGS_FOLDER/parquet_to_minio.py', '--cfg-path', '/tmp/tmp6m4vxa56']
[2025-08-01T04:31:44.824+0000] {standard_task_runner.py:91} INFO - Job 356: Subtask download_parquet
[2025-08-01T04:31:44.840+0000] {logging_mixin.py:188} WARNING - /home/***/.local/lib/python3.10/site-packages/***/settings.py:195 DeprecationWarning: The sql_alchemy_conn option in [core] has been moved to the sql_alchemy_conn option in [database] - the old setting has been used, but please update your config.
[2025-08-01T04:31:44.870+0000] {task_command.py:426} INFO - Running <TaskInstance: parquet_in_minio.download_parquet scheduled__2024-01-01T00:00:00+00:00 [running]> on host 87b19f697adc
[2025-08-01T04:31:44.940+0000] {taskinstance.py:2648} INFO - Exporting env vars: AIRFLOW_CTX_DAG_OWNER='***' AIRFLOW_CTX_DAG_ID='parquet_in_minio' AIRFLOW_CTX_TASK_ID='download_parquet' AIRFLOW_CTX_EXECUTION_DATE='2024-01-01T00:00:00+00:00' AIRFLOW_CTX_TRY_NUMBER='1' AIRFLOW_CTX_DAG_RUN_ID='scheduled__2024-01-01T00:00:00+00:00'
[2025-08-01T04:31:44.941+0000] {taskinstance.py:430} INFO - ::endgroup::
[2025-08-01T04:31:44.951+0000] {logging_mixin.py:188} WARNING - /home/***/.local/lib/python3.10/site-packages/***/utils/context.py:320 AirflowContextDeprecationWarning: Accessing 'execution_date' from the template is deprecated and will be removed in a future version. Please use 'data_interval_start' or 'logical_date' instead.
[2025-08-01T04:31:47.808+0000] {python.py:237} INFO - Done. Returned value was: None
[2025-08-01T04:31:47.809+0000] {taskinstance.py:441} INFO - ::group::Post task execution logs
[2025-08-01T04:31:47.819+0000] {taskinstance.py:1206} INFO - Marking task as SUCCESS. dag_id=parquet_in_minio, task_id=download_parquet, run_id=scheduled__2024-01-01T00:00:00+00:00, execution_date=20240101T000000, start_date=20250801T043144, end_date=20250801T043147
[2025-08-01T04:31:47.841+0000] {local_task_job_runner.py:240} INFO - Task exited with return code 0
[2025-08-01T04:31:47.860+0000] {taskinstance.py:3498} INFO - 1 downstream tasks scheduled from follow-on schedule check
[2025-08-01T04:31:47.862+0000] {local_task_job_runner.py:222} INFO - ::endgroup::
[2025-08-28T03:48:53.413+0000] {local_task_job_runner.py:120} INFO - ::group::Pre task execution logs
[2025-08-28T03:48:53.444+0000] {taskinstance.py:2076} INFO - Dependencies all met for dep_context=non-requeueable deps ti=<TaskInstance: parquet_in_minio.download_parquet scheduled__2024-01-01T00:00:00+00:00 [queued]>
[2025-08-28T03:48:53.450+0000] {taskinstance.py:2076} INFO - Dependencies all met for dep_context=requeueable deps ti=<TaskInstance: parquet_in_minio.download_parquet scheduled__2024-01-01T00:00:00+00:00 [queued]>
[2025-08-28T03:48:53.450+0000] {taskinstance.py:2306} INFO - Starting attempt 1 of 6
[2025-08-28T03:48:53.490+0000] {taskinstance.py:2330} INFO - Executing <Task(PythonOperator): download_parquet> on 2024-01-01 00:00:00+00:00
[2025-08-28T03:48:53.495+0000] {standard_task_runner.py:63} INFO - Started process 698 to run task
[2025-08-28T03:48:53.498+0000] {standard_task_runner.py:90} INFO - Running: ['***', 'tasks', 'run', 'parquet_in_minio', 'download_parquet', 'scheduled__2024-01-01T00:00:00+00:00', '--job-id', '549', '--raw', '--subdir', 'DAGS_FOLDER/parquet_to_minio.py', '--cfg-path', '/tmp/tmp97dh4myy']
[2025-08-28T03:48:53.501+0000] {standard_task_runner.py:91} INFO - Job 549: Subtask download_parquet
[2025-08-28T03:48:53.516+0000] {logging_mixin.py:188} WARNING - /home/***/.local/lib/python3.10/site-packages/***/settings.py:195 DeprecationWarning: The sql_alchemy_conn option in [core] has been moved to the sql_alchemy_conn option in [database] - the old setting has been used, but please update your config.
[2025-08-28T03:48:53.548+0000] {task_command.py:426} INFO - Running <TaskInstance: parquet_in_minio.download_parquet scheduled__2024-01-01T00:00:00+00:00 [running]> on host c3d91d0460b0
[2025-08-28T03:48:53.613+0000] {taskinstance.py:2648} INFO - Exporting env vars: AIRFLOW_CTX_DAG_OWNER='***' AIRFLOW_CTX_DAG_ID='parquet_in_minio' AIRFLOW_CTX_TASK_ID='download_parquet' AIRFLOW_CTX_EXECUTION_DATE='2024-01-01T00:00:00+00:00' AIRFLOW_CTX_TRY_NUMBER='1' AIRFLOW_CTX_DAG_RUN_ID='scheduled__2024-01-01T00:00:00+00:00'
[2025-08-28T03:48:53.614+0000] {taskinstance.py:430} INFO - ::endgroup::
[2025-08-28T03:48:53.624+0000] {logging_mixin.py:188} WARNING - /home/***/.local/lib/python3.10/site-packages/***/utils/context.py:320 AirflowContextDeprecationWarning: Accessing 'execution_date' from the template is deprecated and will be removed in a future version. Please use 'data_interval_start' or 'logical_date' instead.
[2025-08-28T03:53:50.864+0000] {python.py:237} INFO - Done. Returned value was: None
[2025-08-28T03:53:50.865+0000] {taskinstance.py:441} INFO - ::group::Post task execution logs
[2025-08-28T03:53:50.877+0000] {taskinstance.py:1206} INFO - Marking task as SUCCESS. dag_id=parquet_in_minio, task_id=download_parquet, run_id=scheduled__2024-01-01T00:00:00+00:00, execution_date=20240101T000000, start_date=20250828T034853, end_date=20250828T035350
[2025-08-28T03:53:50.931+0000] {local_task_job_runner.py:240} INFO - Task exited with return code 0
[2025-08-28T03:53:50.953+0000] {taskinstance.py:3498} INFO - 1 downstream tasks scheduled from follow-on schedule check
[2025-08-28T03:53:50.955+0000] {local_task_job_runner.py:222} INFO - ::endgroup::
