[2025-08-01T04:31:49.593+0000] {local_task_job_runner.py:120} INFO - ::group::Pre task execution logs
[2025-08-01T04:31:49.634+0000] {taskinstance.py:2076} INFO - Dependencies all met for dep_context=non-requeueable deps ti=<TaskInstance: parquet_in_minio.upload_to_minio scheduled__2024-02-01T00:00:00+00:00 [queued]>
[2025-08-01T04:31:49.644+0000] {taskinstance.py:2076} INFO - Dependencies all met for dep_context=requeueable deps ti=<TaskInstance: parquet_in_minio.upload_to_minio scheduled__2024-02-01T00:00:00+00:00 [queued]>
[2025-08-01T04:31:49.644+0000] {taskinstance.py:2306} INFO - Starting attempt 1 of 4
[2025-08-01T04:31:49.667+0000] {taskinstance.py:2330} INFO - Executing <Task(PythonOperator): upload_to_minio> on 2024-02-01 00:00:00+00:00
[2025-08-01T04:31:49.681+0000] {standard_task_runner.py:63} INFO - Started process 1582 to run task
[2025-08-01T04:31:49.689+0000] {standard_task_runner.py:90} INFO - Running: ['***', 'tasks', 'run', 'parquet_in_minio', 'upload_to_minio', 'scheduled__2024-02-01T00:00:00+00:00', '--job-id', '380', '--raw', '--subdir', 'DAGS_FOLDER/parquet_to_minio.py', '--cfg-path', '/tmp/tmplrj51kcp']
[2025-08-01T04:31:49.694+0000] {standard_task_runner.py:91} INFO - Job 380: Subtask upload_to_minio
[2025-08-01T04:31:49.715+0000] {logging_mixin.py:188} WARNING - /home/***/.local/lib/python3.10/site-packages/***/settings.py:195 DeprecationWarning: The sql_alchemy_conn option in [core] has been moved to the sql_alchemy_conn option in [database] - the old setting has been used, but please update your config.
[2025-08-01T04:31:49.769+0000] {task_command.py:426} INFO - Running <TaskInstance: parquet_in_minio.upload_to_minio scheduled__2024-02-01T00:00:00+00:00 [running]> on host 87b19f697adc
[2025-08-01T04:31:49.911+0000] {taskinstance.py:2648} INFO - Exporting env vars: AIRFLOW_CTX_DAG_OWNER='***' AIRFLOW_CTX_DAG_ID='parquet_in_minio' AIRFLOW_CTX_TASK_ID='upload_to_minio' AIRFLOW_CTX_EXECUTION_DATE='2024-02-01T00:00:00+00:00' AIRFLOW_CTX_TRY_NUMBER='1' AIRFLOW_CTX_DAG_RUN_ID='scheduled__2024-02-01T00:00:00+00:00'
[2025-08-01T04:31:49.912+0000] {taskinstance.py:430} INFO - ::endgroup::
[2025-08-01T04:31:49.929+0000] {logging_mixin.py:188} WARNING - /home/***/.local/lib/python3.10/site-packages/***/utils/context.py:320 AirflowContextDeprecationWarning: Accessing 'execution_date' from the template is deprecated and will be removed in a future version. Please use 'data_interval_start' or 'logical_date' instead.
[2025-08-01T04:31:50.075+0000] {python.py:237} INFO - Done. Returned value was: None
[2025-08-01T04:31:50.075+0000] {taskinstance.py:441} INFO - ::group::Post task execution logs
[2025-08-01T04:31:50.086+0000] {taskinstance.py:1206} INFO - Marking task as SUCCESS. dag_id=parquet_in_minio, task_id=upload_to_minio, run_id=scheduled__2024-02-01T00:00:00+00:00, execution_date=20240201T000000, start_date=20250801T043149, end_date=20250801T043150
[2025-08-01T04:31:50.143+0000] {local_task_job_runner.py:240} INFO - Task exited with return code 0
[2025-08-01T04:31:50.160+0000] {taskinstance.py:3498} INFO - 1 downstream tasks scheduled from follow-on schedule check
[2025-08-01T04:31:50.161+0000] {local_task_job_runner.py:222} INFO - ::endgroup::
[2025-08-28T03:54:00.091+0000] {local_task_job_runner.py:120} INFO - ::group::Pre task execution logs
[2025-08-28T03:54:00.112+0000] {taskinstance.py:2076} INFO - Dependencies all met for dep_context=non-requeueable deps ti=<TaskInstance: parquet_in_minio.upload_to_minio scheduled__2024-02-01T00:00:00+00:00 [queued]>
[2025-08-28T03:54:00.117+0000] {taskinstance.py:2076} INFO - Dependencies all met for dep_context=requeueable deps ti=<TaskInstance: parquet_in_minio.upload_to_minio scheduled__2024-02-01T00:00:00+00:00 [queued]>
[2025-08-28T03:54:00.117+0000] {taskinstance.py:2306} INFO - Starting attempt 1 of 4
[2025-08-28T03:54:00.127+0000] {taskinstance.py:2330} INFO - Executing <Task(PythonOperator): upload_to_minio> on 2024-02-01 00:00:00+00:00
[2025-08-28T03:54:00.131+0000] {standard_task_runner.py:63} INFO - Started process 984 to run task
[2025-08-28T03:54:00.133+0000] {standard_task_runner.py:90} INFO - Running: ['***', 'tasks', 'run', 'parquet_in_minio', 'upload_to_minio', 'scheduled__2024-02-01T00:00:00+00:00', '--job-id', '613', '--raw', '--subdir', 'DAGS_FOLDER/parquet_to_minio.py', '--cfg-path', '/tmp/tmp7uu592z4']
[2025-08-28T03:54:00.135+0000] {standard_task_runner.py:91} INFO - Job 613: Subtask upload_to_minio
[2025-08-28T03:54:00.147+0000] {logging_mixin.py:188} WARNING - /home/***/.local/lib/python3.10/site-packages/***/settings.py:195 DeprecationWarning: The sql_alchemy_conn option in [core] has been moved to the sql_alchemy_conn option in [database] - the old setting has been used, but please update your config.
[2025-08-28T03:54:00.175+0000] {task_command.py:426} INFO - Running <TaskInstance: parquet_in_minio.upload_to_minio scheduled__2024-02-01T00:00:00+00:00 [running]> on host c3d91d0460b0
[2025-08-28T03:54:00.246+0000] {taskinstance.py:2648} INFO - Exporting env vars: AIRFLOW_CTX_DAG_OWNER='***' AIRFLOW_CTX_DAG_ID='parquet_in_minio' AIRFLOW_CTX_TASK_ID='upload_to_minio' AIRFLOW_CTX_EXECUTION_DATE='2024-02-01T00:00:00+00:00' AIRFLOW_CTX_TRY_NUMBER='1' AIRFLOW_CTX_DAG_RUN_ID='scheduled__2024-02-01T00:00:00+00:00'
[2025-08-28T03:54:00.247+0000] {taskinstance.py:430} INFO - ::endgroup::
[2025-08-28T03:54:00.256+0000] {logging_mixin.py:188} WARNING - /home/***/.local/lib/python3.10/site-packages/***/utils/context.py:320 AirflowContextDeprecationWarning: Accessing 'execution_date' from the template is deprecated and will be removed in a future version. Please use 'data_interval_start' or 'logical_date' instead.
[2025-08-28T03:54:00.346+0000] {python.py:237} INFO - Done. Returned value was: None
[2025-08-28T03:54:00.346+0000] {taskinstance.py:441} INFO - ::group::Post task execution logs
[2025-08-28T03:54:00.354+0000] {taskinstance.py:1206} INFO - Marking task as SUCCESS. dag_id=parquet_in_minio, task_id=upload_to_minio, run_id=scheduled__2024-02-01T00:00:00+00:00, execution_date=20240201T000000, start_date=20250828T035400, end_date=20250828T035400
[2025-08-28T03:54:00.385+0000] {local_task_job_runner.py:240} INFO - Task exited with return code 0
[2025-08-28T03:54:00.404+0000] {taskinstance.py:3498} INFO - 1 downstream tasks scheduled from follow-on schedule check
[2025-08-28T03:54:00.405+0000] {local_task_job_runner.py:222} INFO - ::endgroup::
