[2025-08-01T04:31:48.363+0000] {local_task_job_runner.py:120} INFO - ::group::Pre task execution logs
[2025-08-01T04:31:48.399+0000] {taskinstance.py:2076} INFO - Dependencies all met for dep_context=non-requeueable deps ti=<TaskInstance: parquet_in_minio.upload_to_minio scheduled__2024-01-01T00:00:00+00:00 [queued]>
[2025-08-01T04:31:48.409+0000] {taskinstance.py:2076} INFO - Dependencies all met for dep_context=requeueable deps ti=<TaskInstance: parquet_in_minio.upload_to_minio scheduled__2024-01-01T00:00:00+00:00 [queued]>
[2025-08-01T04:31:48.410+0000] {taskinstance.py:2306} INFO - Starting attempt 1 of 4
[2025-08-01T04:31:48.427+0000] {taskinstance.py:2330} INFO - Executing <Task(PythonOperator): upload_to_minio> on 2024-01-01 00:00:00+00:00
[2025-08-01T04:31:48.436+0000] {standard_task_runner.py:63} INFO - Started process 1549 to run task
[2025-08-01T04:31:48.441+0000] {standard_task_runner.py:90} INFO - Running: ['***', 'tasks', 'run', 'parquet_in_minio', 'upload_to_minio', 'scheduled__2024-01-01T00:00:00+00:00', '--job-id', '371', '--raw', '--subdir', 'DAGS_FOLDER/parquet_to_minio.py', '--cfg-path', '/tmp/tmpc1pziebm']
[2025-08-01T04:31:48.444+0000] {standard_task_runner.py:91} INFO - Job 371: Subtask upload_to_minio
[2025-08-01T04:31:48.463+0000] {logging_mixin.py:188} WARNING - /home/***/.local/lib/python3.10/site-packages/***/settings.py:195 DeprecationWarning: The sql_alchemy_conn option in [core] has been moved to the sql_alchemy_conn option in [database] - the old setting has been used, but please update your config.
[2025-08-01T04:31:48.511+0000] {task_command.py:426} INFO - Running <TaskInstance: parquet_in_minio.upload_to_minio scheduled__2024-01-01T00:00:00+00:00 [running]> on host 87b19f697adc
[2025-08-01T04:31:48.624+0000] {taskinstance.py:2648} INFO - Exporting env vars: AIRFLOW_CTX_DAG_OWNER='***' AIRFLOW_CTX_DAG_ID='parquet_in_minio' AIRFLOW_CTX_TASK_ID='upload_to_minio' AIRFLOW_CTX_EXECUTION_DATE='2024-01-01T00:00:00+00:00' AIRFLOW_CTX_TRY_NUMBER='1' AIRFLOW_CTX_DAG_RUN_ID='scheduled__2024-01-01T00:00:00+00:00'
[2025-08-01T04:31:48.625+0000] {taskinstance.py:430} INFO - ::endgroup::
[2025-08-01T04:31:48.638+0000] {logging_mixin.py:188} WARNING - /home/***/.local/lib/python3.10/site-packages/***/utils/context.py:320 AirflowContextDeprecationWarning: Accessing 'execution_date' from the template is deprecated and will be removed in a future version. Please use 'data_interval_start' or 'logical_date' instead.
[2025-08-01T04:31:48.749+0000] {python.py:237} INFO - Done. Returned value was: None
[2025-08-01T04:31:48.750+0000] {taskinstance.py:441} INFO - ::group::Post task execution logs
[2025-08-01T04:31:48.760+0000] {taskinstance.py:1206} INFO - Marking task as SUCCESS. dag_id=parquet_in_minio, task_id=upload_to_minio, run_id=scheduled__2024-01-01T00:00:00+00:00, execution_date=20240101T000000, start_date=20250801T043148, end_date=20250801T043148
[2025-08-01T04:31:48.813+0000] {local_task_job_runner.py:240} INFO - Task exited with return code 0
[2025-08-01T04:31:48.831+0000] {taskinstance.py:3498} INFO - 1 downstream tasks scheduled from follow-on schedule check
[2025-08-01T04:31:48.833+0000] {local_task_job_runner.py:222} INFO - ::endgroup::
[2025-08-28T03:53:51.316+0000] {local_task_job_runner.py:120} INFO - ::group::Pre task execution logs
[2025-08-28T03:53:51.336+0000] {taskinstance.py:2076} INFO - Dependencies all met for dep_context=non-requeueable deps ti=<TaskInstance: parquet_in_minio.upload_to_minio scheduled__2024-01-01T00:00:00+00:00 [queued]>
[2025-08-28T03:53:51.341+0000] {taskinstance.py:2076} INFO - Dependencies all met for dep_context=requeueable deps ti=<TaskInstance: parquet_in_minio.upload_to_minio scheduled__2024-01-01T00:00:00+00:00 [queued]>
[2025-08-28T03:53:51.342+0000] {taskinstance.py:2306} INFO - Starting attempt 1 of 4
[2025-08-28T03:53:51.351+0000] {taskinstance.py:2330} INFO - Executing <Task(PythonOperator): upload_to_minio> on 2024-01-01 00:00:00+00:00
[2025-08-28T03:53:51.356+0000] {standard_task_runner.py:63} INFO - Started process 972 to run task
[2025-08-28T03:53:51.359+0000] {standard_task_runner.py:90} INFO - Running: ['***', 'tasks', 'run', 'parquet_in_minio', 'upload_to_minio', 'scheduled__2024-01-01T00:00:00+00:00', '--job-id', '609', '--raw', '--subdir', 'DAGS_FOLDER/parquet_to_minio.py', '--cfg-path', '/tmp/tmp8miztob1']
[2025-08-28T03:53:51.360+0000] {standard_task_runner.py:91} INFO - Job 609: Subtask upload_to_minio
[2025-08-28T03:53:51.372+0000] {logging_mixin.py:188} WARNING - /home/***/.local/lib/python3.10/site-packages/***/settings.py:195 DeprecationWarning: The sql_alchemy_conn option in [core] has been moved to the sql_alchemy_conn option in [database] - the old setting has been used, but please update your config.
[2025-08-28T03:53:51.399+0000] {task_command.py:426} INFO - Running <TaskInstance: parquet_in_minio.upload_to_minio scheduled__2024-01-01T00:00:00+00:00 [running]> on host c3d91d0460b0
[2025-08-28T03:53:51.465+0000] {taskinstance.py:2648} INFO - Exporting env vars: AIRFLOW_CTX_DAG_OWNER='***' AIRFLOW_CTX_DAG_ID='parquet_in_minio' AIRFLOW_CTX_TASK_ID='upload_to_minio' AIRFLOW_CTX_EXECUTION_DATE='2024-01-01T00:00:00+00:00' AIRFLOW_CTX_TRY_NUMBER='1' AIRFLOW_CTX_DAG_RUN_ID='scheduled__2024-01-01T00:00:00+00:00'
[2025-08-28T03:53:51.465+0000] {taskinstance.py:430} INFO - ::endgroup::
[2025-08-28T03:53:51.475+0000] {logging_mixin.py:188} WARNING - /home/***/.local/lib/python3.10/site-packages/***/utils/context.py:320 AirflowContextDeprecationWarning: Accessing 'execution_date' from the template is deprecated and will be removed in a future version. Please use 'data_interval_start' or 'logical_date' instead.
[2025-08-28T03:53:51.563+0000] {python.py:237} INFO - Done. Returned value was: None
[2025-08-28T03:53:51.563+0000] {taskinstance.py:441} INFO - ::group::Post task execution logs
[2025-08-28T03:53:51.571+0000] {taskinstance.py:1206} INFO - Marking task as SUCCESS. dag_id=parquet_in_minio, task_id=upload_to_minio, run_id=scheduled__2024-01-01T00:00:00+00:00, execution_date=20240101T000000, start_date=20250828T035351, end_date=20250828T035351
[2025-08-28T03:53:51.611+0000] {local_task_job_runner.py:240} INFO - Task exited with return code 0
[2025-08-28T03:53:51.632+0000] {taskinstance.py:3498} INFO - 1 downstream tasks scheduled from follow-on schedule check
[2025-08-28T03:53:51.634+0000] {local_task_job_runner.py:222} INFO - ::endgroup::
