[2025-08-01T04:37:11.655+0000] {local_task_job_runner.py:120} INFO - ::group::Pre task execution logs
[2025-08-01T04:37:11.691+0000] {taskinstance.py:2076} INFO - Dependencies all met for dep_context=non-requeueable deps ti=<TaskInstance: parquet_in_minio.upload_to_minio scheduled__2024-10-01T00:00:00+00:00 [queued]>
[2025-08-01T04:37:11.697+0000] {taskinstance.py:2076} INFO - Dependencies all met for dep_context=requeueable deps ti=<TaskInstance: parquet_in_minio.upload_to_minio scheduled__2024-10-01T00:00:00+00:00 [queued]>
[2025-08-01T04:37:11.697+0000] {taskinstance.py:2306} INFO - Starting attempt 1 of 4
[2025-08-01T04:37:11.705+0000] {taskinstance.py:2330} INFO - Executing <Task(PythonOperator): upload_to_minio> on 2024-10-01 00:00:00+00:00
[2025-08-01T04:37:11.711+0000] {standard_task_runner.py:63} INFO - Started process 1967 to run task
[2025-08-01T04:37:11.714+0000] {standard_task_runner.py:90} INFO - Running: ['***', 'tasks', 'run', 'parquet_in_minio', 'upload_to_minio', 'scheduled__2024-10-01T00:00:00+00:00', '--job-id', '470', '--raw', '--subdir', 'DAGS_FOLDER/parquet_to_minio.py', '--cfg-path', '/tmp/tmpuipybs2m']
[2025-08-01T04:37:11.715+0000] {standard_task_runner.py:91} INFO - Job 470: Subtask upload_to_minio
[2025-08-01T04:37:11.728+0000] {logging_mixin.py:188} WARNING - /home/***/.local/lib/python3.10/site-packages/***/settings.py:195 DeprecationWarning: The sql_alchemy_conn option in [core] has been moved to the sql_alchemy_conn option in [database] - the old setting has been used, but please update your config.
[2025-08-01T04:37:11.753+0000] {task_command.py:426} INFO - Running <TaskInstance: parquet_in_minio.upload_to_minio scheduled__2024-10-01T00:00:00+00:00 [running]> on host 87b19f697adc
[2025-08-01T04:37:11.821+0000] {taskinstance.py:2648} INFO - Exporting env vars: AIRFLOW_CTX_DAG_OWNER='***' AIRFLOW_CTX_DAG_ID='parquet_in_minio' AIRFLOW_CTX_TASK_ID='upload_to_minio' AIRFLOW_CTX_EXECUTION_DATE='2024-10-01T00:00:00+00:00' AIRFLOW_CTX_TRY_NUMBER='1' AIRFLOW_CTX_DAG_RUN_ID='scheduled__2024-10-01T00:00:00+00:00'
[2025-08-01T04:37:11.822+0000] {taskinstance.py:430} INFO - ::endgroup::
[2025-08-01T04:37:11.830+0000] {logging_mixin.py:188} WARNING - /home/***/.local/lib/python3.10/site-packages/***/utils/context.py:320 AirflowContextDeprecationWarning: Accessing 'execution_date' from the template is deprecated and will be removed in a future version. Please use 'data_interval_start' or 'logical_date' instead.
[2025-08-01T04:37:11.925+0000] {python.py:237} INFO - Done. Returned value was: None
[2025-08-01T04:37:11.925+0000] {taskinstance.py:441} INFO - ::group::Post task execution logs
[2025-08-01T04:37:11.933+0000] {taskinstance.py:1206} INFO - Marking task as SUCCESS. dag_id=parquet_in_minio, task_id=upload_to_minio, run_id=scheduled__2024-10-01T00:00:00+00:00, execution_date=20241001T000000, start_date=20250801T043711, end_date=20250801T043711
[2025-08-01T04:37:11.966+0000] {local_task_job_runner.py:240} INFO - Task exited with return code 0
[2025-08-01T04:37:11.974+0000] {local_task_job_runner.py:222} INFO - ::endgroup::
[2025-08-28T03:51:53.820+0000] {local_task_job_runner.py:120} INFO - ::group::Pre task execution logs
[2025-08-28T03:51:53.839+0000] {taskinstance.py:2076} INFO - Dependencies all met for dep_context=non-requeueable deps ti=<TaskInstance: parquet_in_minio.upload_to_minio scheduled__2024-10-01T00:00:00+00:00 [queued]>
[2025-08-28T03:51:53.844+0000] {taskinstance.py:2076} INFO - Dependencies all met for dep_context=requeueable deps ti=<TaskInstance: parquet_in_minio.upload_to_minio scheduled__2024-10-01T00:00:00+00:00 [queued]>
[2025-08-28T03:51:53.844+0000] {taskinstance.py:2306} INFO - Starting attempt 1 of 4
[2025-08-28T03:51:53.851+0000] {taskinstance.py:2330} INFO - Executing <Task(PythonOperator): upload_to_minio> on 2024-10-01 00:00:00+00:00
[2025-08-28T03:51:53.856+0000] {standard_task_runner.py:63} INFO - Started process 842 to run task
[2025-08-28T03:51:53.858+0000] {standard_task_runner.py:90} INFO - Running: ['***', 'tasks', 'run', 'parquet_in_minio', 'upload_to_minio', 'scheduled__2024-10-01T00:00:00+00:00', '--job-id', '578', '--raw', '--subdir', 'DAGS_FOLDER/parquet_to_minio.py', '--cfg-path', '/tmp/tmpsf27x9hi']
[2025-08-28T03:51:53.860+0000] {standard_task_runner.py:91} INFO - Job 578: Subtask upload_to_minio
[2025-08-28T03:51:53.871+0000] {logging_mixin.py:188} WARNING - /home/***/.local/lib/python3.10/site-packages/***/settings.py:195 DeprecationWarning: The sql_alchemy_conn option in [core] has been moved to the sql_alchemy_conn option in [database] - the old setting has been used, but please update your config.
[2025-08-28T03:51:53.897+0000] {task_command.py:426} INFO - Running <TaskInstance: parquet_in_minio.upload_to_minio scheduled__2024-10-01T00:00:00+00:00 [running]> on host c3d91d0460b0
[2025-08-28T03:51:53.958+0000] {taskinstance.py:2648} INFO - Exporting env vars: AIRFLOW_CTX_DAG_OWNER='***' AIRFLOW_CTX_DAG_ID='parquet_in_minio' AIRFLOW_CTX_TASK_ID='upload_to_minio' AIRFLOW_CTX_EXECUTION_DATE='2024-10-01T00:00:00+00:00' AIRFLOW_CTX_TRY_NUMBER='1' AIRFLOW_CTX_DAG_RUN_ID='scheduled__2024-10-01T00:00:00+00:00'
[2025-08-28T03:51:53.958+0000] {taskinstance.py:430} INFO - ::endgroup::
[2025-08-28T03:51:53.967+0000] {logging_mixin.py:188} WARNING - /home/***/.local/lib/python3.10/site-packages/***/utils/context.py:320 AirflowContextDeprecationWarning: Accessing 'execution_date' from the template is deprecated and will be removed in a future version. Please use 'data_interval_start' or 'logical_date' instead.
[2025-08-28T03:51:54.051+0000] {python.py:237} INFO - Done. Returned value was: None
[2025-08-28T03:51:54.052+0000] {taskinstance.py:441} INFO - ::group::Post task execution logs
[2025-08-28T03:51:54.059+0000] {taskinstance.py:1206} INFO - Marking task as SUCCESS. dag_id=parquet_in_minio, task_id=upload_to_minio, run_id=scheduled__2024-10-01T00:00:00+00:00, execution_date=20241001T000000, start_date=20250828T035153, end_date=20250828T035154
[2025-08-28T03:51:54.110+0000] {local_task_job_runner.py:240} INFO - Task exited with return code 0
[2025-08-28T03:51:54.132+0000] {taskinstance.py:3498} INFO - 1 downstream tasks scheduled from follow-on schedule check
[2025-08-28T03:51:54.134+0000] {local_task_job_runner.py:222} INFO - ::endgroup::
