[2025-08-01T04:31:54.080+0000] {local_task_job_runner.py:120} INFO - ::group::Pre task execution logs
[2025-08-01T04:31:54.102+0000] {taskinstance.py:2076} INFO - Dependencies all met for dep_context=non-requeueable deps ti=<TaskInstance: parquet_in_minio.upload_to_minio scheduled__2024-07-01T00:00:00+00:00 [queued]>
[2025-08-01T04:31:54.108+0000] {taskinstance.py:2076} INFO - Dependencies all met for dep_context=requeueable deps ti=<TaskInstance: parquet_in_minio.upload_to_minio scheduled__2024-07-01T00:00:00+00:00 [queued]>
[2025-08-01T04:31:54.108+0000] {taskinstance.py:2306} INFO - Starting attempt 1 of 4
[2025-08-01T04:31:54.116+0000] {taskinstance.py:2330} INFO - Executing <Task(PythonOperator): upload_to_minio> on 2024-07-01 00:00:00+00:00
[2025-08-01T04:31:54.121+0000] {standard_task_runner.py:63} INFO - Started process 1625 to run task
[2025-08-01T04:31:54.123+0000] {standard_task_runner.py:90} INFO - Running: ['***', 'tasks', 'run', 'parquet_in_minio', 'upload_to_minio', 'scheduled__2024-07-01T00:00:00+00:00', '--job-id', '393', '--raw', '--subdir', 'DAGS_FOLDER/parquet_to_minio.py', '--cfg-path', '/tmp/tmpms9gbg44']
[2025-08-01T04:31:54.125+0000] {standard_task_runner.py:91} INFO - Job 393: Subtask upload_to_minio
[2025-08-01T04:31:54.137+0000] {logging_mixin.py:188} WARNING - /home/***/.local/lib/python3.10/site-packages/***/settings.py:195 DeprecationWarning: The sql_alchemy_conn option in [core] has been moved to the sql_alchemy_conn option in [database] - the old setting has been used, but please update your config.
[2025-08-01T04:31:54.163+0000] {task_command.py:426} INFO - Running <TaskInstance: parquet_in_minio.upload_to_minio scheduled__2024-07-01T00:00:00+00:00 [running]> on host 87b19f697adc
[2025-08-01T04:31:54.232+0000] {taskinstance.py:2648} INFO - Exporting env vars: AIRFLOW_CTX_DAG_OWNER='***' AIRFLOW_CTX_DAG_ID='parquet_in_minio' AIRFLOW_CTX_TASK_ID='upload_to_minio' AIRFLOW_CTX_EXECUTION_DATE='2024-07-01T00:00:00+00:00' AIRFLOW_CTX_TRY_NUMBER='1' AIRFLOW_CTX_DAG_RUN_ID='scheduled__2024-07-01T00:00:00+00:00'
[2025-08-01T04:31:54.233+0000] {taskinstance.py:430} INFO - ::endgroup::
[2025-08-01T04:31:54.242+0000] {logging_mixin.py:188} WARNING - /home/***/.local/lib/python3.10/site-packages/***/utils/context.py:320 AirflowContextDeprecationWarning: Accessing 'execution_date' from the template is deprecated and will be removed in a future version. Please use 'data_interval_start' or 'logical_date' instead.
[2025-08-01T04:31:54.336+0000] {python.py:237} INFO - Done. Returned value was: None
[2025-08-01T04:31:54.337+0000] {taskinstance.py:441} INFO - ::group::Post task execution logs
[2025-08-01T04:31:54.345+0000] {taskinstance.py:1206} INFO - Marking task as SUCCESS. dag_id=parquet_in_minio, task_id=upload_to_minio, run_id=scheduled__2024-07-01T00:00:00+00:00, execution_date=20240701T000000, start_date=20250801T043154, end_date=20250801T043154
[2025-08-01T04:31:54.375+0000] {local_task_job_runner.py:240} INFO - Task exited with return code 0
[2025-08-01T04:31:54.396+0000] {taskinstance.py:3498} INFO - 1 downstream tasks scheduled from follow-on schedule check
[2025-08-01T04:31:54.398+0000] {local_task_job_runner.py:222} INFO - ::endgroup::
[2025-08-28T03:51:06.210+0000] {local_task_job_runner.py:120} INFO - ::group::Pre task execution logs
[2025-08-28T03:51:06.230+0000] {taskinstance.py:2076} INFO - Dependencies all met for dep_context=non-requeueable deps ti=<TaskInstance: parquet_in_minio.upload_to_minio scheduled__2024-07-01T00:00:00+00:00 [queued]>
[2025-08-28T03:51:06.234+0000] {taskinstance.py:2076} INFO - Dependencies all met for dep_context=requeueable deps ti=<TaskInstance: parquet_in_minio.upload_to_minio scheduled__2024-07-01T00:00:00+00:00 [queued]>
[2025-08-28T03:51:06.234+0000] {taskinstance.py:2306} INFO - Starting attempt 1 of 4
[2025-08-28T03:51:06.242+0000] {taskinstance.py:2330} INFO - Executing <Task(PythonOperator): upload_to_minio> on 2024-07-01 00:00:00+00:00
[2025-08-28T03:51:06.246+0000] {standard_task_runner.py:63} INFO - Started process 793 to run task
[2025-08-28T03:51:06.249+0000] {standard_task_runner.py:90} INFO - Running: ['***', 'tasks', 'run', 'parquet_in_minio', 'upload_to_minio', 'scheduled__2024-07-01T00:00:00+00:00', '--job-id', '566', '--raw', '--subdir', 'DAGS_FOLDER/parquet_to_minio.py', '--cfg-path', '/tmp/tmppbt3o1lh']
[2025-08-28T03:51:06.250+0000] {standard_task_runner.py:91} INFO - Job 566: Subtask upload_to_minio
[2025-08-28T03:51:06.262+0000] {logging_mixin.py:188} WARNING - /home/***/.local/lib/python3.10/site-packages/***/settings.py:195 DeprecationWarning: The sql_alchemy_conn option in [core] has been moved to the sql_alchemy_conn option in [database] - the old setting has been used, but please update your config.
[2025-08-28T03:51:06.289+0000] {task_command.py:426} INFO - Running <TaskInstance: parquet_in_minio.upload_to_minio scheduled__2024-07-01T00:00:00+00:00 [running]> on host c3d91d0460b0
[2025-08-28T03:51:06.350+0000] {taskinstance.py:2648} INFO - Exporting env vars: AIRFLOW_CTX_DAG_OWNER='***' AIRFLOW_CTX_DAG_ID='parquet_in_minio' AIRFLOW_CTX_TASK_ID='upload_to_minio' AIRFLOW_CTX_EXECUTION_DATE='2024-07-01T00:00:00+00:00' AIRFLOW_CTX_TRY_NUMBER='1' AIRFLOW_CTX_DAG_RUN_ID='scheduled__2024-07-01T00:00:00+00:00'
[2025-08-28T03:51:06.350+0000] {taskinstance.py:430} INFO - ::endgroup::
[2025-08-28T03:51:06.358+0000] {logging_mixin.py:188} WARNING - /home/***/.local/lib/python3.10/site-packages/***/utils/context.py:320 AirflowContextDeprecationWarning: Accessing 'execution_date' from the template is deprecated and will be removed in a future version. Please use 'data_interval_start' or 'logical_date' instead.
[2025-08-28T03:51:06.442+0000] {python.py:237} INFO - Done. Returned value was: None
[2025-08-28T03:51:06.443+0000] {taskinstance.py:441} INFO - ::group::Post task execution logs
[2025-08-28T03:51:06.450+0000] {taskinstance.py:1206} INFO - Marking task as SUCCESS. dag_id=parquet_in_minio, task_id=upload_to_minio, run_id=scheduled__2024-07-01T00:00:00+00:00, execution_date=20240701T000000, start_date=20250828T035106, end_date=20250828T035106
[2025-08-28T03:51:06.500+0000] {local_task_job_runner.py:240} INFO - Task exited with return code 0
[2025-08-28T03:51:06.511+0000] {local_task_job_runner.py:222} INFO - ::endgroup::
