[2025-08-28T05:00:01.720+0000] {local_task_job_runner.py:120} INFO - ::group::Pre task execution logs
[2025-08-28T05:00:01.742+0000] {taskinstance.py:2076} INFO - Dependencies all met for dep_context=non-requeueable deps ti=<TaskInstance: minio_to_postgres.load_and_track scheduled__2025-08-28T04:00:00+00:00 [queued]>
[2025-08-28T05:00:01.748+0000] {taskinstance.py:2076} INFO - Dependencies all met for dep_context=requeueable deps ti=<TaskInstance: minio_to_postgres.load_and_track scheduled__2025-08-28T04:00:00+00:00 [queued]>
[2025-08-28T05:00:01.748+0000] {taskinstance.py:2306} INFO - Starting attempt 1 of 2
[2025-08-28T05:00:01.756+0000] {taskinstance.py:2330} INFO - Executing <Task(PythonOperator): load_and_track> on 2025-08-28 04:00:00+00:00
[2025-08-28T05:00:01.762+0000] {standard_task_runner.py:63} INFO - Started process 2605 to run task
[2025-08-28T05:00:01.764+0000] {standard_task_runner.py:90} INFO - Running: ['***', 'tasks', 'run', 'minio_to_postgres', 'load_and_track', 'scheduled__2025-08-28T04:00:00+00:00', '--job-id', '657', '--raw', '--subdir', 'DAGS_FOLDER/minio_to_postgres.py', '--cfg-path', '/tmp/tmp6y1c_l33']
[2025-08-28T05:00:01.766+0000] {standard_task_runner.py:91} INFO - Job 657: Subtask load_and_track
[2025-08-28T05:00:01.777+0000] {logging_mixin.py:188} WARNING - /home/***/.local/lib/python3.10/site-packages/***/settings.py:195 DeprecationWarning: The sql_alchemy_conn option in [core] has been moved to the sql_alchemy_conn option in [database] - the old setting has been used, but please update your config.
[2025-08-28T05:00:01.801+0000] {task_command.py:426} INFO - Running <TaskInstance: minio_to_postgres.load_and_track scheduled__2025-08-28T04:00:00+00:00 [running]> on host c3d91d0460b0
[2025-08-28T05:00:01.865+0000] {taskinstance.py:2648} INFO - Exporting env vars: AIRFLOW_CTX_DAG_OWNER='***' AIRFLOW_CTX_DAG_ID='minio_to_postgres' AIRFLOW_CTX_TASK_ID='load_and_track' AIRFLOW_CTX_EXECUTION_DATE='2025-08-28T04:00:00+00:00' AIRFLOW_CTX_TRY_NUMBER='1' AIRFLOW_CTX_DAG_RUN_ID='scheduled__2025-08-28T04:00:00+00:00'
[2025-08-28T05:00:01.865+0000] {taskinstance.py:430} INFO - ::endgroup::
[2025-08-28T05:00:01.992+0000] {logging_mixin.py:188} WARNING - /home/***/.local/lib/python3.10/site-packages/***/utils/context.py:320 AirflowContextDeprecationWarning: Accessing 'execution_date' from the template is deprecated and will be removed in a future version. Please use 'data_interval_start' or 'logical_date' instead.
[2025-08-28T05:00:05.687+0000] {logging_mixin.py:188} INFO - green_tripdata_2023-09.parquet → staging.green_tripdata_2023 успешно загружен.
[2025-08-28T05:00:09.529+0000] {logging_mixin.py:188} INFO - green_tripdata_2023-01.parquet → staging.green_tripdata_2023 успешно загружен.
[2025-08-28T05:00:13.051+0000] {logging_mixin.py:188} INFO - green_tripdata_2023-11.parquet → staging.green_tripdata_2023 успешно загружен.
[2025-08-28T05:00:13.053+0000] {python.py:237} INFO - Done. Returned value was: None
[2025-08-28T05:00:13.053+0000] {taskinstance.py:441} INFO - ::group::Post task execution logs
[2025-08-28T05:00:13.061+0000] {taskinstance.py:1206} INFO - Marking task as SUCCESS. dag_id=minio_to_postgres, task_id=load_and_track, run_id=scheduled__2025-08-28T04:00:00+00:00, execution_date=20250828T040000, start_date=20250828T050001, end_date=20250828T050013
[2025-08-28T05:00:13.106+0000] {local_task_job_runner.py:240} INFO - Task exited with return code 0
[2025-08-28T05:00:13.119+0000] {taskinstance.py:3498} INFO - 0 downstream tasks scheduled from follow-on schedule check
[2025-08-28T05:00:13.121+0000] {local_task_job_runner.py:222} INFO - ::endgroup::
