[2025-08-01T04:31:44.858+0000] {local_task_job_runner.py:120} INFO - ::group::Pre task execution logs
[2025-08-01T04:31:44.881+0000] {taskinstance.py:2076} INFO - Dependencies all met for dep_context=non-requeueable deps ti=<TaskInstance: parquet_in_minio.download_parquet scheduled__2024-02-01T00:00:00+00:00 [queued]>
[2025-08-01T04:31:44.886+0000] {taskinstance.py:2076} INFO - Dependencies all met for dep_context=requeueable deps ti=<TaskInstance: parquet_in_minio.download_parquet scheduled__2024-02-01T00:00:00+00:00 [queued]>
[2025-08-01T04:31:44.887+0000] {taskinstance.py:2306} INFO - Starting attempt 1 of 6
[2025-08-01T04:31:44.942+0000] {taskinstance.py:2330} INFO - Executing <Task(PythonOperator): download_parquet> on 2024-02-01 00:00:00+00:00
[2025-08-01T04:31:44.947+0000] {standard_task_runner.py:63} INFO - Started process 1515 to run task
[2025-08-01T04:31:44.950+0000] {standard_task_runner.py:90} INFO - Running: ['***', 'tasks', 'run', 'parquet_in_minio', 'download_parquet', 'scheduled__2024-02-01T00:00:00+00:00', '--job-id', '357', '--raw', '--subdir', 'DAGS_FOLDER/parquet_to_minio.py', '--cfg-path', '/tmp/tmpicwwcu__']
[2025-08-01T04:31:44.951+0000] {standard_task_runner.py:91} INFO - Job 357: Subtask download_parquet
[2025-08-01T04:31:44.966+0000] {logging_mixin.py:188} WARNING - /home/***/.local/lib/python3.10/site-packages/***/settings.py:195 DeprecationWarning: The sql_alchemy_conn option in [core] has been moved to the sql_alchemy_conn option in [database] - the old setting has been used, but please update your config.
[2025-08-01T04:31:44.997+0000] {task_command.py:426} INFO - Running <TaskInstance: parquet_in_minio.download_parquet scheduled__2024-02-01T00:00:00+00:00 [running]> on host 87b19f697adc
[2025-08-01T04:31:45.069+0000] {taskinstance.py:2648} INFO - Exporting env vars: AIRFLOW_CTX_DAG_OWNER='***' AIRFLOW_CTX_DAG_ID='parquet_in_minio' AIRFLOW_CTX_TASK_ID='download_parquet' AIRFLOW_CTX_EXECUTION_DATE='2024-02-01T00:00:00+00:00' AIRFLOW_CTX_TRY_NUMBER='1' AIRFLOW_CTX_DAG_RUN_ID='scheduled__2024-02-01T00:00:00+00:00'
[2025-08-01T04:31:45.070+0000] {taskinstance.py:430} INFO - ::endgroup::
[2025-08-01T04:31:45.079+0000] {logging_mixin.py:188} WARNING - /home/***/.local/lib/python3.10/site-packages/***/utils/context.py:320 AirflowContextDeprecationWarning: Accessing 'execution_date' from the template is deprecated and will be removed in a future version. Please use 'data_interval_start' or 'logical_date' instead.
[2025-08-01T04:31:48.210+0000] {python.py:237} INFO - Done. Returned value was: None
[2025-08-01T04:31:48.211+0000] {taskinstance.py:441} INFO - ::group::Post task execution logs
[2025-08-01T04:31:48.226+0000] {taskinstance.py:1206} INFO - Marking task as SUCCESS. dag_id=parquet_in_minio, task_id=download_parquet, run_id=scheduled__2024-02-01T00:00:00+00:00, execution_date=20240201T000000, start_date=20250801T043144, end_date=20250801T043148
[2025-08-01T04:31:48.370+0000] {local_task_job_runner.py:240} INFO - Task exited with return code 0
[2025-08-01T04:31:48.405+0000] {taskinstance.py:3498} INFO - 1 downstream tasks scheduled from follow-on schedule check
[2025-08-01T04:31:48.409+0000] {local_task_job_runner.py:222} INFO - ::endgroup::
[2025-08-28T03:48:53.533+0000] {local_task_job_runner.py:120} INFO - ::group::Pre task execution logs
[2025-08-28T03:48:53.558+0000] {taskinstance.py:2076} INFO - Dependencies all met for dep_context=non-requeueable deps ti=<TaskInstance: parquet_in_minio.download_parquet scheduled__2024-02-01T00:00:00+00:00 [queued]>
[2025-08-28T03:48:53.565+0000] {taskinstance.py:2076} INFO - Dependencies all met for dep_context=requeueable deps ti=<TaskInstance: parquet_in_minio.download_parquet scheduled__2024-02-01T00:00:00+00:00 [queued]>
[2025-08-28T03:48:53.565+0000] {taskinstance.py:2306} INFO - Starting attempt 1 of 6
[2025-08-28T03:48:53.598+0000] {taskinstance.py:2330} INFO - Executing <Task(PythonOperator): download_parquet> on 2024-02-01 00:00:00+00:00
[2025-08-28T03:48:53.603+0000] {standard_task_runner.py:63} INFO - Started process 700 to run task
[2025-08-28T03:48:53.606+0000] {standard_task_runner.py:90} INFO - Running: ['***', 'tasks', 'run', 'parquet_in_minio', 'download_parquet', 'scheduled__2024-02-01T00:00:00+00:00', '--job-id', '550', '--raw', '--subdir', 'DAGS_FOLDER/parquet_to_minio.py', '--cfg-path', '/tmp/tmp_ht3v1q1']
[2025-08-28T03:48:53.607+0000] {standard_task_runner.py:91} INFO - Job 550: Subtask download_parquet
[2025-08-28T03:48:53.621+0000] {logging_mixin.py:188} WARNING - /home/***/.local/lib/python3.10/site-packages/***/settings.py:195 DeprecationWarning: The sql_alchemy_conn option in [core] has been moved to the sql_alchemy_conn option in [database] - the old setting has been used, but please update your config.
[2025-08-28T03:48:53.649+0000] {task_command.py:426} INFO - Running <TaskInstance: parquet_in_minio.download_parquet scheduled__2024-02-01T00:00:00+00:00 [running]> on host c3d91d0460b0
[2025-08-28T03:48:53.710+0000] {taskinstance.py:2648} INFO - Exporting env vars: AIRFLOW_CTX_DAG_OWNER='***' AIRFLOW_CTX_DAG_ID='parquet_in_minio' AIRFLOW_CTX_TASK_ID='download_parquet' AIRFLOW_CTX_EXECUTION_DATE='2024-02-01T00:00:00+00:00' AIRFLOW_CTX_TRY_NUMBER='1' AIRFLOW_CTX_DAG_RUN_ID='scheduled__2024-02-01T00:00:00+00:00'
[2025-08-28T03:48:53.710+0000] {taskinstance.py:430} INFO - ::endgroup::
[2025-08-28T03:48:53.719+0000] {logging_mixin.py:188} WARNING - /home/***/.local/lib/python3.10/site-packages/***/utils/context.py:320 AirflowContextDeprecationWarning: Accessing 'execution_date' from the template is deprecated and will be removed in a future version. Please use 'data_interval_start' or 'logical_date' instead.
[2025-08-28T03:53:58.873+0000] {python.py:237} INFO - Done. Returned value was: None
[2025-08-28T03:53:58.873+0000] {taskinstance.py:441} INFO - ::group::Post task execution logs
[2025-08-28T03:53:58.882+0000] {taskinstance.py:1206} INFO - Marking task as SUCCESS. dag_id=parquet_in_minio, task_id=download_parquet, run_id=scheduled__2024-02-01T00:00:00+00:00, execution_date=20240201T000000, start_date=20250828T034853, end_date=20250828T035358
[2025-08-28T03:53:58.924+0000] {local_task_job_runner.py:240} INFO - Task exited with return code 0
[2025-08-28T03:53:58.944+0000] {taskinstance.py:3498} INFO - 1 downstream tasks scheduled from follow-on schedule check
[2025-08-28T03:53:58.945+0000] {local_task_job_runner.py:222} INFO - ::endgroup::
