[2025-08-01T04:31:49.683+0000] {local_task_job_runner.py:120} INFO - ::group::Pre task execution logs
[2025-08-01T04:31:49.729+0000] {taskinstance.py:2076} INFO - Dependencies all met for dep_context=non-requeueable deps ti=<TaskInstance: parquet_in_minio.upload_to_minio scheduled__2024-06-01T00:00:00+00:00 [queued]>
[2025-08-01T04:31:49.739+0000] {taskinstance.py:2076} INFO - Dependencies all met for dep_context=requeueable deps ti=<TaskInstance: parquet_in_minio.upload_to_minio scheduled__2024-06-01T00:00:00+00:00 [queued]>
[2025-08-01T04:31:49.740+0000] {taskinstance.py:2306} INFO - Starting attempt 1 of 4
[2025-08-01T04:31:49.759+0000] {taskinstance.py:2330} INFO - Executing <Task(PythonOperator): upload_to_minio> on 2024-06-01 00:00:00+00:00
[2025-08-01T04:31:49.771+0000] {standard_task_runner.py:63} INFO - Started process 1591 to run task
[2025-08-01T04:31:49.777+0000] {standard_task_runner.py:90} INFO - Running: ['***', 'tasks', 'run', 'parquet_in_minio', 'upload_to_minio', 'scheduled__2024-06-01T00:00:00+00:00', '--job-id', '385', '--raw', '--subdir', 'DAGS_FOLDER/parquet_to_minio.py', '--cfg-path', '/tmp/tmpohsrwso9']
[2025-08-01T04:31:49.780+0000] {standard_task_runner.py:91} INFO - Job 385: Subtask upload_to_minio
[2025-08-01T04:31:49.810+0000] {logging_mixin.py:188} WARNING - /home/***/.local/lib/python3.10/site-packages/***/settings.py:195 DeprecationWarning: The sql_alchemy_conn option in [core] has been moved to the sql_alchemy_conn option in [database] - the old setting has been used, but please update your config.
[2025-08-01T04:31:49.864+0000] {task_command.py:426} INFO - Running <TaskInstance: parquet_in_minio.upload_to_minio scheduled__2024-06-01T00:00:00+00:00 [running]> on host 87b19f697adc
[2025-08-01T04:31:49.988+0000] {taskinstance.py:2648} INFO - Exporting env vars: AIRFLOW_CTX_DAG_OWNER='***' AIRFLOW_CTX_DAG_ID='parquet_in_minio' AIRFLOW_CTX_TASK_ID='upload_to_minio' AIRFLOW_CTX_EXECUTION_DATE='2024-06-01T00:00:00+00:00' AIRFLOW_CTX_TRY_NUMBER='1' AIRFLOW_CTX_DAG_RUN_ID='scheduled__2024-06-01T00:00:00+00:00'
[2025-08-01T04:31:49.989+0000] {taskinstance.py:430} INFO - ::endgroup::
[2025-08-01T04:31:50.001+0000] {logging_mixin.py:188} WARNING - /home/***/.local/lib/python3.10/site-packages/***/utils/context.py:320 AirflowContextDeprecationWarning: Accessing 'execution_date' from the template is deprecated and will be removed in a future version. Please use 'data_interval_start' or 'logical_date' instead.
[2025-08-01T04:31:50.122+0000] {python.py:237} INFO - Done. Returned value was: None
[2025-08-01T04:31:50.123+0000] {taskinstance.py:441} INFO - ::group::Post task execution logs
[2025-08-01T04:31:50.130+0000] {taskinstance.py:1206} INFO - Marking task as SUCCESS. dag_id=parquet_in_minio, task_id=upload_to_minio, run_id=scheduled__2024-06-01T00:00:00+00:00, execution_date=20240601T000000, start_date=20250801T043149, end_date=20250801T043150
[2025-08-01T04:31:50.151+0000] {local_task_job_runner.py:240} INFO - Task exited with return code 0
[2025-08-01T04:31:50.168+0000] {taskinstance.py:3498} INFO - 1 downstream tasks scheduled from follow-on schedule check
[2025-08-01T04:31:50.170+0000] {local_task_job_runner.py:222} INFO - ::endgroup::
[2025-08-28T03:51:44.796+0000] {local_task_job_runner.py:120} INFO - ::group::Pre task execution logs
[2025-08-28T03:51:44.815+0000] {taskinstance.py:2076} INFO - Dependencies all met for dep_context=non-requeueable deps ti=<TaskInstance: parquet_in_minio.upload_to_minio scheduled__2024-06-01T00:00:00+00:00 [queued]>
[2025-08-28T03:51:44.820+0000] {taskinstance.py:2076} INFO - Dependencies all met for dep_context=requeueable deps ti=<TaskInstance: parquet_in_minio.upload_to_minio scheduled__2024-06-01T00:00:00+00:00 [queued]>
[2025-08-28T03:51:44.820+0000] {taskinstance.py:2306} INFO - Starting attempt 1 of 4
[2025-08-28T03:51:44.828+0000] {taskinstance.py:2330} INFO - Executing <Task(PythonOperator): upload_to_minio> on 2024-06-01 00:00:00+00:00
[2025-08-28T03:51:44.833+0000] {standard_task_runner.py:63} INFO - Started process 832 to run task
[2025-08-28T03:51:44.835+0000] {standard_task_runner.py:90} INFO - Running: ['***', 'tasks', 'run', 'parquet_in_minio', 'upload_to_minio', 'scheduled__2024-06-01T00:00:00+00:00', '--job-id', '574', '--raw', '--subdir', 'DAGS_FOLDER/parquet_to_minio.py', '--cfg-path', '/tmp/tmpx0wdrcnf']
[2025-08-28T03:51:44.837+0000] {standard_task_runner.py:91} INFO - Job 574: Subtask upload_to_minio
[2025-08-28T03:51:44.848+0000] {logging_mixin.py:188} WARNING - /home/***/.local/lib/python3.10/site-packages/***/settings.py:195 DeprecationWarning: The sql_alchemy_conn option in [core] has been moved to the sql_alchemy_conn option in [database] - the old setting has been used, but please update your config.
[2025-08-28T03:51:44.872+0000] {task_command.py:426} INFO - Running <TaskInstance: parquet_in_minio.upload_to_minio scheduled__2024-06-01T00:00:00+00:00 [running]> on host c3d91d0460b0
[2025-08-28T03:51:44.932+0000] {taskinstance.py:2648} INFO - Exporting env vars: AIRFLOW_CTX_DAG_OWNER='***' AIRFLOW_CTX_DAG_ID='parquet_in_minio' AIRFLOW_CTX_TASK_ID='upload_to_minio' AIRFLOW_CTX_EXECUTION_DATE='2024-06-01T00:00:00+00:00' AIRFLOW_CTX_TRY_NUMBER='1' AIRFLOW_CTX_DAG_RUN_ID='scheduled__2024-06-01T00:00:00+00:00'
[2025-08-28T03:51:44.933+0000] {taskinstance.py:430} INFO - ::endgroup::
[2025-08-28T03:51:44.942+0000] {logging_mixin.py:188} WARNING - /home/***/.local/lib/python3.10/site-packages/***/utils/context.py:320 AirflowContextDeprecationWarning: Accessing 'execution_date' from the template is deprecated and will be removed in a future version. Please use 'data_interval_start' or 'logical_date' instead.
[2025-08-28T03:51:45.026+0000] {python.py:237} INFO - Done. Returned value was: None
[2025-08-28T03:51:45.027+0000] {taskinstance.py:441} INFO - ::group::Post task execution logs
[2025-08-28T03:51:45.034+0000] {taskinstance.py:1206} INFO - Marking task as SUCCESS. dag_id=parquet_in_minio, task_id=upload_to_minio, run_id=scheduled__2024-06-01T00:00:00+00:00, execution_date=20240601T000000, start_date=20250828T035144, end_date=20250828T035145
[2025-08-28T03:51:45.047+0000] {local_task_job_runner.py:240} INFO - Task exited with return code 0
[2025-08-28T03:51:45.062+0000] {taskinstance.py:3498} INFO - 1 downstream tasks scheduled from follow-on schedule check
[2025-08-28T03:51:45.064+0000] {local_task_job_runner.py:222} INFO - ::endgroup::
