[2025-08-01T04:31:48.353+0000] {local_task_job_runner.py:120} INFO - ::group::Pre task execution logs
[2025-08-01T04:31:48.387+0000] {taskinstance.py:2076} INFO - Dependencies all met for dep_context=non-requeueable deps ti=<TaskInstance: parquet_in_minio.upload_to_minio scheduled__2023-09-01T00:00:00+00:00 [queued]>
[2025-08-01T04:31:48.395+0000] {taskinstance.py:2076} INFO - Dependencies all met for dep_context=requeueable deps ti=<TaskInstance: parquet_in_minio.upload_to_minio scheduled__2023-09-01T00:00:00+00:00 [queued]>
[2025-08-01T04:31:48.396+0000] {taskinstance.py:2306} INFO - Starting attempt 1 of 4
[2025-08-01T04:31:48.412+0000] {taskinstance.py:2330} INFO - Executing <Task(PythonOperator): upload_to_minio> on 2023-09-01 00:00:00+00:00
[2025-08-01T04:31:48.422+0000] {standard_task_runner.py:63} INFO - Started process 1547 to run task
[2025-08-01T04:31:48.426+0000] {standard_task_runner.py:90} INFO - Running: ['***', 'tasks', 'run', 'parquet_in_minio', 'upload_to_minio', 'scheduled__2023-09-01T00:00:00+00:00', '--job-id', '368', '--raw', '--subdir', 'DAGS_FOLDER/parquet_to_minio.py', '--cfg-path', '/tmp/tmpwnbbyvh9']
[2025-08-01T04:31:48.428+0000] {standard_task_runner.py:91} INFO - Job 368: Subtask upload_to_minio
[2025-08-01T04:31:48.451+0000] {logging_mixin.py:188} WARNING - /home/***/.local/lib/python3.10/site-packages/***/settings.py:195 DeprecationWarning: The sql_alchemy_conn option in [core] has been moved to the sql_alchemy_conn option in [database] - the old setting has been used, but please update your config.
[2025-08-01T04:31:48.495+0000] {task_command.py:426} INFO - Running <TaskInstance: parquet_in_minio.upload_to_minio scheduled__2023-09-01T00:00:00+00:00 [running]> on host 87b19f697adc
[2025-08-01T04:31:48.604+0000] {taskinstance.py:2648} INFO - Exporting env vars: AIRFLOW_CTX_DAG_OWNER='***' AIRFLOW_CTX_DAG_ID='parquet_in_minio' AIRFLOW_CTX_TASK_ID='upload_to_minio' AIRFLOW_CTX_EXECUTION_DATE='2023-09-01T00:00:00+00:00' AIRFLOW_CTX_TRY_NUMBER='1' AIRFLOW_CTX_DAG_RUN_ID='scheduled__2023-09-01T00:00:00+00:00'
[2025-08-01T04:31:48.605+0000] {taskinstance.py:430} INFO - ::endgroup::
[2025-08-01T04:31:48.618+0000] {logging_mixin.py:188} WARNING - /home/***/.local/lib/python3.10/site-packages/***/utils/context.py:320 AirflowContextDeprecationWarning: Accessing 'execution_date' from the template is deprecated and will be removed in a future version. Please use 'data_interval_start' or 'logical_date' instead.
[2025-08-01T04:31:48.731+0000] {python.py:237} INFO - Done. Returned value was: None
[2025-08-01T04:31:48.731+0000] {taskinstance.py:441} INFO - ::group::Post task execution logs
[2025-08-01T04:31:48.741+0000] {taskinstance.py:1206} INFO - Marking task as SUCCESS. dag_id=parquet_in_minio, task_id=upload_to_minio, run_id=scheduled__2023-09-01T00:00:00+00:00, execution_date=20230901T000000, start_date=20250801T043148, end_date=20250801T043148
[2025-08-01T04:31:48.762+0000] {local_task_job_runner.py:240} INFO - Task exited with return code 0
[2025-08-01T04:31:48.781+0000] {taskinstance.py:3498} INFO - 1 downstream tasks scheduled from follow-on schedule check
[2025-08-01T04:31:48.783+0000] {local_task_job_runner.py:222} INFO - ::endgroup::
[2025-08-28T03:52:04.080+0000] {local_task_job_runner.py:120} INFO - ::group::Pre task execution logs
[2025-08-28T03:52:04.101+0000] {taskinstance.py:2076} INFO - Dependencies all met for dep_context=non-requeueable deps ti=<TaskInstance: parquet_in_minio.upload_to_minio scheduled__2023-09-01T00:00:00+00:00 [queued]>
[2025-08-28T03:52:04.106+0000] {taskinstance.py:2076} INFO - Dependencies all met for dep_context=requeueable deps ti=<TaskInstance: parquet_in_minio.upload_to_minio scheduled__2023-09-01T00:00:00+00:00 [queued]>
[2025-08-28T03:52:04.106+0000] {taskinstance.py:2306} INFO - Starting attempt 1 of 4
[2025-08-28T03:52:04.114+0000] {taskinstance.py:2330} INFO - Executing <Task(PythonOperator): upload_to_minio> on 2023-09-01 00:00:00+00:00
[2025-08-28T03:52:04.119+0000] {standard_task_runner.py:63} INFO - Started process 852 to run task
[2025-08-28T03:52:04.122+0000] {standard_task_runner.py:90} INFO - Running: ['***', 'tasks', 'run', 'parquet_in_minio', 'upload_to_minio', 'scheduled__2023-09-01T00:00:00+00:00', '--job-id', '581', '--raw', '--subdir', 'DAGS_FOLDER/parquet_to_minio.py', '--cfg-path', '/tmp/tmp5llfumb_']
[2025-08-28T03:52:04.123+0000] {standard_task_runner.py:91} INFO - Job 581: Subtask upload_to_minio
[2025-08-28T03:52:04.136+0000] {logging_mixin.py:188} WARNING - /home/***/.local/lib/python3.10/site-packages/***/settings.py:195 DeprecationWarning: The sql_alchemy_conn option in [core] has been moved to the sql_alchemy_conn option in [database] - the old setting has been used, but please update your config.
[2025-08-28T03:52:04.164+0000] {task_command.py:426} INFO - Running <TaskInstance: parquet_in_minio.upload_to_minio scheduled__2023-09-01T00:00:00+00:00 [running]> on host c3d91d0460b0
[2025-08-28T03:52:04.231+0000] {taskinstance.py:2648} INFO - Exporting env vars: AIRFLOW_CTX_DAG_OWNER='***' AIRFLOW_CTX_DAG_ID='parquet_in_minio' AIRFLOW_CTX_TASK_ID='upload_to_minio' AIRFLOW_CTX_EXECUTION_DATE='2023-09-01T00:00:00+00:00' AIRFLOW_CTX_TRY_NUMBER='1' AIRFLOW_CTX_DAG_RUN_ID='scheduled__2023-09-01T00:00:00+00:00'
[2025-08-28T03:52:04.232+0000] {taskinstance.py:430} INFO - ::endgroup::
[2025-08-28T03:52:04.241+0000] {logging_mixin.py:188} WARNING - /home/***/.local/lib/python3.10/site-packages/***/utils/context.py:320 AirflowContextDeprecationWarning: Accessing 'execution_date' from the template is deprecated and will be removed in a future version. Please use 'data_interval_start' or 'logical_date' instead.
[2025-08-28T03:52:04.329+0000] {python.py:237} INFO - Done. Returned value was: None
[2025-08-28T03:52:04.330+0000] {taskinstance.py:441} INFO - ::group::Post task execution logs
[2025-08-28T03:52:04.337+0000] {taskinstance.py:1206} INFO - Marking task as SUCCESS. dag_id=parquet_in_minio, task_id=upload_to_minio, run_id=scheduled__2023-09-01T00:00:00+00:00, execution_date=20230901T000000, start_date=20250828T035204, end_date=20250828T035204
[2025-08-28T03:52:04.374+0000] {local_task_job_runner.py:240} INFO - Task exited with return code 0
[2025-08-28T03:52:04.391+0000] {taskinstance.py:3498} INFO - 1 downstream tasks scheduled from follow-on schedule check
[2025-08-28T03:52:04.392+0000] {local_task_job_runner.py:222} INFO - ::endgroup::
