[2025-08-06T10:50:50.165+0000] {processor.py:161} INFO - Started process (PID=171) to work on /opt/airflow/dags/parquet_to_minio.py
[2025-08-06T10:50:50.165+0000] {processor.py:830} INFO - Processing file /opt/airflow/dags/parquet_to_minio.py for tasks to queue
[2025-08-06T10:50:50.167+0000] {logging_mixin.py:188} INFO - [2025-08-06T10:50:50.166+0000] {dagbag.py:545} INFO - Filling up the DagBag from /opt/airflow/dags/parquet_to_minio.py
[2025-08-06T10:50:50.389+0000] {processor.py:840} INFO - DAG(s) 'parquet_in_minio' retrieved from /opt/airflow/dags/parquet_to_minio.py
[2025-08-06T10:50:50.408+0000] {logging_mixin.py:188} INFO - [2025-08-06T10:50:50.407+0000] {dag.py:3096} INFO - Sync 1 DAGs
[2025-08-06T10:50:50.426+0000] {logging_mixin.py:188} INFO - [2025-08-06T10:50:50.426+0000] {dag.py:3954} INFO - Setting next_dagrun for parquet_in_minio to 2025-08-01 00:00:00+00:00, run_after=2025-09-01 00:00:00+00:00
[2025-08-06T10:50:50.439+0000] {processor.py:183} INFO - Processing /opt/airflow/dags/parquet_to_minio.py took 0.279 seconds
[2025-08-06T10:51:20.550+0000] {processor.py:161} INFO - Started process (PID=179) to work on /opt/airflow/dags/parquet_to_minio.py
[2025-08-06T10:51:20.558+0000] {processor.py:830} INFO - Processing file /opt/airflow/dags/parquet_to_minio.py for tasks to queue
[2025-08-06T10:51:20.559+0000] {logging_mixin.py:188} INFO - [2025-08-06T10:51:20.559+0000] {dagbag.py:545} INFO - Filling up the DagBag from /opt/airflow/dags/parquet_to_minio.py
[2025-08-06T10:51:20.607+0000] {processor.py:840} INFO - DAG(s) 'parquet_in_minio' retrieved from /opt/airflow/dags/parquet_to_minio.py
[2025-08-06T10:51:20.737+0000] {logging_mixin.py:188} INFO - [2025-08-06T10:51:20.736+0000] {dag.py:3096} INFO - Sync 1 DAGs
[2025-08-06T10:51:20.749+0000] {logging_mixin.py:188} INFO - [2025-08-06T10:51:20.749+0000] {dag.py:3954} INFO - Setting next_dagrun for parquet_in_minio to 2025-08-01 00:00:00+00:00, run_after=2025-09-01 00:00:00+00:00
[2025-08-06T10:51:20.768+0000] {processor.py:183} INFO - Processing /opt/airflow/dags/parquet_to_minio.py took 0.222 seconds
[2025-08-06T10:51:50.883+0000] {processor.py:161} INFO - Started process (PID=190) to work on /opt/airflow/dags/parquet_to_minio.py
[2025-08-06T10:51:50.891+0000] {processor.py:830} INFO - Processing file /opt/airflow/dags/parquet_to_minio.py for tasks to queue
[2025-08-06T10:51:50.892+0000] {logging_mixin.py:188} INFO - [2025-08-06T10:51:50.892+0000] {dagbag.py:545} INFO - Filling up the DagBag from /opt/airflow/dags/parquet_to_minio.py
[2025-08-06T10:51:50.942+0000] {processor.py:840} INFO - DAG(s) 'parquet_in_minio' retrieved from /opt/airflow/dags/parquet_to_minio.py
[2025-08-06T10:51:50.962+0000] {logging_mixin.py:188} INFO - [2025-08-06T10:51:50.962+0000] {dag.py:3096} INFO - Sync 1 DAGs
[2025-08-06T10:51:50.977+0000] {logging_mixin.py:188} INFO - [2025-08-06T10:51:50.977+0000] {dag.py:3954} INFO - Setting next_dagrun for parquet_in_minio to 2025-08-01 00:00:00+00:00, run_after=2025-09-01 00:00:00+00:00
[2025-08-06T10:51:50.988+0000] {processor.py:183} INFO - Processing /opt/airflow/dags/parquet_to_minio.py took 0.110 seconds
[2025-08-06T10:52:21.100+0000] {processor.py:161} INFO - Started process (PID=201) to work on /opt/airflow/dags/parquet_to_minio.py
[2025-08-06T10:52:21.108+0000] {processor.py:830} INFO - Processing file /opt/airflow/dags/parquet_to_minio.py for tasks to queue
[2025-08-06T10:52:21.110+0000] {logging_mixin.py:188} INFO - [2025-08-06T10:52:21.110+0000] {dagbag.py:545} INFO - Filling up the DagBag from /opt/airflow/dags/parquet_to_minio.py
[2025-08-06T10:52:21.160+0000] {processor.py:840} INFO - DAG(s) 'parquet_in_minio' retrieved from /opt/airflow/dags/parquet_to_minio.py
[2025-08-06T10:52:21.180+0000] {logging_mixin.py:188} INFO - [2025-08-06T10:52:21.180+0000] {dag.py:3096} INFO - Sync 1 DAGs
[2025-08-06T10:52:21.196+0000] {logging_mixin.py:188} INFO - [2025-08-06T10:52:21.195+0000] {dag.py:3954} INFO - Setting next_dagrun for parquet_in_minio to 2025-08-01 00:00:00+00:00, run_after=2025-09-01 00:00:00+00:00
[2025-08-06T10:52:21.206+0000] {processor.py:183} INFO - Processing /opt/airflow/dags/parquet_to_minio.py took 0.111 seconds
[2025-08-06T10:52:51.330+0000] {processor.py:161} INFO - Started process (PID=212) to work on /opt/airflow/dags/parquet_to_minio.py
[2025-08-06T10:52:51.330+0000] {processor.py:830} INFO - Processing file /opt/airflow/dags/parquet_to_minio.py for tasks to queue
[2025-08-06T10:52:51.332+0000] {logging_mixin.py:188} INFO - [2025-08-06T10:52:51.331+0000] {dagbag.py:545} INFO - Filling up the DagBag from /opt/airflow/dags/parquet_to_minio.py
[2025-08-06T10:52:51.384+0000] {processor.py:840} INFO - DAG(s) 'parquet_in_minio' retrieved from /opt/airflow/dags/parquet_to_minio.py
[2025-08-06T10:52:51.405+0000] {logging_mixin.py:188} INFO - [2025-08-06T10:52:51.404+0000] {dag.py:3096} INFO - Sync 1 DAGs
[2025-08-06T10:52:51.423+0000] {logging_mixin.py:188} INFO - [2025-08-06T10:52:51.422+0000] {dag.py:3954} INFO - Setting next_dagrun for parquet_in_minio to 2025-08-01 00:00:00+00:00, run_after=2025-09-01 00:00:00+00:00
[2025-08-06T10:52:51.435+0000] {processor.py:183} INFO - Processing /opt/airflow/dags/parquet_to_minio.py took 0.110 seconds
[2025-08-06T10:53:21.547+0000] {processor.py:161} INFO - Started process (PID=223) to work on /opt/airflow/dags/parquet_to_minio.py
[2025-08-06T10:53:21.555+0000] {processor.py:830} INFO - Processing file /opt/airflow/dags/parquet_to_minio.py for tasks to queue
[2025-08-06T10:53:21.556+0000] {logging_mixin.py:188} INFO - [2025-08-06T10:53:21.556+0000] {dagbag.py:545} INFO - Filling up the DagBag from /opt/airflow/dags/parquet_to_minio.py
[2025-08-06T10:53:21.604+0000] {processor.py:840} INFO - DAG(s) 'parquet_in_minio' retrieved from /opt/airflow/dags/parquet_to_minio.py
[2025-08-06T10:53:21.623+0000] {logging_mixin.py:188} INFO - [2025-08-06T10:53:21.623+0000] {dag.py:3096} INFO - Sync 1 DAGs
[2025-08-06T10:53:21.638+0000] {logging_mixin.py:188} INFO - [2025-08-06T10:53:21.637+0000] {dag.py:3954} INFO - Setting next_dagrun for parquet_in_minio to 2025-08-01 00:00:00+00:00, run_after=2025-09-01 00:00:00+00:00
[2025-08-06T10:53:21.648+0000] {processor.py:183} INFO - Processing /opt/airflow/dags/parquet_to_minio.py took 0.105 seconds
[2025-08-06T10:53:51.767+0000] {processor.py:161} INFO - Started process (PID=234) to work on /opt/airflow/dags/parquet_to_minio.py
[2025-08-06T10:53:51.775+0000] {processor.py:830} INFO - Processing file /opt/airflow/dags/parquet_to_minio.py for tasks to queue
[2025-08-06T10:53:51.776+0000] {logging_mixin.py:188} INFO - [2025-08-06T10:53:51.776+0000] {dagbag.py:545} INFO - Filling up the DagBag from /opt/airflow/dags/parquet_to_minio.py
[2025-08-06T10:53:51.824+0000] {processor.py:840} INFO - DAG(s) 'parquet_in_minio' retrieved from /opt/airflow/dags/parquet_to_minio.py
[2025-08-06T10:53:51.843+0000] {logging_mixin.py:188} INFO - [2025-08-06T10:53:51.843+0000] {dag.py:3096} INFO - Sync 1 DAGs
[2025-08-06T10:53:51.858+0000] {logging_mixin.py:188} INFO - [2025-08-06T10:53:51.857+0000] {dag.py:3954} INFO - Setting next_dagrun for parquet_in_minio to 2025-08-01 00:00:00+00:00, run_after=2025-09-01 00:00:00+00:00
[2025-08-06T10:53:51.868+0000] {processor.py:183} INFO - Processing /opt/airflow/dags/parquet_to_minio.py took 0.106 seconds
[2025-08-06T10:54:21.983+0000] {processor.py:161} INFO - Started process (PID=245) to work on /opt/airflow/dags/parquet_to_minio.py
[2025-08-06T10:54:21.984+0000] {processor.py:830} INFO - Processing file /opt/airflow/dags/parquet_to_minio.py for tasks to queue
[2025-08-06T10:54:21.985+0000] {logging_mixin.py:188} INFO - [2025-08-06T10:54:21.984+0000] {dagbag.py:545} INFO - Filling up the DagBag from /opt/airflow/dags/parquet_to_minio.py
[2025-08-06T10:54:22.032+0000] {processor.py:840} INFO - DAG(s) 'parquet_in_minio' retrieved from /opt/airflow/dags/parquet_to_minio.py
[2025-08-06T10:54:22.050+0000] {logging_mixin.py:188} INFO - [2025-08-06T10:54:22.050+0000] {dag.py:3096} INFO - Sync 1 DAGs
[2025-08-06T10:54:22.067+0000] {logging_mixin.py:188} INFO - [2025-08-06T10:54:22.067+0000] {dag.py:3954} INFO - Setting next_dagrun for parquet_in_minio to 2025-08-01 00:00:00+00:00, run_after=2025-09-01 00:00:00+00:00
[2025-08-06T10:54:22.077+0000] {processor.py:183} INFO - Processing /opt/airflow/dags/parquet_to_minio.py took 0.098 seconds
[2025-08-06T10:54:52.202+0000] {processor.py:161} INFO - Started process (PID=256) to work on /opt/airflow/dags/parquet_to_minio.py
[2025-08-06T10:54:52.210+0000] {processor.py:830} INFO - Processing file /opt/airflow/dags/parquet_to_minio.py for tasks to queue
[2025-08-06T10:54:52.211+0000] {logging_mixin.py:188} INFO - [2025-08-06T10:54:52.211+0000] {dagbag.py:545} INFO - Filling up the DagBag from /opt/airflow/dags/parquet_to_minio.py
[2025-08-06T10:54:52.257+0000] {processor.py:840} INFO - DAG(s) 'parquet_in_minio' retrieved from /opt/airflow/dags/parquet_to_minio.py
[2025-08-06T10:54:52.276+0000] {logging_mixin.py:188} INFO - [2025-08-06T10:54:52.276+0000] {dag.py:3096} INFO - Sync 1 DAGs
[2025-08-06T10:54:52.290+0000] {logging_mixin.py:188} INFO - [2025-08-06T10:54:52.290+0000] {dag.py:3954} INFO - Setting next_dagrun for parquet_in_minio to 2025-08-01 00:00:00+00:00, run_after=2025-09-01 00:00:00+00:00
[2025-08-06T10:54:52.301+0000] {processor.py:183} INFO - Processing /opt/airflow/dags/parquet_to_minio.py took 0.103 seconds
[2025-08-06T10:55:22.421+0000] {processor.py:161} INFO - Started process (PID=267) to work on /opt/airflow/dags/parquet_to_minio.py
[2025-08-06T10:55:22.422+0000] {processor.py:830} INFO - Processing file /opt/airflow/dags/parquet_to_minio.py for tasks to queue
[2025-08-06T10:55:22.423+0000] {logging_mixin.py:188} INFO - [2025-08-06T10:55:22.423+0000] {dagbag.py:545} INFO - Filling up the DagBag from /opt/airflow/dags/parquet_to_minio.py
[2025-08-06T10:55:22.470+0000] {processor.py:840} INFO - DAG(s) 'parquet_in_minio' retrieved from /opt/airflow/dags/parquet_to_minio.py
[2025-08-06T10:55:22.488+0000] {logging_mixin.py:188} INFO - [2025-08-06T10:55:22.488+0000] {dag.py:3096} INFO - Sync 1 DAGs
[2025-08-06T10:55:22.502+0000] {logging_mixin.py:188} INFO - [2025-08-06T10:55:22.502+0000] {dag.py:3954} INFO - Setting next_dagrun for parquet_in_minio to 2025-08-01 00:00:00+00:00, run_after=2025-09-01 00:00:00+00:00
[2025-08-06T10:55:22.513+0000] {processor.py:183} INFO - Processing /opt/airflow/dags/parquet_to_minio.py took 0.096 seconds
[2025-08-06T10:55:52.642+0000] {processor.py:161} INFO - Started process (PID=278) to work on /opt/airflow/dags/parquet_to_minio.py
[2025-08-06T10:55:52.649+0000] {processor.py:830} INFO - Processing file /opt/airflow/dags/parquet_to_minio.py for tasks to queue
[2025-08-06T10:55:52.651+0000] {logging_mixin.py:188} INFO - [2025-08-06T10:55:52.651+0000] {dagbag.py:545} INFO - Filling up the DagBag from /opt/airflow/dags/parquet_to_minio.py
[2025-08-06T10:55:52.701+0000] {processor.py:840} INFO - DAG(s) 'parquet_in_minio' retrieved from /opt/airflow/dags/parquet_to_minio.py
[2025-08-06T10:55:52.723+0000] {logging_mixin.py:188} INFO - [2025-08-06T10:55:52.722+0000] {dag.py:3096} INFO - Sync 1 DAGs
[2025-08-06T10:55:52.737+0000] {logging_mixin.py:188} INFO - [2025-08-06T10:55:52.737+0000] {dag.py:3954} INFO - Setting next_dagrun for parquet_in_minio to 2025-08-01 00:00:00+00:00, run_after=2025-09-01 00:00:00+00:00
[2025-08-06T10:55:52.748+0000] {processor.py:183} INFO - Processing /opt/airflow/dags/parquet_to_minio.py took 0.111 seconds
[2025-08-06T10:56:22.867+0000] {processor.py:161} INFO - Started process (PID=289) to work on /opt/airflow/dags/parquet_to_minio.py
[2025-08-06T10:56:22.875+0000] {processor.py:830} INFO - Processing file /opt/airflow/dags/parquet_to_minio.py for tasks to queue
[2025-08-06T10:56:22.876+0000] {logging_mixin.py:188} INFO - [2025-08-06T10:56:22.876+0000] {dagbag.py:545} INFO - Filling up the DagBag from /opt/airflow/dags/parquet_to_minio.py
[2025-08-06T10:56:22.924+0000] {processor.py:840} INFO - DAG(s) 'parquet_in_minio' retrieved from /opt/airflow/dags/parquet_to_minio.py
[2025-08-06T10:56:22.943+0000] {logging_mixin.py:188} INFO - [2025-08-06T10:56:22.943+0000] {dag.py:3096} INFO - Sync 1 DAGs
[2025-08-06T10:56:22.957+0000] {logging_mixin.py:188} INFO - [2025-08-06T10:56:22.957+0000] {dag.py:3954} INFO - Setting next_dagrun for parquet_in_minio to 2025-08-01 00:00:00+00:00, run_after=2025-09-01 00:00:00+00:00
[2025-08-06T10:56:22.968+0000] {processor.py:183} INFO - Processing /opt/airflow/dags/parquet_to_minio.py took 0.105 seconds
[2025-08-06T10:56:53.091+0000] {processor.py:161} INFO - Started process (PID=300) to work on /opt/airflow/dags/parquet_to_minio.py
[2025-08-06T10:56:53.092+0000] {processor.py:830} INFO - Processing file /opt/airflow/dags/parquet_to_minio.py for tasks to queue
[2025-08-06T10:56:53.093+0000] {logging_mixin.py:188} INFO - [2025-08-06T10:56:53.093+0000] {dagbag.py:545} INFO - Filling up the DagBag from /opt/airflow/dags/parquet_to_minio.py
[2025-08-06T10:56:53.151+0000] {processor.py:840} INFO - DAG(s) 'parquet_in_minio' retrieved from /opt/airflow/dags/parquet_to_minio.py
[2025-08-06T10:56:53.172+0000] {logging_mixin.py:188} INFO - [2025-08-06T10:56:53.171+0000] {dag.py:3096} INFO - Sync 1 DAGs
[2025-08-06T10:56:53.190+0000] {logging_mixin.py:188} INFO - [2025-08-06T10:56:53.189+0000] {dag.py:3954} INFO - Setting next_dagrun for parquet_in_minio to 2025-08-01 00:00:00+00:00, run_after=2025-09-01 00:00:00+00:00
[2025-08-06T10:56:53.213+0000] {processor.py:183} INFO - Processing /opt/airflow/dags/parquet_to_minio.py took 0.127 seconds
[2025-08-06T10:57:23.337+0000] {processor.py:161} INFO - Started process (PID=311) to work on /opt/airflow/dags/parquet_to_minio.py
[2025-08-06T10:57:23.338+0000] {processor.py:830} INFO - Processing file /opt/airflow/dags/parquet_to_minio.py for tasks to queue
[2025-08-06T10:57:23.339+0000] {logging_mixin.py:188} INFO - [2025-08-06T10:57:23.339+0000] {dagbag.py:545} INFO - Filling up the DagBag from /opt/airflow/dags/parquet_to_minio.py
[2025-08-06T10:57:23.389+0000] {processor.py:840} INFO - DAG(s) 'parquet_in_minio' retrieved from /opt/airflow/dags/parquet_to_minio.py
[2025-08-06T10:57:23.412+0000] {logging_mixin.py:188} INFO - [2025-08-06T10:57:23.412+0000] {dag.py:3096} INFO - Sync 1 DAGs
[2025-08-06T10:57:23.429+0000] {logging_mixin.py:188} INFO - [2025-08-06T10:57:23.428+0000] {dag.py:3954} INFO - Setting next_dagrun for parquet_in_minio to 2025-08-01 00:00:00+00:00, run_after=2025-09-01 00:00:00+00:00
[2025-08-06T10:57:23.442+0000] {processor.py:183} INFO - Processing /opt/airflow/dags/parquet_to_minio.py took 0.109 seconds
[2025-08-06T10:57:53.573+0000] {processor.py:161} INFO - Started process (PID=322) to work on /opt/airflow/dags/parquet_to_minio.py
[2025-08-06T10:57:53.581+0000] {processor.py:830} INFO - Processing file /opt/airflow/dags/parquet_to_minio.py for tasks to queue
[2025-08-06T10:57:53.582+0000] {logging_mixin.py:188} INFO - [2025-08-06T10:57:53.581+0000] {dagbag.py:545} INFO - Filling up the DagBag from /opt/airflow/dags/parquet_to_minio.py
[2025-08-06T10:57:53.629+0000] {processor.py:840} INFO - DAG(s) 'parquet_in_minio' retrieved from /opt/airflow/dags/parquet_to_minio.py
[2025-08-06T10:57:53.647+0000] {logging_mixin.py:188} INFO - [2025-08-06T10:57:53.647+0000] {dag.py:3096} INFO - Sync 1 DAGs
[2025-08-06T10:57:53.662+0000] {logging_mixin.py:188} INFO - [2025-08-06T10:57:53.661+0000] {dag.py:3954} INFO - Setting next_dagrun for parquet_in_minio to 2025-08-01 00:00:00+00:00, run_after=2025-09-01 00:00:00+00:00
[2025-08-06T10:57:53.672+0000] {processor.py:183} INFO - Processing /opt/airflow/dags/parquet_to_minio.py took 0.104 seconds
[2025-08-06T10:58:23.791+0000] {processor.py:161} INFO - Started process (PID=333) to work on /opt/airflow/dags/parquet_to_minio.py
[2025-08-06T10:58:23.792+0000] {processor.py:830} INFO - Processing file /opt/airflow/dags/parquet_to_minio.py for tasks to queue
[2025-08-06T10:58:23.793+0000] {logging_mixin.py:188} INFO - [2025-08-06T10:58:23.792+0000] {dagbag.py:545} INFO - Filling up the DagBag from /opt/airflow/dags/parquet_to_minio.py
[2025-08-06T10:58:23.838+0000] {processor.py:840} INFO - DAG(s) 'parquet_in_minio' retrieved from /opt/airflow/dags/parquet_to_minio.py
[2025-08-06T10:58:23.857+0000] {logging_mixin.py:188} INFO - [2025-08-06T10:58:23.857+0000] {dag.py:3096} INFO - Sync 1 DAGs
[2025-08-06T10:58:23.871+0000] {logging_mixin.py:188} INFO - [2025-08-06T10:58:23.870+0000] {dag.py:3954} INFO - Setting next_dagrun for parquet_in_minio to 2025-08-01 00:00:00+00:00, run_after=2025-09-01 00:00:00+00:00
[2025-08-06T10:58:23.881+0000] {processor.py:183} INFO - Processing /opt/airflow/dags/parquet_to_minio.py took 0.094 seconds
[2025-08-06T10:58:54.003+0000] {processor.py:161} INFO - Started process (PID=344) to work on /opt/airflow/dags/parquet_to_minio.py
[2025-08-06T10:58:54.011+0000] {processor.py:830} INFO - Processing file /opt/airflow/dags/parquet_to_minio.py for tasks to queue
[2025-08-06T10:58:54.013+0000] {logging_mixin.py:188} INFO - [2025-08-06T10:58:54.012+0000] {dagbag.py:545} INFO - Filling up the DagBag from /opt/airflow/dags/parquet_to_minio.py
[2025-08-06T10:58:54.059+0000] {processor.py:840} INFO - DAG(s) 'parquet_in_minio' retrieved from /opt/airflow/dags/parquet_to_minio.py
[2025-08-06T10:58:54.078+0000] {logging_mixin.py:188} INFO - [2025-08-06T10:58:54.078+0000] {dag.py:3096} INFO - Sync 1 DAGs
[2025-08-06T10:58:54.092+0000] {logging_mixin.py:188} INFO - [2025-08-06T10:58:54.092+0000] {dag.py:3954} INFO - Setting next_dagrun for parquet_in_minio to 2025-08-01 00:00:00+00:00, run_after=2025-09-01 00:00:00+00:00
[2025-08-06T10:58:54.103+0000] {processor.py:183} INFO - Processing /opt/airflow/dags/parquet_to_minio.py took 0.104 seconds
[2025-08-06T10:59:24.218+0000] {processor.py:161} INFO - Started process (PID=355) to work on /opt/airflow/dags/parquet_to_minio.py
[2025-08-06T10:59:24.218+0000] {processor.py:830} INFO - Processing file /opt/airflow/dags/parquet_to_minio.py for tasks to queue
[2025-08-06T10:59:24.220+0000] {logging_mixin.py:188} INFO - [2025-08-06T10:59:24.219+0000] {dagbag.py:545} INFO - Filling up the DagBag from /opt/airflow/dags/parquet_to_minio.py
[2025-08-06T10:59:24.269+0000] {processor.py:840} INFO - DAG(s) 'parquet_in_minio' retrieved from /opt/airflow/dags/parquet_to_minio.py
[2025-08-06T10:59:24.288+0000] {logging_mixin.py:188} INFO - [2025-08-06T10:59:24.288+0000] {dag.py:3096} INFO - Sync 1 DAGs
[2025-08-06T10:59:24.303+0000] {logging_mixin.py:188} INFO - [2025-08-06T10:59:24.303+0000] {dag.py:3954} INFO - Setting next_dagrun for parquet_in_minio to 2025-08-01 00:00:00+00:00, run_after=2025-09-01 00:00:00+00:00
[2025-08-06T10:59:24.315+0000] {processor.py:183} INFO - Processing /opt/airflow/dags/parquet_to_minio.py took 0.101 seconds
[2025-08-06T10:59:32.254+0000] {processor.py:161} INFO - Started process (PID=360) to work on /opt/airflow/dags/parquet_to_minio.py
[2025-08-06T10:59:32.262+0000] {processor.py:830} INFO - Processing file /opt/airflow/dags/parquet_to_minio.py for tasks to queue
[2025-08-06T10:59:32.264+0000] {logging_mixin.py:188} INFO - [2025-08-06T10:59:32.264+0000] {dagbag.py:545} INFO - Filling up the DagBag from /opt/airflow/dags/parquet_to_minio.py
[2025-08-06T10:59:32.316+0000] {logging_mixin.py:188} INFO - [2025-08-06T10:59:32.315+0000] {dagbag.py:355} ERROR - Failed to import: /opt/airflow/dags/parquet_to_minio.py
Traceback (most recent call last):
  File "/home/airflow/.local/lib/python3.10/site-packages/airflow/models/dagbag.py", line 351, in parse
    loader.exec_module(new_module)
  File "<frozen importlib._bootstrap_external>", line 883, in exec_module
  File "<frozen importlib._bootstrap>", line 241, in _call_with_frames_removed
  File "/opt/airflow/dags/parquet_to_minio.py", line 15, in <module>
    вуа
NameError: name 'вуа' is not defined
[2025-08-06T10:59:32.316+0000] {processor.py:842} WARNING - No viable dags retrieved from /opt/airflow/dags/parquet_to_minio.py
[2025-08-06T10:59:32.333+0000] {processor.py:183} INFO - Processing /opt/airflow/dags/parquet_to_minio.py took 0.084 seconds
[2025-08-06T10:59:36.680+0000] {processor.py:161} INFO - Started process (PID=371) to work on /opt/airflow/dags/parquet_to_minio.py
[2025-08-06T10:59:36.680+0000] {processor.py:830} INFO - Processing file /opt/airflow/dags/parquet_to_minio.py for tasks to queue
[2025-08-06T10:59:36.682+0000] {logging_mixin.py:188} INFO - [2025-08-06T10:59:36.681+0000] {dagbag.py:545} INFO - Filling up the DagBag from /opt/airflow/dags/parquet_to_minio.py
[2025-08-06T10:59:36.684+0000] {logging_mixin.py:188} INFO - [2025-08-06T10:59:36.683+0000] {dagbag.py:355} ERROR - Failed to import: /opt/airflow/dags/parquet_to_minio.py
Traceback (most recent call last):
  File "/home/airflow/.local/lib/python3.10/site-packages/airflow/models/dagbag.py", line 351, in parse
    loader.exec_module(new_module)
  File "<frozen importlib._bootstrap_external>", line 879, in exec_module
  File "<frozen importlib._bootstrap_external>", line 1017, in get_code
  File "<frozen importlib._bootstrap_external>", line 947, in source_to_code
  File "<frozen importlib._bootstrap>", line 241, in _call_with_frames_removed
  File "/opt/airflow/dags/parquet_to_minio.py", line 15
    def
       ^
SyntaxError: invalid syntax
[2025-08-06T10:59:36.684+0000] {processor.py:842} WARNING - No viable dags retrieved from /opt/airflow/dags/parquet_to_minio.py
[2025-08-06T10:59:36.699+0000] {processor.py:183} INFO - Processing /opt/airflow/dags/parquet_to_minio.py took 0.024 seconds
[2025-08-06T10:59:43.710+0000] {processor.py:161} INFO - Started process (PID=376) to work on /opt/airflow/dags/parquet_to_minio.py
[2025-08-06T10:59:43.711+0000] {processor.py:830} INFO - Processing file /opt/airflow/dags/parquet_to_minio.py for tasks to queue
[2025-08-06T10:59:43.712+0000] {logging_mixin.py:188} INFO - [2025-08-06T10:59:43.712+0000] {dagbag.py:545} INFO - Filling up the DagBag from /opt/airflow/dags/parquet_to_minio.py
[2025-08-06T10:59:43.714+0000] {logging_mixin.py:188} INFO - [2025-08-06T10:59:43.713+0000] {dagbag.py:355} ERROR - Failed to import: /opt/airflow/dags/parquet_to_minio.py
Traceback (most recent call last):
  File "/home/airflow/.local/lib/python3.10/site-packages/airflow/models/dagbag.py", line 351, in parse
    loader.exec_module(new_module)
  File "<frozen importlib._bootstrap_external>", line 879, in exec_module
  File "<frozen importlib._bootstrap_external>", line 1017, in get_code
  File "<frozen importlib._bootstrap_external>", line 947, in source_to_code
  File "<frozen importlib._bootstrap>", line 241, in _call_with_frames_removed
  File "/opt/airflow/dags/parquet_to_minio.py", line 15
    def check
             ^
SyntaxError: invalid syntax
[2025-08-06T10:59:43.714+0000] {processor.py:842} WARNING - No viable dags retrieved from /opt/airflow/dags/parquet_to_minio.py
[2025-08-06T10:59:43.728+0000] {processor.py:183} INFO - Processing /opt/airflow/dags/parquet_to_minio.py took 0.023 seconds
[2025-08-06T10:59:47.749+0000] {processor.py:161} INFO - Started process (PID=381) to work on /opt/airflow/dags/parquet_to_minio.py
[2025-08-06T10:59:47.750+0000] {processor.py:830} INFO - Processing file /opt/airflow/dags/parquet_to_minio.py for tasks to queue
[2025-08-06T10:59:47.751+0000] {logging_mixin.py:188} INFO - [2025-08-06T10:59:47.751+0000] {dagbag.py:545} INFO - Filling up the DagBag from /opt/airflow/dags/parquet_to_minio.py
[2025-08-06T10:59:47.753+0000] {logging_mixin.py:188} INFO - [2025-08-06T10:59:47.752+0000] {dagbag.py:355} ERROR - Failed to import: /opt/airflow/dags/parquet_to_minio.py
Traceback (most recent call last):
  File "/home/airflow/.local/lib/python3.10/site-packages/airflow/models/dagbag.py", line 351, in parse
    loader.exec_module(new_module)
  File "<frozen importlib._bootstrap_external>", line 879, in exec_module
  File "<frozen importlib._bootstrap_external>", line 1017, in get_code
  File "<frozen importlib._bootstrap_external>", line 947, in source_to_code
  File "<frozen importlib._bootstrap>", line 241, in _call_with_frames_removed
  File "/opt/airflow/dags/parquet_to_minio.py", line 15
    def check_file_
                   ^
SyntaxError: invalid syntax
[2025-08-06T10:59:47.753+0000] {processor.py:842} WARNING - No viable dags retrieved from /opt/airflow/dags/parquet_to_minio.py
[2025-08-06T10:59:47.766+0000] {processor.py:183} INFO - Processing /opt/airflow/dags/parquet_to_minio.py took 0.021 seconds
[2025-08-06T10:59:50.784+0000] {processor.py:161} INFO - Started process (PID=386) to work on /opt/airflow/dags/parquet_to_minio.py
[2025-08-06T10:59:50.785+0000] {processor.py:830} INFO - Processing file /opt/airflow/dags/parquet_to_minio.py for tasks to queue
[2025-08-06T10:59:50.788+0000] {logging_mixin.py:188} INFO - [2025-08-06T10:59:50.788+0000] {dagbag.py:545} INFO - Filling up the DagBag from /opt/airflow/dags/parquet_to_minio.py
[2025-08-06T10:59:50.792+0000] {logging_mixin.py:188} INFO - [2025-08-06T10:59:50.791+0000] {dagbag.py:355} ERROR - Failed to import: /opt/airflow/dags/parquet_to_minio.py
Traceback (most recent call last):
  File "/home/airflow/.local/lib/python3.10/site-packages/airflow/models/dagbag.py", line 351, in parse
    loader.exec_module(new_module)
  File "<frozen importlib._bootstrap_external>", line 879, in exec_module
  File "<frozen importlib._bootstrap_external>", line 1017, in get_code
  File "<frozen importlib._bootstrap_external>", line 947, in source_to_code
  File "<frozen importlib._bootstrap>", line 241, in _call_with_frames_removed
  File "/opt/airflow/dags/parquet_to_minio.py", line 15
    def check_file_avai
                       ^
SyntaxError: invalid syntax
[2025-08-06T10:59:50.792+0000] {processor.py:842} WARNING - No viable dags retrieved from /opt/airflow/dags/parquet_to_minio.py
[2025-08-06T10:59:50.818+0000] {processor.py:183} INFO - Processing /opt/airflow/dags/parquet_to_minio.py took 0.045 seconds
[2025-08-06T10:59:54.819+0000] {processor.py:161} INFO - Started process (PID=391) to work on /opt/airflow/dags/parquet_to_minio.py
[2025-08-06T10:59:54.820+0000] {processor.py:830} INFO - Processing file /opt/airflow/dags/parquet_to_minio.py for tasks to queue
[2025-08-06T10:59:54.821+0000] {logging_mixin.py:188} INFO - [2025-08-06T10:59:54.821+0000] {dagbag.py:545} INFO - Filling up the DagBag from /opt/airflow/dags/parquet_to_minio.py
[2025-08-06T10:59:54.823+0000] {logging_mixin.py:188} INFO - [2025-08-06T10:59:54.822+0000] {dagbag.py:355} ERROR - Failed to import: /opt/airflow/dags/parquet_to_minio.py
Traceback (most recent call last):
  File "/home/airflow/.local/lib/python3.10/site-packages/airflow/models/dagbag.py", line 351, in parse
    loader.exec_module(new_module)
  File "<frozen importlib._bootstrap_external>", line 879, in exec_module
  File "<frozen importlib._bootstrap_external>", line 1017, in get_code
  File "<frozen importlib._bootstrap_external>", line 947, in source_to_code
  File "<frozen importlib._bootstrap>", line 241, in _call_with_frames_removed
  File "/opt/airflow/dags/parquet_to_minio.py", line 15
    def check_file_available
                            ^
SyntaxError: invalid syntax
[2025-08-06T10:59:54.823+0000] {processor.py:842} WARNING - No viable dags retrieved from /opt/airflow/dags/parquet_to_minio.py
[2025-08-06T10:59:54.837+0000] {processor.py:183} INFO - Processing /opt/airflow/dags/parquet_to_minio.py took 0.022 seconds
[2025-08-06T10:59:57.836+0000] {processor.py:161} INFO - Started process (PID=396) to work on /opt/airflow/dags/parquet_to_minio.py
[2025-08-06T10:59:57.837+0000] {processor.py:830} INFO - Processing file /opt/airflow/dags/parquet_to_minio.py for tasks to queue
[2025-08-06T10:59:57.838+0000] {logging_mixin.py:188} INFO - [2025-08-06T10:59:57.838+0000] {dagbag.py:545} INFO - Filling up the DagBag from /opt/airflow/dags/parquet_to_minio.py
[2025-08-06T10:59:57.840+0000] {logging_mixin.py:188} INFO - [2025-08-06T10:59:57.839+0000] {dagbag.py:355} ERROR - Failed to import: /opt/airflow/dags/parquet_to_minio.py
Traceback (most recent call last):
  File "/home/airflow/.local/lib/python3.10/site-packages/airflow/models/dagbag.py", line 351, in parse
    loader.exec_module(new_module)
  File "<frozen importlib._bootstrap_external>", line 879, in exec_module
  File "<frozen importlib._bootstrap_external>", line 1017, in get_code
  File "<frozen importlib._bootstrap_external>", line 947, in source_to_code
  File "<frozen importlib._bootstrap>", line 241, in _call_with_frames_removed
  File "/opt/airflow/dags/parquet_to_minio.py", line 15
    def check_file_available = 
                             ^
SyntaxError: invalid syntax
[2025-08-06T10:59:57.840+0000] {processor.py:842} WARNING - No viable dags retrieved from /opt/airflow/dags/parquet_to_minio.py
[2025-08-06T10:59:57.854+0000] {processor.py:183} INFO - Processing /opt/airflow/dags/parquet_to_minio.py took 0.023 seconds
[2025-08-06T11:00:05.901+0000] {processor.py:161} INFO - Started process (PID=407) to work on /opt/airflow/dags/parquet_to_minio.py
[2025-08-06T11:00:05.909+0000] {processor.py:830} INFO - Processing file /opt/airflow/dags/parquet_to_minio.py for tasks to queue
[2025-08-06T11:00:05.910+0000] {logging_mixin.py:188} INFO - [2025-08-06T11:00:05.910+0000] {dagbag.py:545} INFO - Filling up the DagBag from /opt/airflow/dags/parquet_to_minio.py
[2025-08-06T11:00:05.912+0000] {logging_mixin.py:188} INFO - [2025-08-06T11:00:05.912+0000] {dagbag.py:355} ERROR - Failed to import: /opt/airflow/dags/parquet_to_minio.py
Traceback (most recent call last):
  File "/home/airflow/.local/lib/python3.10/site-packages/airflow/models/dagbag.py", line 351, in parse
    loader.exec_module(new_module)
  File "<frozen importlib._bootstrap_external>", line 879, in exec_module
  File "<frozen importlib._bootstrap_external>", line 1017, in get_code
  File "<frozen importlib._bootstrap_external>", line 947, in source_to_code
  File "<frozen importlib._bootstrap>", line 241, in _call_with_frames_removed
  File "/opt/airflow/dags/parquet_to_minio.py", line 16
    def check_file_available = 
                             ^
SyntaxError: invalid syntax
[2025-08-06T11:00:05.913+0000] {processor.py:842} WARNING - No viable dags retrieved from /opt/airflow/dags/parquet_to_minio.py
[2025-08-06T11:00:05.927+0000] {processor.py:183} INFO - Processing /opt/airflow/dags/parquet_to_minio.py took 0.031 seconds
[2025-08-06T11:00:08.915+0000] {processor.py:161} INFO - Started process (PID=412) to work on /opt/airflow/dags/parquet_to_minio.py
[2025-08-06T11:00:08.916+0000] {processor.py:830} INFO - Processing file /opt/airflow/dags/parquet_to_minio.py for tasks to queue
[2025-08-06T11:00:08.917+0000] {logging_mixin.py:188} INFO - [2025-08-06T11:00:08.917+0000] {dagbag.py:545} INFO - Filling up the DagBag from /opt/airflow/dags/parquet_to_minio.py
[2025-08-06T11:00:08.919+0000] {logging_mixin.py:188} INFO - [2025-08-06T11:00:08.918+0000] {dagbag.py:355} ERROR - Failed to import: /opt/airflow/dags/parquet_to_minio.py
Traceback (most recent call last):
  File "/home/airflow/.local/lib/python3.10/site-packages/airflow/models/dagbag.py", line 351, in parse
    loader.exec_module(new_module)
  File "<frozen importlib._bootstrap_external>", line 879, in exec_module
  File "<frozen importlib._bootstrap_external>", line 1017, in get_code
  File "<frozen importlib._bootstrap_external>", line 947, in source_to_code
  File "<frozen importlib._bootstrap>", line 241, in _call_with_frames_removed
  File "/opt/airflow/dags/parquet_to_minio.py", line 16
    def check_file_available = HttpSensor
                             ^
SyntaxError: invalid syntax
[2025-08-06T11:00:08.919+0000] {processor.py:842} WARNING - No viable dags retrieved from /opt/airflow/dags/parquet_to_minio.py
[2025-08-06T11:00:08.934+0000] {processor.py:183} INFO - Processing /opt/airflow/dags/parquet_to_minio.py took 0.023 seconds
[2025-08-06T11:00:12.932+0000] {processor.py:161} INFO - Started process (PID=417) to work on /opt/airflow/dags/parquet_to_minio.py
[2025-08-06T11:00:12.933+0000] {processor.py:830} INFO - Processing file /opt/airflow/dags/parquet_to_minio.py for tasks to queue
[2025-08-06T11:00:12.935+0000] {logging_mixin.py:188} INFO - [2025-08-06T11:00:12.934+0000] {dagbag.py:545} INFO - Filling up the DagBag from /opt/airflow/dags/parquet_to_minio.py
[2025-08-06T11:00:12.936+0000] {logging_mixin.py:188} INFO - [2025-08-06T11:00:12.936+0000] {dagbag.py:355} ERROR - Failed to import: /opt/airflow/dags/parquet_to_minio.py
Traceback (most recent call last):
  File "/home/airflow/.local/lib/python3.10/site-packages/airflow/models/dagbag.py", line 351, in parse
    loader.exec_module(new_module)
  File "<frozen importlib._bootstrap_external>", line 879, in exec_module
  File "<frozen importlib._bootstrap_external>", line 1017, in get_code
  File "<frozen importlib._bootstrap_external>", line 947, in source_to_code
  File "<frozen importlib._bootstrap>", line 241, in _call_with_frames_removed
  File "/opt/airflow/dags/parquet_to_minio.py", line 16
    def check_file_available = HttpSensor()
                             ^
SyntaxError: invalid syntax
[2025-08-06T11:00:12.937+0000] {processor.py:842} WARNING - No viable dags retrieved from /opt/airflow/dags/parquet_to_minio.py
[2025-08-06T11:00:12.951+0000] {processor.py:183} INFO - Processing /opt/airflow/dags/parquet_to_minio.py took 0.023 seconds
[2025-08-06T11:00:18.001+0000] {processor.py:161} INFO - Started process (PID=422) to work on /opt/airflow/dags/parquet_to_minio.py
[2025-08-06T11:00:18.002+0000] {processor.py:830} INFO - Processing file /opt/airflow/dags/parquet_to_minio.py for tasks to queue
[2025-08-06T11:00:18.003+0000] {logging_mixin.py:188} INFO - [2025-08-06T11:00:18.003+0000] {dagbag.py:545} INFO - Filling up the DagBag from /opt/airflow/dags/parquet_to_minio.py
[2025-08-06T11:00:18.049+0000] {processor.py:840} INFO - DAG(s) 'parquet_in_minio' retrieved from /opt/airflow/dags/parquet_to_minio.py
[2025-08-06T11:00:18.065+0000] {logging_mixin.py:188} INFO - [2025-08-06T11:00:18.065+0000] {dag.py:3096} INFO - Sync 1 DAGs
[2025-08-06T11:00:18.079+0000] {logging_mixin.py:188} INFO - [2025-08-06T11:00:18.079+0000] {dag.py:3954} INFO - Setting next_dagrun for parquet_in_minio to 2025-08-01 00:00:00+00:00, run_after=2025-09-01 00:00:00+00:00
[2025-08-06T11:00:18.092+0000] {processor.py:183} INFO - Processing /opt/airflow/dags/parquet_to_minio.py took 0.095 seconds
[2025-08-06T11:00:27.045+0000] {processor.py:161} INFO - Started process (PID=427) to work on /opt/airflow/dags/parquet_to_minio.py
[2025-08-06T11:00:27.046+0000] {processor.py:830} INFO - Processing file /opt/airflow/dags/parquet_to_minio.py for tasks to queue
[2025-08-06T11:00:27.047+0000] {logging_mixin.py:188} INFO - [2025-08-06T11:00:27.047+0000] {dagbag.py:545} INFO - Filling up the DagBag from /opt/airflow/dags/parquet_to_minio.py
[2025-08-06T11:00:27.098+0000] {logging_mixin.py:188} INFO - [2025-08-06T11:00:27.098+0000] {dagbag.py:355} ERROR - Failed to import: /opt/airflow/dags/parquet_to_minio.py
Traceback (most recent call last):
  File "/home/airflow/.local/lib/python3.10/site-packages/airflow/models/dagbag.py", line 351, in parse
    loader.exec_module(new_module)
  File "<frozen importlib._bootstrap_external>", line 883, in exec_module
  File "<frozen importlib._bootstrap>", line 241, in _call_with_frames_removed
  File "/opt/airflow/dags/parquet_to_minio.py", line 71, in <module>
    check
NameError: name 'check' is not defined
[2025-08-06T11:00:27.098+0000] {processor.py:842} WARNING - No viable dags retrieved from /opt/airflow/dags/parquet_to_minio.py
[2025-08-06T11:00:27.114+0000] {processor.py:183} INFO - Processing /opt/airflow/dags/parquet_to_minio.py took 0.075 seconds
[2025-08-06T11:00:47.193+0000] {processor.py:161} INFO - Started process (PID=438) to work on /opt/airflow/dags/parquet_to_minio.py
[2025-08-06T11:00:47.201+0000] {processor.py:830} INFO - Processing file /opt/airflow/dags/parquet_to_minio.py for tasks to queue
[2025-08-06T11:00:47.203+0000] {logging_mixin.py:188} INFO - [2025-08-06T11:00:47.202+0000] {dagbag.py:545} INFO - Filling up the DagBag from /opt/airflow/dags/parquet_to_minio.py
[2025-08-06T11:00:47.248+0000] {logging_mixin.py:188} INFO - [2025-08-06T11:00:47.247+0000] {dagbag.py:355} ERROR - Failed to import: /opt/airflow/dags/parquet_to_minio.py
Traceback (most recent call last):
  File "/home/airflow/.local/lib/python3.10/site-packages/airflow/models/dagbag.py", line 351, in parse
    loader.exec_module(new_module)
  File "<frozen importlib._bootstrap_external>", line 883, in exec_module
  File "<frozen importlib._bootstrap>", line 241, in _call_with_frames_removed
  File "/opt/airflow/dags/parquet_to_minio.py", line 11, in <module>
    from ETL.airflow.dags.minio_to_postgres import check_new_file
ModuleNotFoundError: No module named 'ETL'
[2025-08-06T11:00:47.248+0000] {processor.py:842} WARNING - No viable dags retrieved from /opt/airflow/dags/parquet_to_minio.py
[2025-08-06T11:00:47.262+0000] {processor.py:183} INFO - Processing /opt/airflow/dags/parquet_to_minio.py took 0.073 seconds
[2025-08-06T11:00:59.247+0000] {processor.py:161} INFO - Started process (PID=443) to work on /opt/airflow/dags/parquet_to_minio.py
[2025-08-06T11:00:59.247+0000] {processor.py:830} INFO - Processing file /opt/airflow/dags/parquet_to_minio.py for tasks to queue
[2025-08-06T11:00:59.248+0000] {logging_mixin.py:188} INFO - [2025-08-06T11:00:59.248+0000] {dagbag.py:545} INFO - Filling up the DagBag from /opt/airflow/dags/parquet_to_minio.py
[2025-08-06T11:00:59.292+0000] {logging_mixin.py:188} INFO - [2025-08-06T11:00:59.291+0000] {dagbag.py:355} ERROR - Failed to import: /opt/airflow/dags/parquet_to_minio.py
Traceback (most recent call last):
  File "/home/airflow/.local/lib/python3.10/site-packages/airflow/models/dagbag.py", line 351, in parse
    loader.exec_module(new_module)
  File "<frozen importlib._bootstrap_external>", line 883, in exec_module
  File "<frozen importlib._bootstrap>", line 241, in _call_with_frames_removed
  File "/opt/airflow/dags/parquet_to_minio.py", line 11, in <module>
    from ETL.airflow.dags.minio_to_postgres import check_new_file
ModuleNotFoundError: No module named 'ETL'
[2025-08-06T11:00:59.292+0000] {processor.py:842} WARNING - No viable dags retrieved from /opt/airflow/dags/parquet_to_minio.py
[2025-08-06T11:00:59.306+0000] {processor.py:183} INFO - Processing /opt/airflow/dags/parquet_to_minio.py took 0.065 seconds
[2025-08-06T11:01:24.407+0000] {processor.py:161} INFO - Started process (PID=454) to work on /opt/airflow/dags/parquet_to_minio.py
[2025-08-06T11:01:24.414+0000] {processor.py:830} INFO - Processing file /opt/airflow/dags/parquet_to_minio.py for tasks to queue
[2025-08-06T11:01:24.416+0000] {logging_mixin.py:188} INFO - [2025-08-06T11:01:24.415+0000] {dagbag.py:545} INFO - Filling up the DagBag from /opt/airflow/dags/parquet_to_minio.py
[2025-08-06T11:01:24.418+0000] {logging_mixin.py:188} INFO - [2025-08-06T11:01:24.418+0000] {dagbag.py:355} ERROR - Failed to import: /opt/airflow/dags/parquet_to_minio.py
Traceback (most recent call last):
  File "/home/airflow/.local/lib/python3.10/site-packages/airflow/models/dagbag.py", line 351, in parse
    loader.exec_module(new_module)
  File "<frozen importlib._bootstrap_external>", line 879, in exec_module
  File "<frozen importlib._bootstrap_external>", line 1017, in get_code
  File "<frozen importlib._bootstrap_external>", line 947, in source_to_code
  File "<frozen importlib._bootstrap>", line 241, in _call_with_frames_removed
  File "/opt/airflow/dags/parquet_to_minio.py", line 77
    )
    ^
SyntaxError: invalid syntax
[2025-08-06T11:01:24.418+0000] {processor.py:842} WARNING - No viable dags retrieved from /opt/airflow/dags/parquet_to_minio.py
[2025-08-06T11:01:24.435+0000] {processor.py:183} INFO - Processing /opt/airflow/dags/parquet_to_minio.py took 0.033 seconds
[2025-08-06T11:01:31.437+0000] {processor.py:161} INFO - Started process (PID=459) to work on /opt/airflow/dags/parquet_to_minio.py
[2025-08-06T11:01:31.438+0000] {processor.py:830} INFO - Processing file /opt/airflow/dags/parquet_to_minio.py for tasks to queue
[2025-08-06T11:01:31.439+0000] {logging_mixin.py:188} INFO - [2025-08-06T11:01:31.439+0000] {dagbag.py:545} INFO - Filling up the DagBag from /opt/airflow/dags/parquet_to_minio.py
[2025-08-06T11:01:31.483+0000] {logging_mixin.py:188} INFO - [2025-08-06T11:01:31.483+0000] {dagbag.py:355} ERROR - Failed to import: /opt/airflow/dags/parquet_to_minio.py
Traceback (most recent call last):
  File "/home/airflow/.local/lib/python3.10/site-packages/airflow/models/dagbag.py", line 351, in parse
    loader.exec_module(new_module)
  File "<frozen importlib._bootstrap_external>", line 883, in exec_module
  File "<frozen importlib._bootstrap>", line 241, in _call_with_frames_removed
  File "/opt/airflow/dags/parquet_to_minio.py", line 11, in <module>
    from ETL.airflow.dags.minio_to_postgres import check_new_file
ModuleNotFoundError: No module named 'ETL'
[2025-08-06T11:01:31.483+0000] {processor.py:842} WARNING - No viable dags retrieved from /opt/airflow/dags/parquet_to_minio.py
[2025-08-06T11:01:31.498+0000] {processor.py:183} INFO - Processing /opt/airflow/dags/parquet_to_minio.py took 0.065 seconds
[2025-08-06T11:01:49.573+0000] {processor.py:161} INFO - Started process (PID=470) to work on /opt/airflow/dags/parquet_to_minio.py
[2025-08-06T11:01:49.574+0000] {processor.py:830} INFO - Processing file /opt/airflow/dags/parquet_to_minio.py for tasks to queue
[2025-08-06T11:01:49.575+0000] {logging_mixin.py:188} INFO - [2025-08-06T11:01:49.575+0000] {dagbag.py:545} INFO - Filling up the DagBag from /opt/airflow/dags/parquet_to_minio.py
[2025-08-06T11:01:49.627+0000] {logging_mixin.py:188} INFO - [2025-08-06T11:01:49.626+0000] {dagbag.py:355} ERROR - Failed to import: /opt/airflow/dags/parquet_to_minio.py
Traceback (most recent call last):
  File "/home/airflow/.local/lib/python3.10/site-packages/airflow/models/dagbag.py", line 351, in parse
    loader.exec_module(new_module)
  File "<frozen importlib._bootstrap_external>", line 883, in exec_module
  File "<frozen importlib._bootstrap>", line 241, in _call_with_frames_removed
  File "/opt/airflow/dags/parquet_to_minio.py", line 11, in <module>
    from ETL.airflow.dags.minio_to_postgres import check_new_file
ModuleNotFoundError: No module named 'ETL'
[2025-08-06T11:01:49.627+0000] {processor.py:842} WARNING - No viable dags retrieved from /opt/airflow/dags/parquet_to_minio.py
[2025-08-06T11:01:49.642+0000] {processor.py:183} INFO - Processing /opt/airflow/dags/parquet_to_minio.py took 0.073 seconds
[2025-08-06T11:02:05.644+0000] {processor.py:161} INFO - Started process (PID=475) to work on /opt/airflow/dags/parquet_to_minio.py
[2025-08-06T11:02:05.652+0000] {processor.py:830} INFO - Processing file /opt/airflow/dags/parquet_to_minio.py for tasks to queue
[2025-08-06T11:02:05.653+0000] {logging_mixin.py:188} INFO - [2025-08-06T11:02:05.652+0000] {dagbag.py:545} INFO - Filling up the DagBag from /opt/airflow/dags/parquet_to_minio.py
[2025-08-06T11:02:05.701+0000] {logging_mixin.py:188} INFO - [2025-08-06T11:02:05.700+0000] {dagbag.py:355} ERROR - Failed to import: /opt/airflow/dags/parquet_to_minio.py
Traceback (most recent call last):
  File "/home/airflow/.local/lib/python3.10/site-packages/airflow/models/dagbag.py", line 351, in parse
    loader.exec_module(new_module)
  File "<frozen importlib._bootstrap_external>", line 883, in exec_module
  File "<frozen importlib._bootstrap>", line 241, in _call_with_frames_removed
  File "/opt/airflow/dags/parquet_to_minio.py", line 11, in <module>
    from ETL.airflow.dags.minio_to_postgres import check_new_file
ModuleNotFoundError: No module named 'ETL'
[2025-08-06T11:02:05.701+0000] {processor.py:842} WARNING - No viable dags retrieved from /opt/airflow/dags/parquet_to_minio.py
[2025-08-06T11:02:05.715+0000] {processor.py:183} INFO - Processing /opt/airflow/dags/parquet_to_minio.py took 0.076 seconds
[2025-08-06T11:02:13.761+0000] {processor.py:161} INFO - Started process (PID=486) to work on /opt/airflow/dags/parquet_to_minio.py
[2025-08-06T11:02:13.761+0000] {processor.py:830} INFO - Processing file /opt/airflow/dags/parquet_to_minio.py for tasks to queue
[2025-08-06T11:02:13.762+0000] {logging_mixin.py:188} INFO - [2025-08-06T11:02:13.762+0000] {dagbag.py:545} INFO - Filling up the DagBag from /opt/airflow/dags/parquet_to_minio.py
[2025-08-06T11:02:13.764+0000] {logging_mixin.py:188} INFO - [2025-08-06T11:02:13.764+0000] {dagbag.py:355} ERROR - Failed to import: /opt/airflow/dags/parquet_to_minio.py
Traceback (most recent call last):
  File "/home/airflow/.local/lib/python3.10/site-packages/airflow/models/dagbag.py", line 351, in parse
    loader.exec_module(new_module)
  File "<frozen importlib._bootstrap_external>", line 879, in exec_module
  File "<frozen importlib._bootstrap_external>", line 1017, in get_code
  File "<frozen importlib._bootstrap_external>", line 947, in source_to_code
  File "<frozen importlib._bootstrap>", line 241, in _call_with_frames_removed
  File "/opt/airflow/dags/parquet_to_minio.py", line 80
    )
    ^
SyntaxError: positional argument follows keyword argument
[2025-08-06T11:02:13.765+0000] {processor.py:842} WARNING - No viable dags retrieved from /opt/airflow/dags/parquet_to_minio.py
[2025-08-06T11:02:13.779+0000] {processor.py:183} INFO - Processing /opt/airflow/dags/parquet_to_minio.py took 0.023 seconds
[2025-08-06T11:02:17.780+0000] {processor.py:161} INFO - Started process (PID=491) to work on /opt/airflow/dags/parquet_to_minio.py
[2025-08-06T11:02:17.780+0000] {processor.py:830} INFO - Processing file /opt/airflow/dags/parquet_to_minio.py for tasks to queue
[2025-08-06T11:02:17.781+0000] {logging_mixin.py:188} INFO - [2025-08-06T11:02:17.780+0000] {dagbag.py:545} INFO - Filling up the DagBag from /opt/airflow/dags/parquet_to_minio.py
[2025-08-06T11:02:17.784+0000] {logging_mixin.py:188} INFO - [2025-08-06T11:02:17.783+0000] {dagbag.py:355} ERROR - Failed to import: /opt/airflow/dags/parquet_to_minio.py
Traceback (most recent call last):
  File "/home/airflow/.local/lib/python3.10/site-packages/airflow/models/dagbag.py", line 351, in parse
    loader.exec_module(new_module)
  File "<frozen importlib._bootstrap_external>", line 879, in exec_module
  File "<frozen importlib._bootstrap_external>", line 1017, in get_code
  File "<frozen importlib._bootstrap_external>", line 947, in source_to_code
  File "<frozen importlib._bootstrap>", line 241, in _call_with_frames_removed
  File "/opt/airflow/dags/parquet_to_minio.py", line 80
    )
    ^
SyntaxError: invalid syntax
[2025-08-06T11:02:17.784+0000] {processor.py:842} WARNING - No viable dags retrieved from /opt/airflow/dags/parquet_to_minio.py
[2025-08-06T11:02:17.799+0000] {processor.py:183} INFO - Processing /opt/airflow/dags/parquet_to_minio.py took 0.025 seconds
[2025-08-06T11:02:21.827+0000] {processor.py:161} INFO - Started process (PID=496) to work on /opt/airflow/dags/parquet_to_minio.py
[2025-08-06T11:02:21.827+0000] {processor.py:830} INFO - Processing file /opt/airflow/dags/parquet_to_minio.py for tasks to queue
[2025-08-06T11:02:21.828+0000] {logging_mixin.py:188} INFO - [2025-08-06T11:02:21.828+0000] {dagbag.py:545} INFO - Filling up the DagBag from /opt/airflow/dags/parquet_to_minio.py
[2025-08-06T11:02:21.830+0000] {logging_mixin.py:188} INFO - [2025-08-06T11:02:21.830+0000] {dagbag.py:355} ERROR - Failed to import: /opt/airflow/dags/parquet_to_minio.py
Traceback (most recent call last):
  File "/home/airflow/.local/lib/python3.10/site-packages/airflow/models/dagbag.py", line 351, in parse
    loader.exec_module(new_module)
  File "<frozen importlib._bootstrap_external>", line 879, in exec_module
  File "<frozen importlib._bootstrap_external>", line 1017, in get_code
  File "<frozen importlib._bootstrap_external>", line 947, in source_to_code
  File "<frozen importlib._bootstrap>", line 241, in _call_with_frames_removed
  File "/opt/airflow/dags/parquet_to_minio.py", line 80
    )
    ^
SyntaxError: invalid syntax
[2025-08-06T11:02:21.831+0000] {processor.py:842} WARNING - No viable dags retrieved from /opt/airflow/dags/parquet_to_minio.py
[2025-08-06T11:02:21.844+0000] {processor.py:183} INFO - Processing /opt/airflow/dags/parquet_to_minio.py took 0.021 seconds
[2025-08-06T11:02:26.857+0000] {processor.py:161} INFO - Started process (PID=501) to work on /opt/airflow/dags/parquet_to_minio.py
[2025-08-06T11:02:26.858+0000] {processor.py:830} INFO - Processing file /opt/airflow/dags/parquet_to_minio.py for tasks to queue
[2025-08-06T11:02:26.858+0000] {logging_mixin.py:188} INFO - [2025-08-06T11:02:26.858+0000] {dagbag.py:545} INFO - Filling up the DagBag from /opt/airflow/dags/parquet_to_minio.py
[2025-08-06T11:02:26.861+0000] {logging_mixin.py:188} INFO - [2025-08-06T11:02:26.860+0000] {dagbag.py:355} ERROR - Failed to import: /opt/airflow/dags/parquet_to_minio.py
Traceback (most recent call last):
  File "/home/airflow/.local/lib/python3.10/site-packages/airflow/models/dagbag.py", line 351, in parse
    loader.exec_module(new_module)
  File "<frozen importlib._bootstrap_external>", line 879, in exec_module
  File "<frozen importlib._bootstrap_external>", line 1017, in get_code
  File "<frozen importlib._bootstrap_external>", line 947, in source_to_code
  File "<frozen importlib._bootstrap>", line 241, in _call_with_frames_removed
  File "/opt/airflow/dags/parquet_to_minio.py", line 80
    )
    ^
SyntaxError: invalid syntax
[2025-08-06T11:02:26.861+0000] {processor.py:842} WARNING - No viable dags retrieved from /opt/airflow/dags/parquet_to_minio.py
[2025-08-06T11:02:26.875+0000] {processor.py:183} INFO - Processing /opt/airflow/dags/parquet_to_minio.py took 0.023 seconds
[2025-08-06T11:02:38.925+0000] {processor.py:161} INFO - Started process (PID=506) to work on /opt/airflow/dags/parquet_to_minio.py
[2025-08-06T11:02:38.926+0000] {processor.py:830} INFO - Processing file /opt/airflow/dags/parquet_to_minio.py for tasks to queue
[2025-08-06T11:02:38.926+0000] {logging_mixin.py:188} INFO - [2025-08-06T11:02:38.926+0000] {dagbag.py:545} INFO - Filling up the DagBag from /opt/airflow/dags/parquet_to_minio.py
[2025-08-06T11:02:38.970+0000] {logging_mixin.py:188} INFO - [2025-08-06T11:02:38.970+0000] {dagbag.py:355} ERROR - Failed to import: /opt/airflow/dags/parquet_to_minio.py
Traceback (most recent call last):
  File "/home/airflow/.local/lib/python3.10/site-packages/airflow/models/dagbag.py", line 351, in parse
    loader.exec_module(new_module)
  File "<frozen importlib._bootstrap_external>", line 883, in exec_module
  File "<frozen importlib._bootstrap>", line 241, in _call_with_frames_removed
  File "/opt/airflow/dags/parquet_to_minio.py", line 11, in <module>
    from ETL.airflow.dags.minio_to_postgres import check_new_file
ModuleNotFoundError: No module named 'ETL'
[2025-08-06T11:02:38.971+0000] {processor.py:842} WARNING - No viable dags retrieved from /opt/airflow/dags/parquet_to_minio.py
[2025-08-06T11:02:38.985+0000] {processor.py:183} INFO - Processing /opt/airflow/dags/parquet_to_minio.py took 0.064 seconds
[2025-08-06T11:02:45.028+0000] {processor.py:161} INFO - Started process (PID=517) to work on /opt/airflow/dags/parquet_to_minio.py
[2025-08-06T11:02:45.029+0000] {processor.py:830} INFO - Processing file /opt/airflow/dags/parquet_to_minio.py for tasks to queue
[2025-08-06T11:02:45.030+0000] {logging_mixin.py:188} INFO - [2025-08-06T11:02:45.029+0000] {dagbag.py:545} INFO - Filling up the DagBag from /opt/airflow/dags/parquet_to_minio.py
[2025-08-06T11:02:45.076+0000] {logging_mixin.py:188} INFO - [2025-08-06T11:02:45.076+0000] {dagbag.py:355} ERROR - Failed to import: /opt/airflow/dags/parquet_to_minio.py
Traceback (most recent call last):
  File "/home/airflow/.local/lib/python3.10/site-packages/airflow/models/dagbag.py", line 351, in parse
    loader.exec_module(new_module)
  File "<frozen importlib._bootstrap_external>", line 883, in exec_module
  File "<frozen importlib._bootstrap>", line 241, in _call_with_frames_removed
  File "/opt/airflow/dags/parquet_to_minio.py", line 11, in <module>
    from ETL.airflow.dags.minio_to_postgres import check_new_file
ModuleNotFoundError: No module named 'ETL'
[2025-08-06T11:02:45.076+0000] {processor.py:842} WARNING - No viable dags retrieved from /opt/airflow/dags/parquet_to_minio.py
[2025-08-06T11:02:45.091+0000] {processor.py:183} INFO - Processing /opt/airflow/dags/parquet_to_minio.py took 0.067 seconds
[2025-08-06T11:02:52.056+0000] {processor.py:161} INFO - Started process (PID=522) to work on /opt/airflow/dags/parquet_to_minio.py
[2025-08-06T11:02:52.057+0000] {processor.py:830} INFO - Processing file /opt/airflow/dags/parquet_to_minio.py for tasks to queue
[2025-08-06T11:02:52.058+0000] {logging_mixin.py:188} INFO - [2025-08-06T11:02:52.057+0000] {dagbag.py:545} INFO - Filling up the DagBag from /opt/airflow/dags/parquet_to_minio.py
[2025-08-06T11:02:52.060+0000] {logging_mixin.py:188} INFO - [2025-08-06T11:02:52.060+0000] {dagbag.py:355} ERROR - Failed to import: /opt/airflow/dags/parquet_to_minio.py
Traceback (most recent call last):
  File "/home/airflow/.local/lib/python3.10/site-packages/airflow/models/dagbag.py", line 351, in parse
    loader.exec_module(new_module)
  File "<frozen importlib._bootstrap_external>", line 879, in exec_module
  File "<frozen importlib._bootstrap_external>", line 1017, in get_code
  File "<frozen importlib._bootstrap_external>", line 947, in source_to_code
  File "<frozen importlib._bootstrap>", line 241, in _call_with_frames_removed
  File "/opt/airflow/dags/parquet_to_minio.py", line 81
    )
    ^
SyntaxError: invalid syntax
[2025-08-06T11:02:52.060+0000] {processor.py:842} WARNING - No viable dags retrieved from /opt/airflow/dags/parquet_to_minio.py
[2025-08-06T11:02:52.074+0000] {processor.py:183} INFO - Processing /opt/airflow/dags/parquet_to_minio.py took 0.022 seconds
[2025-08-06T11:03:13.423+0000] {processor.py:161} INFO - Started process (PID=533) to work on /opt/airflow/dags/parquet_to_minio.py
[2025-08-06T11:03:13.424+0000] {processor.py:830} INFO - Processing file /opt/airflow/dags/parquet_to_minio.py for tasks to queue
[2025-08-06T11:03:13.424+0000] {logging_mixin.py:188} INFO - [2025-08-06T11:03:13.424+0000] {dagbag.py:545} INFO - Filling up the DagBag from /opt/airflow/dags/parquet_to_minio.py
[2025-08-06T11:03:13.469+0000] {logging_mixin.py:188} INFO - [2025-08-06T11:03:13.468+0000] {dagbag.py:355} ERROR - Failed to import: /opt/airflow/dags/parquet_to_minio.py
Traceback (most recent call last):
  File "/home/airflow/.local/lib/python3.10/site-packages/airflow/models/dagbag.py", line 351, in parse
    loader.exec_module(new_module)
  File "<frozen importlib._bootstrap_external>", line 883, in exec_module
  File "<frozen importlib._bootstrap>", line 241, in _call_with_frames_removed
  File "/opt/airflow/dags/parquet_to_minio.py", line 11, in <module>
    from ETL.airflow.dags.minio_to_postgres import check_new_file
ModuleNotFoundError: No module named 'ETL'
[2025-08-06T11:03:13.469+0000] {processor.py:842} WARNING - No viable dags retrieved from /opt/airflow/dags/parquet_to_minio.py
[2025-08-06T11:03:13.483+0000] {processor.py:183} INFO - Processing /opt/airflow/dags/parquet_to_minio.py took 0.064 seconds
[2025-08-06T11:03:23.461+0000] {processor.py:161} INFO - Started process (PID=538) to work on /opt/airflow/dags/parquet_to_minio.py
[2025-08-06T11:03:23.462+0000] {processor.py:830} INFO - Processing file /opt/airflow/dags/parquet_to_minio.py for tasks to queue
[2025-08-06T11:03:23.462+0000] {logging_mixin.py:188} INFO - [2025-08-06T11:03:23.462+0000] {dagbag.py:545} INFO - Filling up the DagBag from /opt/airflow/dags/parquet_to_minio.py
[2025-08-06T11:03:23.465+0000] {logging_mixin.py:188} INFO - [2025-08-06T11:03:23.464+0000] {dagbag.py:355} ERROR - Failed to import: /opt/airflow/dags/parquet_to_minio.py
Traceback (most recent call last):
  File "/home/airflow/.local/lib/python3.10/site-packages/airflow/models/dagbag.py", line 351, in parse
    loader.exec_module(new_module)
  File "<frozen importlib._bootstrap_external>", line 879, in exec_module
  File "<frozen importlib._bootstrap_external>", line 1017, in get_code
  File "<frozen importlib._bootstrap_external>", line 947, in source_to_code
  File "<frozen importlib._bootstrap>", line 241, in _call_with_frames_removed
  File "/opt/airflow/dags/parquet_to_minio.py", line 82
    )
    ^
SyntaxError: invalid syntax
[2025-08-06T11:03:23.465+0000] {processor.py:842} WARNING - No viable dags retrieved from /opt/airflow/dags/parquet_to_minio.py
[2025-08-06T11:03:23.479+0000] {processor.py:183} INFO - Processing /opt/airflow/dags/parquet_to_minio.py took 0.022 seconds
[2025-08-06T11:03:29.488+0000] {processor.py:161} INFO - Started process (PID=543) to work on /opt/airflow/dags/parquet_to_minio.py
[2025-08-06T11:03:29.489+0000] {processor.py:830} INFO - Processing file /opt/airflow/dags/parquet_to_minio.py for tasks to queue
[2025-08-06T11:03:29.489+0000] {logging_mixin.py:188} INFO - [2025-08-06T11:03:29.489+0000] {dagbag.py:545} INFO - Filling up the DagBag from /opt/airflow/dags/parquet_to_minio.py
[2025-08-06T11:03:29.535+0000] {logging_mixin.py:188} INFO - [2025-08-06T11:03:29.535+0000] {dagbag.py:355} ERROR - Failed to import: /opt/airflow/dags/parquet_to_minio.py
Traceback (most recent call last):
  File "/home/airflow/.local/lib/python3.10/site-packages/airflow/models/dagbag.py", line 351, in parse
    loader.exec_module(new_module)
  File "<frozen importlib._bootstrap_external>", line 883, in exec_module
  File "<frozen importlib._bootstrap>", line 241, in _call_with_frames_removed
  File "/opt/airflow/dags/parquet_to_minio.py", line 11, in <module>
    from ETL.airflow.dags.minio_to_postgres import check_new_file
ModuleNotFoundError: No module named 'ETL'
[2025-08-06T11:03:29.536+0000] {processor.py:842} WARNING - No viable dags retrieved from /opt/airflow/dags/parquet_to_minio.py
[2025-08-06T11:03:29.549+0000] {processor.py:183} INFO - Processing /opt/airflow/dags/parquet_to_minio.py took 0.065 seconds
[2025-08-06T11:03:37.544+0000] {processor.py:161} INFO - Started process (PID=548) to work on /opt/airflow/dags/parquet_to_minio.py
[2025-08-06T11:03:37.545+0000] {processor.py:830} INFO - Processing file /opt/airflow/dags/parquet_to_minio.py for tasks to queue
[2025-08-06T11:03:37.545+0000] {logging_mixin.py:188} INFO - [2025-08-06T11:03:37.545+0000] {dagbag.py:545} INFO - Filling up the DagBag from /opt/airflow/dags/parquet_to_minio.py
[2025-08-06T11:03:37.590+0000] {logging_mixin.py:188} INFO - [2025-08-06T11:03:37.590+0000] {dagbag.py:355} ERROR - Failed to import: /opt/airflow/dags/parquet_to_minio.py
Traceback (most recent call last):
  File "/home/airflow/.local/lib/python3.10/site-packages/airflow/models/dagbag.py", line 351, in parse
    loader.exec_module(new_module)
  File "<frozen importlib._bootstrap_external>", line 883, in exec_module
  File "<frozen importlib._bootstrap>", line 241, in _call_with_frames_removed
  File "/opt/airflow/dags/parquet_to_minio.py", line 11, in <module>
    from ETL.airflow.dags.minio_to_postgres import check_new_file
ModuleNotFoundError: No module named 'ETL'
[2025-08-06T11:03:37.591+0000] {processor.py:842} WARNING - No viable dags retrieved from /opt/airflow/dags/parquet_to_minio.py
[2025-08-06T11:03:37.604+0000] {processor.py:183} INFO - Processing /opt/airflow/dags/parquet_to_minio.py took 0.064 seconds
[2025-08-06T11:04:07.722+0000] {processor.py:161} INFO - Started process (PID=559) to work on /opt/airflow/dags/parquet_to_minio.py
[2025-08-06T11:04:07.729+0000] {processor.py:830} INFO - Processing file /opt/airflow/dags/parquet_to_minio.py for tasks to queue
[2025-08-06T11:04:07.730+0000] {logging_mixin.py:188} INFO - [2025-08-06T11:04:07.730+0000] {dagbag.py:545} INFO - Filling up the DagBag from /opt/airflow/dags/parquet_to_minio.py
[2025-08-06T11:04:07.774+0000] {logging_mixin.py:188} INFO - [2025-08-06T11:04:07.773+0000] {dagbag.py:355} ERROR - Failed to import: /opt/airflow/dags/parquet_to_minio.py
Traceback (most recent call last):
  File "/home/airflow/.local/lib/python3.10/site-packages/airflow/models/dagbag.py", line 351, in parse
    loader.exec_module(new_module)
  File "<frozen importlib._bootstrap_external>", line 883, in exec_module
  File "<frozen importlib._bootstrap>", line 241, in _call_with_frames_removed
  File "/opt/airflow/dags/parquet_to_minio.py", line 11, in <module>
    from ETL.airflow.dags.minio_to_postgres import check_new_file
ModuleNotFoundError: No module named 'ETL'
[2025-08-06T11:04:07.774+0000] {processor.py:842} WARNING - No viable dags retrieved from /opt/airflow/dags/parquet_to_minio.py
[2025-08-06T11:04:07.787+0000] {processor.py:183} INFO - Processing /opt/airflow/dags/parquet_to_minio.py took 0.070 seconds
[2025-08-06T11:04:37.901+0000] {processor.py:161} INFO - Started process (PID=570) to work on /opt/airflow/dags/parquet_to_minio.py
[2025-08-06T11:04:37.902+0000] {processor.py:830} INFO - Processing file /opt/airflow/dags/parquet_to_minio.py for tasks to queue
[2025-08-06T11:04:37.902+0000] {logging_mixin.py:188} INFO - [2025-08-06T11:04:37.902+0000] {dagbag.py:545} INFO - Filling up the DagBag from /opt/airflow/dags/parquet_to_minio.py
[2025-08-06T11:04:37.950+0000] {logging_mixin.py:188} INFO - [2025-08-06T11:04:37.949+0000] {dagbag.py:355} ERROR - Failed to import: /opt/airflow/dags/parquet_to_minio.py
Traceback (most recent call last):
  File "/home/airflow/.local/lib/python3.10/site-packages/airflow/models/dagbag.py", line 351, in parse
    loader.exec_module(new_module)
  File "<frozen importlib._bootstrap_external>", line 883, in exec_module
  File "<frozen importlib._bootstrap>", line 241, in _call_with_frames_removed
  File "/opt/airflow/dags/parquet_to_minio.py", line 11, in <module>
    from ETL.airflow.dags.minio_to_postgres import check_new_file
ModuleNotFoundError: No module named 'ETL'
[2025-08-06T11:04:37.950+0000] {processor.py:842} WARNING - No viable dags retrieved from /opt/airflow/dags/parquet_to_minio.py
[2025-08-06T11:04:37.963+0000] {processor.py:183} INFO - Processing /opt/airflow/dags/parquet_to_minio.py took 0.067 seconds
[2025-08-06T11:05:08.085+0000] {processor.py:161} INFO - Started process (PID=581) to work on /opt/airflow/dags/parquet_to_minio.py
[2025-08-06T11:05:08.093+0000] {processor.py:830} INFO - Processing file /opt/airflow/dags/parquet_to_minio.py for tasks to queue
[2025-08-06T11:05:08.094+0000] {logging_mixin.py:188} INFO - [2025-08-06T11:05:08.094+0000] {dagbag.py:545} INFO - Filling up the DagBag from /opt/airflow/dags/parquet_to_minio.py
[2025-08-06T11:05:08.138+0000] {logging_mixin.py:188} INFO - [2025-08-06T11:05:08.137+0000] {dagbag.py:355} ERROR - Failed to import: /opt/airflow/dags/parquet_to_minio.py
Traceback (most recent call last):
  File "/home/airflow/.local/lib/python3.10/site-packages/airflow/models/dagbag.py", line 351, in parse
    loader.exec_module(new_module)
  File "<frozen importlib._bootstrap_external>", line 883, in exec_module
  File "<frozen importlib._bootstrap>", line 241, in _call_with_frames_removed
  File "/opt/airflow/dags/parquet_to_minio.py", line 11, in <module>
    from ETL.airflow.dags.minio_to_postgres import check_new_file
ModuleNotFoundError: No module named 'ETL'
[2025-08-06T11:05:08.138+0000] {processor.py:842} WARNING - No viable dags retrieved from /opt/airflow/dags/parquet_to_minio.py
[2025-08-06T11:05:08.152+0000] {processor.py:183} INFO - Processing /opt/airflow/dags/parquet_to_minio.py took 0.071 seconds
[2025-08-06T11:05:38.268+0000] {processor.py:161} INFO - Started process (PID=592) to work on /opt/airflow/dags/parquet_to_minio.py
[2025-08-06T11:05:38.269+0000] {processor.py:830} INFO - Processing file /opt/airflow/dags/parquet_to_minio.py for tasks to queue
[2025-08-06T11:05:38.269+0000] {logging_mixin.py:188} INFO - [2025-08-06T11:05:38.269+0000] {dagbag.py:545} INFO - Filling up the DagBag from /opt/airflow/dags/parquet_to_minio.py
[2025-08-06T11:05:38.314+0000] {logging_mixin.py:188} INFO - [2025-08-06T11:05:38.313+0000] {dagbag.py:355} ERROR - Failed to import: /opt/airflow/dags/parquet_to_minio.py
Traceback (most recent call last):
  File "/home/airflow/.local/lib/python3.10/site-packages/airflow/models/dagbag.py", line 351, in parse
    loader.exec_module(new_module)
  File "<frozen importlib._bootstrap_external>", line 883, in exec_module
  File "<frozen importlib._bootstrap>", line 241, in _call_with_frames_removed
  File "/opt/airflow/dags/parquet_to_minio.py", line 11, in <module>
    from ETL.airflow.dags.minio_to_postgres import check_new_file
ModuleNotFoundError: No module named 'ETL'
[2025-08-06T11:05:38.314+0000] {processor.py:842} WARNING - No viable dags retrieved from /opt/airflow/dags/parquet_to_minio.py
[2025-08-06T11:05:38.328+0000] {processor.py:183} INFO - Processing /opt/airflow/dags/parquet_to_minio.py took 0.064 seconds
[2025-08-06T11:06:08.456+0000] {processor.py:161} INFO - Started process (PID=603) to work on /opt/airflow/dags/parquet_to_minio.py
[2025-08-06T11:06:08.464+0000] {processor.py:830} INFO - Processing file /opt/airflow/dags/parquet_to_minio.py for tasks to queue
[2025-08-06T11:06:08.465+0000] {logging_mixin.py:188} INFO - [2025-08-06T11:06:08.465+0000] {dagbag.py:545} INFO - Filling up the DagBag from /opt/airflow/dags/parquet_to_minio.py
[2025-08-06T11:06:08.522+0000] {logging_mixin.py:188} INFO - [2025-08-06T11:06:08.522+0000] {dagbag.py:355} ERROR - Failed to import: /opt/airflow/dags/parquet_to_minio.py
Traceback (most recent call last):
  File "/home/airflow/.local/lib/python3.10/site-packages/airflow/models/dagbag.py", line 351, in parse
    loader.exec_module(new_module)
  File "<frozen importlib._bootstrap_external>", line 883, in exec_module
  File "<frozen importlib._bootstrap>", line 241, in _call_with_frames_removed
  File "/opt/airflow/dags/parquet_to_minio.py", line 11, in <module>
    from ETL.airflow.dags.minio_to_postgres import check_new_file
ModuleNotFoundError: No module named 'ETL'
[2025-08-06T11:06:08.523+0000] {processor.py:842} WARNING - No viable dags retrieved from /opt/airflow/dags/parquet_to_minio.py
[2025-08-06T11:06:08.537+0000] {processor.py:183} INFO - Processing /opt/airflow/dags/parquet_to_minio.py took 0.087 seconds
[2025-08-06T11:06:38.645+0000] {processor.py:161} INFO - Started process (PID=614) to work on /opt/airflow/dags/parquet_to_minio.py
[2025-08-06T11:06:38.645+0000] {processor.py:830} INFO - Processing file /opt/airflow/dags/parquet_to_minio.py for tasks to queue
[2025-08-06T11:06:38.646+0000] {logging_mixin.py:188} INFO - [2025-08-06T11:06:38.645+0000] {dagbag.py:545} INFO - Filling up the DagBag from /opt/airflow/dags/parquet_to_minio.py
[2025-08-06T11:06:38.692+0000] {logging_mixin.py:188} INFO - [2025-08-06T11:06:38.691+0000] {dagbag.py:355} ERROR - Failed to import: /opt/airflow/dags/parquet_to_minio.py
Traceback (most recent call last):
  File "/home/airflow/.local/lib/python3.10/site-packages/airflow/models/dagbag.py", line 351, in parse
    loader.exec_module(new_module)
  File "<frozen importlib._bootstrap_external>", line 883, in exec_module
  File "<frozen importlib._bootstrap>", line 241, in _call_with_frames_removed
  File "/opt/airflow/dags/parquet_to_minio.py", line 11, in <module>
    from ETL.airflow.dags.minio_to_postgres import check_new_file
ModuleNotFoundError: No module named 'ETL'
[2025-08-06T11:06:38.692+0000] {processor.py:842} WARNING - No viable dags retrieved from /opt/airflow/dags/parquet_to_minio.py
[2025-08-06T11:06:38.706+0000] {processor.py:183} INFO - Processing /opt/airflow/dags/parquet_to_minio.py took 0.065 seconds
[2025-08-06T11:07:08.810+0000] {processor.py:161} INFO - Started process (PID=625) to work on /opt/airflow/dags/parquet_to_minio.py
[2025-08-06T11:07:08.817+0000] {processor.py:830} INFO - Processing file /opt/airflow/dags/parquet_to_minio.py for tasks to queue
[2025-08-06T11:07:08.818+0000] {logging_mixin.py:188} INFO - [2025-08-06T11:07:08.818+0000] {dagbag.py:545} INFO - Filling up the DagBag from /opt/airflow/dags/parquet_to_minio.py
[2025-08-06T11:07:08.864+0000] {logging_mixin.py:188} INFO - [2025-08-06T11:07:08.864+0000] {dagbag.py:355} ERROR - Failed to import: /opt/airflow/dags/parquet_to_minio.py
Traceback (most recent call last):
  File "/home/airflow/.local/lib/python3.10/site-packages/airflow/models/dagbag.py", line 351, in parse
    loader.exec_module(new_module)
  File "<frozen importlib._bootstrap_external>", line 883, in exec_module
  File "<frozen importlib._bootstrap>", line 241, in _call_with_frames_removed
  File "/opt/airflow/dags/parquet_to_minio.py", line 11, in <module>
    from ETL.airflow.dags.minio_to_postgres import check_new_file
ModuleNotFoundError: No module named 'ETL'
[2025-08-06T11:07:08.865+0000] {processor.py:842} WARNING - No viable dags retrieved from /opt/airflow/dags/parquet_to_minio.py
[2025-08-06T11:07:08.878+0000] {processor.py:183} INFO - Processing /opt/airflow/dags/parquet_to_minio.py took 0.074 seconds
[2025-08-06T11:07:38.985+0000] {processor.py:161} INFO - Started process (PID=636) to work on /opt/airflow/dags/parquet_to_minio.py
[2025-08-06T11:07:38.986+0000] {processor.py:830} INFO - Processing file /opt/airflow/dags/parquet_to_minio.py for tasks to queue
[2025-08-06T11:07:38.987+0000] {logging_mixin.py:188} INFO - [2025-08-06T11:07:38.986+0000] {dagbag.py:545} INFO - Filling up the DagBag from /opt/airflow/dags/parquet_to_minio.py
[2025-08-06T11:07:39.038+0000] {logging_mixin.py:188} INFO - [2025-08-06T11:07:39.037+0000] {dagbag.py:355} ERROR - Failed to import: /opt/airflow/dags/parquet_to_minio.py
Traceback (most recent call last):
  File "/home/airflow/.local/lib/python3.10/site-packages/airflow/models/dagbag.py", line 351, in parse
    loader.exec_module(new_module)
  File "<frozen importlib._bootstrap_external>", line 883, in exec_module
  File "<frozen importlib._bootstrap>", line 241, in _call_with_frames_removed
  File "/opt/airflow/dags/parquet_to_minio.py", line 11, in <module>
    from ETL.airflow.dags.minio_to_postgres import check_new_file
ModuleNotFoundError: No module named 'ETL'
[2025-08-06T11:07:39.038+0000] {processor.py:842} WARNING - No viable dags retrieved from /opt/airflow/dags/parquet_to_minio.py
[2025-08-06T11:07:39.054+0000] {processor.py:183} INFO - Processing /opt/airflow/dags/parquet_to_minio.py took 0.073 seconds
[2025-08-06T11:08:09.177+0000] {processor.py:161} INFO - Started process (PID=647) to work on /opt/airflow/dags/parquet_to_minio.py
[2025-08-06T11:08:09.185+0000] {processor.py:830} INFO - Processing file /opt/airflow/dags/parquet_to_minio.py for tasks to queue
[2025-08-06T11:08:09.185+0000] {logging_mixin.py:188} INFO - [2025-08-06T11:08:09.185+0000] {dagbag.py:545} INFO - Filling up the DagBag from /opt/airflow/dags/parquet_to_minio.py
[2025-08-06T11:08:09.231+0000] {logging_mixin.py:188} INFO - [2025-08-06T11:08:09.231+0000] {dagbag.py:355} ERROR - Failed to import: /opt/airflow/dags/parquet_to_minio.py
Traceback (most recent call last):
  File "/home/airflow/.local/lib/python3.10/site-packages/airflow/models/dagbag.py", line 351, in parse
    loader.exec_module(new_module)
  File "<frozen importlib._bootstrap_external>", line 883, in exec_module
  File "<frozen importlib._bootstrap>", line 241, in _call_with_frames_removed
  File "/opt/airflow/dags/parquet_to_minio.py", line 12, in <module>
    from ETL.airflow.dags.minio_to_postgres import check_new_file
ModuleNotFoundError: No module named 'ETL'
[2025-08-06T11:08:09.231+0000] {processor.py:842} WARNING - No viable dags retrieved from /opt/airflow/dags/parquet_to_minio.py
[2025-08-06T11:08:09.245+0000] {processor.py:183} INFO - Processing /opt/airflow/dags/parquet_to_minio.py took 0.073 seconds
[2025-08-06T11:08:39.365+0000] {processor.py:161} INFO - Started process (PID=658) to work on /opt/airflow/dags/parquet_to_minio.py
[2025-08-06T11:08:39.366+0000] {processor.py:830} INFO - Processing file /opt/airflow/dags/parquet_to_minio.py for tasks to queue
[2025-08-06T11:08:39.366+0000] {logging_mixin.py:188} INFO - [2025-08-06T11:08:39.366+0000] {dagbag.py:545} INFO - Filling up the DagBag from /opt/airflow/dags/parquet_to_minio.py
[2025-08-06T11:08:39.411+0000] {logging_mixin.py:188} INFO - [2025-08-06T11:08:39.410+0000] {dagbag.py:355} ERROR - Failed to import: /opt/airflow/dags/parquet_to_minio.py
Traceback (most recent call last):
  File "/home/airflow/.local/lib/python3.10/site-packages/airflow/models/dagbag.py", line 351, in parse
    loader.exec_module(new_module)
  File "<frozen importlib._bootstrap_external>", line 883, in exec_module
  File "<frozen importlib._bootstrap>", line 241, in _call_with_frames_removed
  File "/opt/airflow/dags/parquet_to_minio.py", line 12, in <module>
    from ETL.airflow.dags.minio_to_postgres import check_new_file
ModuleNotFoundError: No module named 'ETL'
[2025-08-06T11:08:39.411+0000] {processor.py:842} WARNING - No viable dags retrieved from /opt/airflow/dags/parquet_to_minio.py
[2025-08-06T11:08:39.424+0000] {processor.py:183} INFO - Processing /opt/airflow/dags/parquet_to_minio.py took 0.064 seconds
[2025-08-06T11:09:09.547+0000] {processor.py:161} INFO - Started process (PID=669) to work on /opt/airflow/dags/parquet_to_minio.py
[2025-08-06T11:09:09.554+0000] {processor.py:830} INFO - Processing file /opt/airflow/dags/parquet_to_minio.py for tasks to queue
[2025-08-06T11:09:09.556+0000] {logging_mixin.py:188} INFO - [2025-08-06T11:09:09.555+0000] {dagbag.py:545} INFO - Filling up the DagBag from /opt/airflow/dags/parquet_to_minio.py
[2025-08-06T11:09:09.600+0000] {logging_mixin.py:188} INFO - [2025-08-06T11:09:09.599+0000] {dagbag.py:355} ERROR - Failed to import: /opt/airflow/dags/parquet_to_minio.py
Traceback (most recent call last):
  File "/home/airflow/.local/lib/python3.10/site-packages/airflow/models/dagbag.py", line 351, in parse
    loader.exec_module(new_module)
  File "<frozen importlib._bootstrap_external>", line 883, in exec_module
  File "<frozen importlib._bootstrap>", line 241, in _call_with_frames_removed
  File "/opt/airflow/dags/parquet_to_minio.py", line 12, in <module>
    from ETL.airflow.dags.minio_to_postgres import check_new_file
ModuleNotFoundError: No module named 'ETL'
[2025-08-06T11:09:09.600+0000] {processor.py:842} WARNING - No viable dags retrieved from /opt/airflow/dags/parquet_to_minio.py
[2025-08-06T11:09:09.614+0000] {processor.py:183} INFO - Processing /opt/airflow/dags/parquet_to_minio.py took 0.072 seconds
[2025-08-06T11:09:39.729+0000] {processor.py:161} INFO - Started process (PID=680) to work on /opt/airflow/dags/parquet_to_minio.py
[2025-08-06T11:09:39.730+0000] {processor.py:830} INFO - Processing file /opt/airflow/dags/parquet_to_minio.py for tasks to queue
[2025-08-06T11:09:39.730+0000] {logging_mixin.py:188} INFO - [2025-08-06T11:09:39.730+0000] {dagbag.py:545} INFO - Filling up the DagBag from /opt/airflow/dags/parquet_to_minio.py
[2025-08-06T11:09:39.774+0000] {logging_mixin.py:188} INFO - [2025-08-06T11:09:39.774+0000] {dagbag.py:355} ERROR - Failed to import: /opt/airflow/dags/parquet_to_minio.py
Traceback (most recent call last):
  File "/home/airflow/.local/lib/python3.10/site-packages/airflow/models/dagbag.py", line 351, in parse
    loader.exec_module(new_module)
  File "<frozen importlib._bootstrap_external>", line 883, in exec_module
  File "<frozen importlib._bootstrap>", line 241, in _call_with_frames_removed
  File "/opt/airflow/dags/parquet_to_minio.py", line 12, in <module>
    from ETL.airflow.dags.minio_to_postgres import check_new_file
ModuleNotFoundError: No module named 'ETL'
[2025-08-06T11:09:39.774+0000] {processor.py:842} WARNING - No viable dags retrieved from /opt/airflow/dags/parquet_to_minio.py
[2025-08-06T11:09:39.788+0000] {processor.py:183} INFO - Processing /opt/airflow/dags/parquet_to_minio.py took 0.064 seconds
[2025-08-06T11:10:09.903+0000] {processor.py:161} INFO - Started process (PID=691) to work on /opt/airflow/dags/parquet_to_minio.py
[2025-08-06T11:10:09.904+0000] {processor.py:830} INFO - Processing file /opt/airflow/dags/parquet_to_minio.py for tasks to queue
[2025-08-06T11:10:09.905+0000] {logging_mixin.py:188} INFO - [2025-08-06T11:10:09.904+0000] {dagbag.py:545} INFO - Filling up the DagBag from /opt/airflow/dags/parquet_to_minio.py
[2025-08-06T11:10:09.950+0000] {logging_mixin.py:188} INFO - [2025-08-06T11:10:09.949+0000] {dagbag.py:355} ERROR - Failed to import: /opt/airflow/dags/parquet_to_minio.py
Traceback (most recent call last):
  File "/home/airflow/.local/lib/python3.10/site-packages/airflow/models/dagbag.py", line 351, in parse
    loader.exec_module(new_module)
  File "<frozen importlib._bootstrap_external>", line 883, in exec_module
  File "<frozen importlib._bootstrap>", line 241, in _call_with_frames_removed
  File "/opt/airflow/dags/parquet_to_minio.py", line 12, in <module>
    from ETL.airflow.dags.minio_to_postgres import check_new_file
ModuleNotFoundError: No module named 'ETL'
[2025-08-06T11:10:09.950+0000] {processor.py:842} WARNING - No viable dags retrieved from /opt/airflow/dags/parquet_to_minio.py
[2025-08-06T11:10:09.964+0000] {processor.py:183} INFO - Processing /opt/airflow/dags/parquet_to_minio.py took 0.065 seconds
[2025-08-06T11:10:40.077+0000] {processor.py:161} INFO - Started process (PID=702) to work on /opt/airflow/dags/parquet_to_minio.py
[2025-08-06T11:10:40.078+0000] {processor.py:830} INFO - Processing file /opt/airflow/dags/parquet_to_minio.py for tasks to queue
[2025-08-06T11:10:40.079+0000] {logging_mixin.py:188} INFO - [2025-08-06T11:10:40.078+0000] {dagbag.py:545} INFO - Filling up the DagBag from /opt/airflow/dags/parquet_to_minio.py
[2025-08-06T11:10:40.124+0000] {logging_mixin.py:188} INFO - [2025-08-06T11:10:40.124+0000] {dagbag.py:355} ERROR - Failed to import: /opt/airflow/dags/parquet_to_minio.py
Traceback (most recent call last):
  File "/home/airflow/.local/lib/python3.10/site-packages/airflow/models/dagbag.py", line 351, in parse
    loader.exec_module(new_module)
  File "<frozen importlib._bootstrap_external>", line 883, in exec_module
  File "<frozen importlib._bootstrap>", line 241, in _call_with_frames_removed
  File "/opt/airflow/dags/parquet_to_minio.py", line 12, in <module>
    from ETL.airflow.dags.minio_to_postgres import check_new_file
ModuleNotFoundError: No module named 'ETL'
[2025-08-06T11:10:40.125+0000] {processor.py:842} WARNING - No viable dags retrieved from /opt/airflow/dags/parquet_to_minio.py
[2025-08-06T11:10:40.139+0000] {processor.py:183} INFO - Processing /opt/airflow/dags/parquet_to_minio.py took 0.066 seconds
[2025-08-06T11:11:10.247+0000] {processor.py:161} INFO - Started process (PID=713) to work on /opt/airflow/dags/parquet_to_minio.py
[2025-08-06T11:11:10.248+0000] {processor.py:830} INFO - Processing file /opt/airflow/dags/parquet_to_minio.py for tasks to queue
[2025-08-06T11:11:10.249+0000] {logging_mixin.py:188} INFO - [2025-08-06T11:11:10.248+0000] {dagbag.py:545} INFO - Filling up the DagBag from /opt/airflow/dags/parquet_to_minio.py
[2025-08-06T11:11:10.293+0000] {logging_mixin.py:188} INFO - [2025-08-06T11:11:10.292+0000] {dagbag.py:355} ERROR - Failed to import: /opt/airflow/dags/parquet_to_minio.py
Traceback (most recent call last):
  File "/home/airflow/.local/lib/python3.10/site-packages/airflow/models/dagbag.py", line 351, in parse
    loader.exec_module(new_module)
  File "<frozen importlib._bootstrap_external>", line 883, in exec_module
  File "<frozen importlib._bootstrap>", line 241, in _call_with_frames_removed
  File "/opt/airflow/dags/parquet_to_minio.py", line 12, in <module>
    from ETL.airflow.dags.minio_to_postgres import check_new_file
ModuleNotFoundError: No module named 'ETL'
[2025-08-06T11:11:10.293+0000] {processor.py:842} WARNING - No viable dags retrieved from /opt/airflow/dags/parquet_to_minio.py
[2025-08-06T11:11:10.308+0000] {processor.py:183} INFO - Processing /opt/airflow/dags/parquet_to_minio.py took 0.066 seconds
[2025-08-06T11:11:35.394+0000] {processor.py:161} INFO - Started process (PID=724) to work on /opt/airflow/dags/parquet_to_minio.py
[2025-08-06T11:11:35.395+0000] {processor.py:830} INFO - Processing file /opt/airflow/dags/parquet_to_minio.py for tasks to queue
[2025-08-06T11:11:35.395+0000] {logging_mixin.py:188} INFO - [2025-08-06T11:11:35.395+0000] {dagbag.py:545} INFO - Filling up the DagBag from /opt/airflow/dags/parquet_to_minio.py
[2025-08-06T11:11:35.444+0000] {processor.py:840} INFO - DAG(s) 'parquet_in_minio' retrieved from /opt/airflow/dags/parquet_to_minio.py
[2025-08-06T11:11:35.511+0000] {logging_mixin.py:188} INFO - [2025-08-06T11:11:35.511+0000] {dag.py:3096} INFO - Sync 1 DAGs
[2025-08-06T11:11:35.524+0000] {logging_mixin.py:188} INFO - [2025-08-06T11:11:35.524+0000] {dag.py:3954} INFO - Setting next_dagrun for parquet_in_minio to 2025-08-01 00:00:00+00:00, run_after=2025-09-01 00:00:00+00:00
[2025-08-06T11:11:35.537+0000] {processor.py:183} INFO - Processing /opt/airflow/dags/parquet_to_minio.py took 0.148 seconds
[2025-08-06T11:12:05.638+0000] {processor.py:161} INFO - Started process (PID=735) to work on /opt/airflow/dags/parquet_to_minio.py
[2025-08-06T11:12:05.638+0000] {processor.py:830} INFO - Processing file /opt/airflow/dags/parquet_to_minio.py for tasks to queue
[2025-08-06T11:12:05.639+0000] {logging_mixin.py:188} INFO - [2025-08-06T11:12:05.639+0000] {dagbag.py:545} INFO - Filling up the DagBag from /opt/airflow/dags/parquet_to_minio.py
[2025-08-06T11:12:05.687+0000] {processor.py:840} INFO - DAG(s) 'parquet_in_minio' retrieved from /opt/airflow/dags/parquet_to_minio.py
[2025-08-06T11:12:05.703+0000] {logging_mixin.py:188} INFO - [2025-08-06T11:12:05.703+0000] {dag.py:3096} INFO - Sync 1 DAGs
[2025-08-06T11:12:05.717+0000] {logging_mixin.py:188} INFO - [2025-08-06T11:12:05.717+0000] {dag.py:3954} INFO - Setting next_dagrun for parquet_in_minio to 2025-08-01 00:00:00+00:00, run_after=2025-09-01 00:00:00+00:00
[2025-08-06T11:12:05.728+0000] {processor.py:183} INFO - Processing /opt/airflow/dags/parquet_to_minio.py took 0.095 seconds
[2025-08-06T11:12:35.829+0000] {processor.py:161} INFO - Started process (PID=746) to work on /opt/airflow/dags/parquet_to_minio.py
[2025-08-06T11:12:35.830+0000] {processor.py:830} INFO - Processing file /opt/airflow/dags/parquet_to_minio.py for tasks to queue
[2025-08-06T11:12:35.830+0000] {logging_mixin.py:188} INFO - [2025-08-06T11:12:35.830+0000] {dagbag.py:545} INFO - Filling up the DagBag from /opt/airflow/dags/parquet_to_minio.py
[2025-08-06T11:12:35.887+0000] {processor.py:840} INFO - DAG(s) 'parquet_in_minio' retrieved from /opt/airflow/dags/parquet_to_minio.py
[2025-08-06T11:12:35.904+0000] {logging_mixin.py:188} INFO - [2025-08-06T11:12:35.904+0000] {dag.py:3096} INFO - Sync 1 DAGs
[2025-08-06T11:12:35.921+0000] {logging_mixin.py:188} INFO - [2025-08-06T11:12:35.921+0000] {dag.py:3954} INFO - Setting next_dagrun for parquet_in_minio to 2025-08-01 00:00:00+00:00, run_after=2025-09-01 00:00:00+00:00
[2025-08-06T11:12:35.933+0000] {processor.py:183} INFO - Processing /opt/airflow/dags/parquet_to_minio.py took 0.109 seconds
[2025-08-06T11:13:06.035+0000] {processor.py:161} INFO - Started process (PID=757) to work on /opt/airflow/dags/parquet_to_minio.py
[2025-08-06T11:13:06.043+0000] {processor.py:830} INFO - Processing file /opt/airflow/dags/parquet_to_minio.py for tasks to queue
[2025-08-06T11:13:06.044+0000] {logging_mixin.py:188} INFO - [2025-08-06T11:13:06.044+0000] {dagbag.py:545} INFO - Filling up the DagBag from /opt/airflow/dags/parquet_to_minio.py
[2025-08-06T11:13:06.092+0000] {processor.py:840} INFO - DAG(s) 'parquet_in_minio' retrieved from /opt/airflow/dags/parquet_to_minio.py
[2025-08-06T11:13:06.109+0000] {logging_mixin.py:188} INFO - [2025-08-06T11:13:06.109+0000] {dag.py:3096} INFO - Sync 1 DAGs
[2025-08-06T11:13:06.125+0000] {logging_mixin.py:188} INFO - [2025-08-06T11:13:06.125+0000] {dag.py:3954} INFO - Setting next_dagrun for parquet_in_minio to 2025-08-01 00:00:00+00:00, run_after=2025-09-01 00:00:00+00:00
[2025-08-06T11:13:06.135+0000] {processor.py:183} INFO - Processing /opt/airflow/dags/parquet_to_minio.py took 0.105 seconds
[2025-08-06T11:13:36.245+0000] {processor.py:161} INFO - Started process (PID=768) to work on /opt/airflow/dags/parquet_to_minio.py
[2025-08-06T11:13:36.252+0000] {processor.py:830} INFO - Processing file /opt/airflow/dags/parquet_to_minio.py for tasks to queue
[2025-08-06T11:13:36.253+0000] {logging_mixin.py:188} INFO - [2025-08-06T11:13:36.253+0000] {dagbag.py:545} INFO - Filling up the DagBag from /opt/airflow/dags/parquet_to_minio.py
[2025-08-06T11:13:36.301+0000] {processor.py:840} INFO - DAG(s) 'parquet_in_minio' retrieved from /opt/airflow/dags/parquet_to_minio.py
[2025-08-06T11:13:36.318+0000] {logging_mixin.py:188} INFO - [2025-08-06T11:13:36.318+0000] {dag.py:3096} INFO - Sync 1 DAGs
[2025-08-06T11:13:36.332+0000] {logging_mixin.py:188} INFO - [2025-08-06T11:13:36.332+0000] {dag.py:3954} INFO - Setting next_dagrun for parquet_in_minio to 2025-08-01 00:00:00+00:00, run_after=2025-09-01 00:00:00+00:00
[2025-08-06T11:13:36.342+0000] {processor.py:183} INFO - Processing /opt/airflow/dags/parquet_to_minio.py took 0.102 seconds
[2025-08-06T11:14:06.440+0000] {processor.py:161} INFO - Started process (PID=779) to work on /opt/airflow/dags/parquet_to_minio.py
[2025-08-06T11:14:06.448+0000] {processor.py:830} INFO - Processing file /opt/airflow/dags/parquet_to_minio.py for tasks to queue
[2025-08-06T11:14:06.449+0000] {logging_mixin.py:188} INFO - [2025-08-06T11:14:06.449+0000] {dagbag.py:545} INFO - Filling up the DagBag from /opt/airflow/dags/parquet_to_minio.py
[2025-08-06T11:14:06.500+0000] {processor.py:840} INFO - DAG(s) 'parquet_in_minio' retrieved from /opt/airflow/dags/parquet_to_minio.py
[2025-08-06T11:14:06.517+0000] {logging_mixin.py:188} INFO - [2025-08-06T11:14:06.517+0000] {dag.py:3096} INFO - Sync 1 DAGs
[2025-08-06T11:14:06.532+0000] {logging_mixin.py:188} INFO - [2025-08-06T11:14:06.532+0000] {dag.py:3954} INFO - Setting next_dagrun for parquet_in_minio to 2025-08-01 00:00:00+00:00, run_after=2025-09-01 00:00:00+00:00
[2025-08-06T11:14:06.542+0000] {processor.py:183} INFO - Processing /opt/airflow/dags/parquet_to_minio.py took 0.107 seconds
[2025-08-06T11:14:36.644+0000] {processor.py:161} INFO - Started process (PID=790) to work on /opt/airflow/dags/parquet_to_minio.py
[2025-08-06T11:14:36.645+0000] {processor.py:830} INFO - Processing file /opt/airflow/dags/parquet_to_minio.py for tasks to queue
[2025-08-06T11:14:36.645+0000] {logging_mixin.py:188} INFO - [2025-08-06T11:14:36.645+0000] {dagbag.py:545} INFO - Filling up the DagBag from /opt/airflow/dags/parquet_to_minio.py
[2025-08-06T11:14:36.694+0000] {processor.py:840} INFO - DAG(s) 'parquet_in_minio' retrieved from /opt/airflow/dags/parquet_to_minio.py
[2025-08-06T11:14:36.710+0000] {logging_mixin.py:188} INFO - [2025-08-06T11:14:36.710+0000] {dag.py:3096} INFO - Sync 1 DAGs
[2025-08-06T11:14:36.725+0000] {logging_mixin.py:188} INFO - [2025-08-06T11:14:36.725+0000] {dag.py:3954} INFO - Setting next_dagrun for parquet_in_minio to 2025-08-01 00:00:00+00:00, run_after=2025-09-01 00:00:00+00:00
[2025-08-06T11:14:36.735+0000] {processor.py:183} INFO - Processing /opt/airflow/dags/parquet_to_minio.py took 0.096 seconds
[2025-08-06T11:15:06.837+0000] {processor.py:161} INFO - Started process (PID=799) to work on /opt/airflow/dags/parquet_to_minio.py
[2025-08-06T11:15:06.838+0000] {processor.py:830} INFO - Processing file /opt/airflow/dags/parquet_to_minio.py for tasks to queue
[2025-08-06T11:15:06.838+0000] {logging_mixin.py:188} INFO - [2025-08-06T11:15:06.838+0000] {dagbag.py:545} INFO - Filling up the DagBag from /opt/airflow/dags/parquet_to_minio.py
[2025-08-06T11:15:06.887+0000] {processor.py:840} INFO - DAG(s) 'parquet_in_minio' retrieved from /opt/airflow/dags/parquet_to_minio.py
[2025-08-06T11:15:06.904+0000] {logging_mixin.py:188} INFO - [2025-08-06T11:15:06.904+0000] {dag.py:3096} INFO - Sync 1 DAGs
[2025-08-06T11:15:06.919+0000] {logging_mixin.py:188} INFO - [2025-08-06T11:15:06.919+0000] {dag.py:3954} INFO - Setting next_dagrun for parquet_in_minio to 2025-08-01 00:00:00+00:00, run_after=2025-09-01 00:00:00+00:00
[2025-08-06T11:15:06.930+0000] {processor.py:183} INFO - Processing /opt/airflow/dags/parquet_to_minio.py took 0.097 seconds
[2025-08-06T11:15:37.053+0000] {processor.py:161} INFO - Started process (PID=806) to work on /opt/airflow/dags/parquet_to_minio.py
[2025-08-06T11:15:37.061+0000] {processor.py:830} INFO - Processing file /opt/airflow/dags/parquet_to_minio.py for tasks to queue
[2025-08-06T11:15:37.061+0000] {logging_mixin.py:188} INFO - [2025-08-06T11:15:37.061+0000] {dagbag.py:545} INFO - Filling up the DagBag from /opt/airflow/dags/parquet_to_minio.py
[2025-08-06T11:15:37.118+0000] {processor.py:840} INFO - DAG(s) 'parquet_in_minio' retrieved from /opt/airflow/dags/parquet_to_minio.py
[2025-08-06T11:15:37.135+0000] {logging_mixin.py:188} INFO - [2025-08-06T11:15:37.135+0000] {dag.py:3096} INFO - Sync 1 DAGs
[2025-08-06T11:15:37.151+0000] {logging_mixin.py:188} INFO - [2025-08-06T11:15:37.151+0000] {dag.py:3954} INFO - Setting next_dagrun for parquet_in_minio to 2025-08-01 00:00:00+00:00, run_after=2025-09-01 00:00:00+00:00
[2025-08-06T11:15:37.163+0000] {processor.py:183} INFO - Processing /opt/airflow/dags/parquet_to_minio.py took 0.115 seconds
[2025-08-06T11:16:07.282+0000] {processor.py:161} INFO - Started process (PID=817) to work on /opt/airflow/dags/parquet_to_minio.py
[2025-08-06T11:16:07.283+0000] {processor.py:830} INFO - Processing file /opt/airflow/dags/parquet_to_minio.py for tasks to queue
[2025-08-06T11:16:07.283+0000] {logging_mixin.py:188} INFO - [2025-08-06T11:16:07.283+0000] {dagbag.py:545} INFO - Filling up the DagBag from /opt/airflow/dags/parquet_to_minio.py
[2025-08-06T11:16:07.332+0000] {processor.py:840} INFO - DAG(s) 'parquet_in_minio' retrieved from /opt/airflow/dags/parquet_to_minio.py
[2025-08-06T11:16:07.349+0000] {logging_mixin.py:188} INFO - [2025-08-06T11:16:07.349+0000] {dag.py:3096} INFO - Sync 1 DAGs
[2025-08-06T11:16:07.364+0000] {logging_mixin.py:188} INFO - [2025-08-06T11:16:07.364+0000] {dag.py:3954} INFO - Setting next_dagrun for parquet_in_minio to 2025-08-01 00:00:00+00:00, run_after=2025-09-01 00:00:00+00:00
[2025-08-06T11:16:07.374+0000] {processor.py:183} INFO - Processing /opt/airflow/dags/parquet_to_minio.py took 0.097 seconds
[2025-08-06T11:16:37.491+0000] {processor.py:161} INFO - Started process (PID=830) to work on /opt/airflow/dags/parquet_to_minio.py
[2025-08-06T11:16:37.492+0000] {processor.py:830} INFO - Processing file /opt/airflow/dags/parquet_to_minio.py for tasks to queue
[2025-08-06T11:16:37.493+0000] {logging_mixin.py:188} INFO - [2025-08-06T11:16:37.492+0000] {dagbag.py:545} INFO - Filling up the DagBag from /opt/airflow/dags/parquet_to_minio.py
[2025-08-06T11:16:37.547+0000] {processor.py:840} INFO - DAG(s) 'parquet_in_minio' retrieved from /opt/airflow/dags/parquet_to_minio.py
[2025-08-06T11:16:37.566+0000] {logging_mixin.py:188} INFO - [2025-08-06T11:16:37.566+0000] {dag.py:3096} INFO - Sync 1 DAGs
[2025-08-06T11:16:37.582+0000] {logging_mixin.py:188} INFO - [2025-08-06T11:16:37.581+0000] {dag.py:3954} INFO - Setting next_dagrun for parquet_in_minio to 2025-08-01 00:00:00+00:00, run_after=2025-09-01 00:00:00+00:00
[2025-08-06T11:16:37.593+0000] {processor.py:183} INFO - Processing /opt/airflow/dags/parquet_to_minio.py took 0.107 seconds
[2025-08-06T11:17:07.707+0000] {processor.py:161} INFO - Started process (PID=841) to work on /opt/airflow/dags/parquet_to_minio.py
[2025-08-06T11:17:07.708+0000] {processor.py:830} INFO - Processing file /opt/airflow/dags/parquet_to_minio.py for tasks to queue
[2025-08-06T11:17:07.708+0000] {logging_mixin.py:188} INFO - [2025-08-06T11:17:07.708+0000] {dagbag.py:545} INFO - Filling up the DagBag from /opt/airflow/dags/parquet_to_minio.py
[2025-08-06T11:17:07.757+0000] {processor.py:840} INFO - DAG(s) 'parquet_in_minio' retrieved from /opt/airflow/dags/parquet_to_minio.py
[2025-08-06T11:17:07.773+0000] {logging_mixin.py:188} INFO - [2025-08-06T11:17:07.773+0000] {dag.py:3096} INFO - Sync 1 DAGs
[2025-08-06T11:17:07.788+0000] {logging_mixin.py:188} INFO - [2025-08-06T11:17:07.788+0000] {dag.py:3954} INFO - Setting next_dagrun for parquet_in_minio to 2025-08-01 00:00:00+00:00, run_after=2025-09-01 00:00:00+00:00
[2025-08-06T11:17:07.799+0000] {processor.py:183} INFO - Processing /opt/airflow/dags/parquet_to_minio.py took 0.096 seconds
[2025-08-06T11:17:37.915+0000] {processor.py:161} INFO - Started process (PID=854) to work on /opt/airflow/dags/parquet_to_minio.py
[2025-08-06T11:17:37.916+0000] {processor.py:830} INFO - Processing file /opt/airflow/dags/parquet_to_minio.py for tasks to queue
[2025-08-06T11:17:37.916+0000] {logging_mixin.py:188} INFO - [2025-08-06T11:17:37.916+0000] {dagbag.py:545} INFO - Filling up the DagBag from /opt/airflow/dags/parquet_to_minio.py
[2025-08-06T11:17:37.971+0000] {processor.py:840} INFO - DAG(s) 'parquet_in_minio' retrieved from /opt/airflow/dags/parquet_to_minio.py
[2025-08-06T11:17:37.989+0000] {logging_mixin.py:188} INFO - [2025-08-06T11:17:37.988+0000] {dag.py:3096} INFO - Sync 1 DAGs
[2025-08-06T11:17:38.005+0000] {logging_mixin.py:188} INFO - [2025-08-06T11:17:38.005+0000] {dag.py:3954} INFO - Setting next_dagrun for parquet_in_minio to 2025-08-01 00:00:00+00:00, run_after=2025-09-01 00:00:00+00:00
[2025-08-06T11:17:38.016+0000] {processor.py:183} INFO - Processing /opt/airflow/dags/parquet_to_minio.py took 0.106 seconds
[2025-08-06T11:18:08.133+0000] {processor.py:161} INFO - Started process (PID=865) to work on /opt/airflow/dags/parquet_to_minio.py
[2025-08-06T11:18:08.141+0000] {processor.py:830} INFO - Processing file /opt/airflow/dags/parquet_to_minio.py for tasks to queue
[2025-08-06T11:18:08.142+0000] {logging_mixin.py:188} INFO - [2025-08-06T11:18:08.142+0000] {dagbag.py:545} INFO - Filling up the DagBag from /opt/airflow/dags/parquet_to_minio.py
[2025-08-06T11:18:08.192+0000] {processor.py:840} INFO - DAG(s) 'parquet_in_minio' retrieved from /opt/airflow/dags/parquet_to_minio.py
[2025-08-06T11:18:08.209+0000] {logging_mixin.py:188} INFO - [2025-08-06T11:18:08.209+0000] {dag.py:3096} INFO - Sync 1 DAGs
[2025-08-06T11:18:08.225+0000] {logging_mixin.py:188} INFO - [2025-08-06T11:18:08.225+0000] {dag.py:3954} INFO - Setting next_dagrun for parquet_in_minio to 2025-08-01 00:00:00+00:00, run_after=2025-09-01 00:00:00+00:00
[2025-08-06T11:18:08.237+0000] {processor.py:183} INFO - Processing /opt/airflow/dags/parquet_to_minio.py took 0.108 seconds
[2025-08-06T11:18:31.706+0000] {processor.py:161} INFO - Started process (PID=878) to work on /opt/airflow/dags/parquet_to_minio.py
[2025-08-06T11:18:31.714+0000] {processor.py:830} INFO - Processing file /opt/airflow/dags/parquet_to_minio.py for tasks to queue
[2025-08-06T11:18:31.715+0000] {logging_mixin.py:188} INFO - [2025-08-06T11:18:31.715+0000] {dagbag.py:545} INFO - Filling up the DagBag from /opt/airflow/dags/parquet_to_minio.py
[2025-08-06T11:18:31.717+0000] {logging_mixin.py:188} INFO - [2025-08-06T11:18:31.717+0000] {dagbag.py:355} ERROR - Failed to import: /opt/airflow/dags/parquet_to_minio.py
Traceback (most recent call last):
  File "/home/airflow/.local/lib/python3.10/site-packages/airflow/models/dagbag.py", line 351, in parse
    loader.exec_module(new_module)
  File "<frozen importlib._bootstrap_external>", line 879, in exec_module
  File "<frozen importlib._bootstrap_external>", line 1017, in get_code
  File "<frozen importlib._bootstrap_external>", line 947, in source_to_code
  File "<frozen importlib._bootstrap>", line 241, in _call_with_frames_removed
  File "/opt/airflow/dags/parquet_to_minio.py", line 43
    https://d37ci6vzurychx.cloudfront.net/trip-data/green_tripdata_2025-06.parquet
                                                                          ^
SyntaxError: invalid decimal literal
[2025-08-06T11:18:31.718+0000] {processor.py:842} WARNING - No viable dags retrieved from /opt/airflow/dags/parquet_to_minio.py
[2025-08-06T11:18:31.733+0000] {processor.py:183} INFO - Processing /opt/airflow/dags/parquet_to_minio.py took 0.031 seconds
[2025-08-06T11:19:01.115+0000] {processor.py:161} INFO - Started process (PID=889) to work on /opt/airflow/dags/parquet_to_minio.py
[2025-08-06T11:19:01.115+0000] {processor.py:830} INFO - Processing file /opt/airflow/dags/parquet_to_minio.py for tasks to queue
[2025-08-06T11:19:01.116+0000] {logging_mixin.py:188} INFO - [2025-08-06T11:19:01.116+0000] {dagbag.py:545} INFO - Filling up the DagBag from /opt/airflow/dags/parquet_to_minio.py
[2025-08-06T11:19:01.166+0000] {processor.py:840} INFO - DAG(s) 'parquet_in_minio' retrieved from /opt/airflow/dags/parquet_to_minio.py
[2025-08-06T11:19:01.183+0000] {logging_mixin.py:188} INFO - [2025-08-06T11:19:01.182+0000] {dag.py:3096} INFO - Sync 1 DAGs
[2025-08-06T11:19:01.197+0000] {logging_mixin.py:188} INFO - [2025-08-06T11:19:01.197+0000] {dag.py:3954} INFO - Setting next_dagrun for parquet_in_minio to 2025-08-01 00:00:00+00:00, run_after=2025-09-01 00:00:00+00:00
[2025-08-06T11:19:01.210+0000] {processor.py:183} INFO - Processing /opt/airflow/dags/parquet_to_minio.py took 0.100 seconds
[2025-08-06T11:19:31.328+0000] {processor.py:161} INFO - Started process (PID=902) to work on /opt/airflow/dags/parquet_to_minio.py
[2025-08-06T11:19:31.336+0000] {processor.py:830} INFO - Processing file /opt/airflow/dags/parquet_to_minio.py for tasks to queue
[2025-08-06T11:19:31.337+0000] {logging_mixin.py:188} INFO - [2025-08-06T11:19:31.337+0000] {dagbag.py:545} INFO - Filling up the DagBag from /opt/airflow/dags/parquet_to_minio.py
[2025-08-06T11:19:31.430+0000] {processor.py:840} INFO - DAG(s) 'parquet_in_minio' retrieved from /opt/airflow/dags/parquet_to_minio.py
[2025-08-06T11:19:31.450+0000] {logging_mixin.py:188} INFO - [2025-08-06T11:19:31.450+0000] {dag.py:3096} INFO - Sync 1 DAGs
[2025-08-06T11:19:31.465+0000] {logging_mixin.py:188} INFO - [2025-08-06T11:19:31.465+0000] {dag.py:3954} INFO - Setting next_dagrun for parquet_in_minio to 2025-08-01 00:00:00+00:00, run_after=2025-09-01 00:00:00+00:00
[2025-08-06T11:19:31.483+0000] {processor.py:183} INFO - Processing /opt/airflow/dags/parquet_to_minio.py took 0.163 seconds
[2025-08-06T11:20:01.592+0000] {processor.py:161} INFO - Started process (PID=913) to work on /opt/airflow/dags/parquet_to_minio.py
[2025-08-06T11:20:01.600+0000] {processor.py:830} INFO - Processing file /opt/airflow/dags/parquet_to_minio.py for tasks to queue
[2025-08-06T11:20:01.601+0000] {logging_mixin.py:188} INFO - [2025-08-06T11:20:01.601+0000] {dagbag.py:545} INFO - Filling up the DagBag from /opt/airflow/dags/parquet_to_minio.py
[2025-08-06T11:20:01.651+0000] {processor.py:840} INFO - DAG(s) 'parquet_in_minio' retrieved from /opt/airflow/dags/parquet_to_minio.py
[2025-08-06T11:20:01.668+0000] {logging_mixin.py:188} INFO - [2025-08-06T11:20:01.668+0000] {dag.py:3096} INFO - Sync 1 DAGs
[2025-08-06T11:20:01.684+0000] {logging_mixin.py:188} INFO - [2025-08-06T11:20:01.684+0000] {dag.py:3954} INFO - Setting next_dagrun for parquet_in_minio to 2025-08-01 00:00:00+00:00, run_after=2025-09-01 00:00:00+00:00
[2025-08-06T11:20:01.695+0000] {processor.py:183} INFO - Processing /opt/airflow/dags/parquet_to_minio.py took 0.107 seconds
