[2025-08-01T04:37:12.511+0000] {local_task_job_runner.py:120} INFO - ::group::Pre task execution logs
[2025-08-01T04:37:12.584+0000] {taskinstance.py:2076} INFO - Dependencies all met for dep_context=non-requeueable deps ti=<TaskInstance: parquet_in_minio.upload_to_minio scheduled__2025-02-01T00:00:00+00:00 [queued]>
[2025-08-01T04:37:12.606+0000] {taskinstance.py:2076} INFO - Dependencies all met for dep_context=requeueable deps ti=<TaskInstance: parquet_in_minio.upload_to_minio scheduled__2025-02-01T00:00:00+00:00 [queued]>
[2025-08-01T04:37:12.609+0000] {taskinstance.py:2306} INFO - Starting attempt 1 of 4
[2025-08-01T04:37:12.646+0000] {taskinstance.py:2330} INFO - Executing <Task(PythonOperator): upload_to_minio> on 2025-02-01 00:00:00+00:00
[2025-08-01T04:37:12.664+0000] {standard_task_runner.py:63} INFO - Started process 1991 to run task
[2025-08-01T04:37:12.670+0000] {standard_task_runner.py:90} INFO - Running: ['***', 'tasks', 'run', 'parquet_in_minio', 'upload_to_minio', 'scheduled__2025-02-01T00:00:00+00:00', '--job-id', '478', '--raw', '--subdir', 'DAGS_FOLDER/parquet_to_minio.py', '--cfg-path', '/tmp/tmpt_t_2_m0']
[2025-08-01T04:37:12.672+0000] {standard_task_runner.py:91} INFO - Job 478: Subtask upload_to_minio
[2025-08-01T04:37:12.705+0000] {logging_mixin.py:188} WARNING - /home/***/.local/lib/python3.10/site-packages/***/settings.py:195 DeprecationWarning: The sql_alchemy_conn option in [core] has been moved to the sql_alchemy_conn option in [database] - the old setting has been used, but please update your config.
[2025-08-01T04:37:12.751+0000] {task_command.py:426} INFO - Running <TaskInstance: parquet_in_minio.upload_to_minio scheduled__2025-02-01T00:00:00+00:00 [running]> on host 87b19f697adc
[2025-08-01T04:37:12.885+0000] {taskinstance.py:2648} INFO - Exporting env vars: AIRFLOW_CTX_DAG_OWNER='***' AIRFLOW_CTX_DAG_ID='parquet_in_minio' AIRFLOW_CTX_TASK_ID='upload_to_minio' AIRFLOW_CTX_EXECUTION_DATE='2025-02-01T00:00:00+00:00' AIRFLOW_CTX_TRY_NUMBER='1' AIRFLOW_CTX_DAG_RUN_ID='scheduled__2025-02-01T00:00:00+00:00'
[2025-08-01T04:37:12.886+0000] {taskinstance.py:430} INFO - ::endgroup::
[2025-08-01T04:37:12.897+0000] {logging_mixin.py:188} WARNING - /home/***/.local/lib/python3.10/site-packages/***/utils/context.py:320 AirflowContextDeprecationWarning: Accessing 'execution_date' from the template is deprecated and will be removed in a future version. Please use 'data_interval_start' or 'logical_date' instead.
[2025-08-01T04:37:13.017+0000] {python.py:237} INFO - Done. Returned value was: None
[2025-08-01T04:37:13.018+0000] {taskinstance.py:441} INFO - ::group::Post task execution logs
[2025-08-01T04:37:13.028+0000] {taskinstance.py:1206} INFO - Marking task as SUCCESS. dag_id=parquet_in_minio, task_id=upload_to_minio, run_id=scheduled__2025-02-01T00:00:00+00:00, execution_date=20250201T000000, start_date=20250801T043712, end_date=20250801T043713
[2025-08-01T04:37:13.086+0000] {local_task_job_runner.py:240} INFO - Task exited with return code 0
[2025-08-01T04:37:13.106+0000] {taskinstance.py:3498} INFO - 1 downstream tasks scheduled from follow-on schedule check
[2025-08-01T04:37:13.107+0000] {local_task_job_runner.py:222} INFO - ::endgroup::
[2025-08-28T03:53:09.290+0000] {local_task_job_runner.py:120} INFO - ::group::Pre task execution logs
[2025-08-28T03:53:09.311+0000] {taskinstance.py:2076} INFO - Dependencies all met for dep_context=non-requeueable deps ti=<TaskInstance: parquet_in_minio.upload_to_minio scheduled__2025-02-01T00:00:00+00:00 [queued]>
[2025-08-28T03:53:09.316+0000] {taskinstance.py:2076} INFO - Dependencies all met for dep_context=requeueable deps ti=<TaskInstance: parquet_in_minio.upload_to_minio scheduled__2025-02-01T00:00:00+00:00 [queued]>
[2025-08-28T03:53:09.316+0000] {taskinstance.py:2306} INFO - Starting attempt 1 of 4
[2025-08-28T03:53:09.325+0000] {taskinstance.py:2330} INFO - Executing <Task(PythonOperator): upload_to_minio> on 2025-02-01 00:00:00+00:00
[2025-08-28T03:53:09.329+0000] {standard_task_runner.py:63} INFO - Started process 915 to run task
[2025-08-28T03:53:09.332+0000] {standard_task_runner.py:90} INFO - Running: ['***', 'tasks', 'run', 'parquet_in_minio', 'upload_to_minio', 'scheduled__2025-02-01T00:00:00+00:00', '--job-id', '595', '--raw', '--subdir', 'DAGS_FOLDER/parquet_to_minio.py', '--cfg-path', '/tmp/tmp8ky02lb_']
[2025-08-28T03:53:09.334+0000] {standard_task_runner.py:91} INFO - Job 595: Subtask upload_to_minio
[2025-08-28T03:53:09.346+0000] {logging_mixin.py:188} WARNING - /home/***/.local/lib/python3.10/site-packages/***/settings.py:195 DeprecationWarning: The sql_alchemy_conn option in [core] has been moved to the sql_alchemy_conn option in [database] - the old setting has been used, but please update your config.
[2025-08-28T03:53:09.373+0000] {task_command.py:426} INFO - Running <TaskInstance: parquet_in_minio.upload_to_minio scheduled__2025-02-01T00:00:00+00:00 [running]> on host c3d91d0460b0
[2025-08-28T03:53:09.438+0000] {taskinstance.py:2648} INFO - Exporting env vars: AIRFLOW_CTX_DAG_OWNER='***' AIRFLOW_CTX_DAG_ID='parquet_in_minio' AIRFLOW_CTX_TASK_ID='upload_to_minio' AIRFLOW_CTX_EXECUTION_DATE='2025-02-01T00:00:00+00:00' AIRFLOW_CTX_TRY_NUMBER='1' AIRFLOW_CTX_DAG_RUN_ID='scheduled__2025-02-01T00:00:00+00:00'
[2025-08-28T03:53:09.439+0000] {taskinstance.py:430} INFO - ::endgroup::
[2025-08-28T03:53:09.448+0000] {logging_mixin.py:188} WARNING - /home/***/.local/lib/python3.10/site-packages/***/utils/context.py:320 AirflowContextDeprecationWarning: Accessing 'execution_date' from the template is deprecated and will be removed in a future version. Please use 'data_interval_start' or 'logical_date' instead.
[2025-08-28T03:53:09.536+0000] {python.py:237} INFO - Done. Returned value was: None
[2025-08-28T03:53:09.537+0000] {taskinstance.py:441} INFO - ::group::Post task execution logs
[2025-08-28T03:53:09.545+0000] {taskinstance.py:1206} INFO - Marking task as SUCCESS. dag_id=parquet_in_minio, task_id=upload_to_minio, run_id=scheduled__2025-02-01T00:00:00+00:00, execution_date=20250201T000000, start_date=20250828T035309, end_date=20250828T035309
[2025-08-28T03:53:09.584+0000] {local_task_job_runner.py:240} INFO - Task exited with return code 0
[2025-08-28T03:53:09.607+0000] {taskinstance.py:3498} INFO - 1 downstream tasks scheduled from follow-on schedule check
[2025-08-28T03:53:09.609+0000] {local_task_job_runner.py:222} INFO - ::endgroup::
