[2025-08-01T04:37:15.156+0000] {local_task_job_runner.py:120} INFO - ::group::Pre task execution logs
[2025-08-01T04:37:15.183+0000] {taskinstance.py:2076} INFO - Dependencies all met for dep_context=non-requeueable deps ti=<TaskInstance: parquet_in_minio.upload_to_minio scheduled__2025-07-01T00:00:00+00:00 [queued]>
[2025-08-01T04:37:15.189+0000] {taskinstance.py:2076} INFO - Dependencies all met for dep_context=requeueable deps ti=<TaskInstance: parquet_in_minio.upload_to_minio scheduled__2025-07-01T00:00:00+00:00 [queued]>
[2025-08-01T04:37:15.190+0000] {taskinstance.py:2306} INFO - Starting attempt 1 of 4
[2025-08-01T04:37:15.201+0000] {taskinstance.py:2330} INFO - Executing <Task(PythonOperator): upload_to_minio> on 2025-07-01 00:00:00+00:00
[2025-08-01T04:37:15.207+0000] {standard_task_runner.py:63} INFO - Started process 2027 to run task
[2025-08-01T04:37:15.210+0000] {standard_task_runner.py:90} INFO - Running: ['***', 'tasks', 'run', 'parquet_in_minio', 'upload_to_minio', 'scheduled__2025-07-01T00:00:00+00:00', '--job-id', '493', '--raw', '--subdir', 'DAGS_FOLDER/parquet_to_minio.py', '--cfg-path', '/tmp/tmpjsabsi0g']
[2025-08-01T04:37:15.212+0000] {standard_task_runner.py:91} INFO - Job 493: Subtask upload_to_minio
[2025-08-01T04:37:15.227+0000] {logging_mixin.py:188} WARNING - /home/***/.local/lib/python3.10/site-packages/***/settings.py:195 DeprecationWarning: The sql_alchemy_conn option in [core] has been moved to the sql_alchemy_conn option in [database] - the old setting has been used, but please update your config.
[2025-08-01T04:37:15.259+0000] {task_command.py:426} INFO - Running <TaskInstance: parquet_in_minio.upload_to_minio scheduled__2025-07-01T00:00:00+00:00 [running]> on host 87b19f697adc
[2025-08-01T04:37:15.338+0000] {taskinstance.py:2648} INFO - Exporting env vars: AIRFLOW_CTX_DAG_OWNER='***' AIRFLOW_CTX_DAG_ID='parquet_in_minio' AIRFLOW_CTX_TASK_ID='upload_to_minio' AIRFLOW_CTX_EXECUTION_DATE='2025-07-01T00:00:00+00:00' AIRFLOW_CTX_TRY_NUMBER='1' AIRFLOW_CTX_DAG_RUN_ID='scheduled__2025-07-01T00:00:00+00:00'
[2025-08-01T04:37:15.338+0000] {taskinstance.py:430} INFO - ::endgroup::
[2025-08-01T04:37:15.349+0000] {logging_mixin.py:188} WARNING - /home/***/.local/lib/python3.10/site-packages/***/utils/context.py:320 AirflowContextDeprecationWarning: Accessing 'execution_date' from the template is deprecated and will be removed in a future version. Please use 'data_interval_start' or 'logical_date' instead.
[2025-08-01T04:37:15.448+0000] {python.py:237} INFO - Done. Returned value was: None
[2025-08-01T04:37:15.449+0000] {taskinstance.py:441} INFO - ::group::Post task execution logs
[2025-08-01T04:37:15.457+0000] {taskinstance.py:1206} INFO - Marking task as SUCCESS. dag_id=parquet_in_minio, task_id=upload_to_minio, run_id=scheduled__2025-07-01T00:00:00+00:00, execution_date=20250701T000000, start_date=20250801T043715, end_date=20250801T043715
[2025-08-01T04:37:15.501+0000] {local_task_job_runner.py:240} INFO - Task exited with return code 0
[2025-08-01T04:37:15.521+0000] {taskinstance.py:3498} INFO - 1 downstream tasks scheduled from follow-on schedule check
[2025-08-01T04:37:15.522+0000] {local_task_job_runner.py:222} INFO - ::endgroup::
[2025-08-28T03:53:38.224+0000] {local_task_job_runner.py:120} INFO - ::group::Pre task execution logs
[2025-08-28T03:53:38.245+0000] {taskinstance.py:2076} INFO - Dependencies all met for dep_context=non-requeueable deps ti=<TaskInstance: parquet_in_minio.upload_to_minio scheduled__2025-07-01T00:00:00+00:00 [queued]>
[2025-08-28T03:53:38.250+0000] {taskinstance.py:2076} INFO - Dependencies all met for dep_context=requeueable deps ti=<TaskInstance: parquet_in_minio.upload_to_minio scheduled__2025-07-01T00:00:00+00:00 [queued]>
[2025-08-28T03:53:38.250+0000] {taskinstance.py:2306} INFO - Starting attempt 1 of 4
[2025-08-28T03:53:38.258+0000] {taskinstance.py:2330} INFO - Executing <Task(PythonOperator): upload_to_minio> on 2025-07-01 00:00:00+00:00
[2025-08-28T03:53:38.263+0000] {standard_task_runner.py:63} INFO - Started process 948 to run task
[2025-08-28T03:53:38.266+0000] {standard_task_runner.py:90} INFO - Running: ['***', 'tasks', 'run', 'parquet_in_minio', 'upload_to_minio', 'scheduled__2025-07-01T00:00:00+00:00', '--job-id', '603', '--raw', '--subdir', 'DAGS_FOLDER/parquet_to_minio.py', '--cfg-path', '/tmp/tmpzrej2ajw']
[2025-08-28T03:53:38.268+0000] {standard_task_runner.py:91} INFO - Job 603: Subtask upload_to_minio
[2025-08-28T03:53:38.280+0000] {logging_mixin.py:188} WARNING - /home/***/.local/lib/python3.10/site-packages/***/settings.py:195 DeprecationWarning: The sql_alchemy_conn option in [core] has been moved to the sql_alchemy_conn option in [database] - the old setting has been used, but please update your config.
[2025-08-28T03:53:38.307+0000] {task_command.py:426} INFO - Running <TaskInstance: parquet_in_minio.upload_to_minio scheduled__2025-07-01T00:00:00+00:00 [running]> on host c3d91d0460b0
[2025-08-28T03:53:38.372+0000] {taskinstance.py:2648} INFO - Exporting env vars: AIRFLOW_CTX_DAG_OWNER='***' AIRFLOW_CTX_DAG_ID='parquet_in_minio' AIRFLOW_CTX_TASK_ID='upload_to_minio' AIRFLOW_CTX_EXECUTION_DATE='2025-07-01T00:00:00+00:00' AIRFLOW_CTX_TRY_NUMBER='1' AIRFLOW_CTX_DAG_RUN_ID='scheduled__2025-07-01T00:00:00+00:00'
[2025-08-28T03:53:38.372+0000] {taskinstance.py:430} INFO - ::endgroup::
[2025-08-28T03:53:38.381+0000] {logging_mixin.py:188} WARNING - /home/***/.local/lib/python3.10/site-packages/***/utils/context.py:320 AirflowContextDeprecationWarning: Accessing 'execution_date' from the template is deprecated and will be removed in a future version. Please use 'data_interval_start' or 'logical_date' instead.
[2025-08-28T03:53:38.477+0000] {python.py:237} INFO - Done. Returned value was: None
[2025-08-28T03:53:38.477+0000] {taskinstance.py:441} INFO - ::group::Post task execution logs
[2025-08-28T03:53:38.485+0000] {taskinstance.py:1206} INFO - Marking task as SUCCESS. dag_id=parquet_in_minio, task_id=upload_to_minio, run_id=scheduled__2025-07-01T00:00:00+00:00, execution_date=20250701T000000, start_date=20250828T035338, end_date=20250828T035338
[2025-08-28T03:53:38.517+0000] {local_task_job_runner.py:240} INFO - Task exited with return code 0
[2025-08-28T03:53:38.535+0000] {taskinstance.py:3498} INFO - 1 downstream tasks scheduled from follow-on schedule check
[2025-08-28T03:53:38.537+0000] {local_task_job_runner.py:222} INFO - ::endgroup::
