[2025-08-01T04:31:48.346+0000] {local_task_job_runner.py:120} INFO - ::group::Pre task execution logs
[2025-08-01T04:31:48.382+0000] {taskinstance.py:2076} INFO - Dependencies all met for dep_context=non-requeueable deps ti=<TaskInstance: parquet_in_minio.Cleanup_parquet scheduled__2023-05-01T00:00:00+00:00 [queued]>
[2025-08-01T04:31:48.391+0000] {taskinstance.py:2076} INFO - Dependencies all met for dep_context=requeueable deps ti=<TaskInstance: parquet_in_minio.Cleanup_parquet scheduled__2023-05-01T00:00:00+00:00 [queued]>
[2025-08-01T04:31:48.392+0000] {taskinstance.py:2306} INFO - Starting attempt 1 of 1
[2025-08-01T04:31:48.408+0000] {taskinstance.py:2330} INFO - Executing <Task(PythonOperator): Cleanup_parquet> on 2023-05-01 00:00:00+00:00
[2025-08-01T04:31:48.416+0000] {standard_task_runner.py:63} INFO - Started process 1544 to run task
[2025-08-01T04:31:48.423+0000] {standard_task_runner.py:90} INFO - Running: ['***', 'tasks', 'run', 'parquet_in_minio', 'Cleanup_parquet', 'scheduled__2023-05-01T00:00:00+00:00', '--job-id', '365', '--raw', '--subdir', 'DAGS_FOLDER/parquet_to_minio.py', '--cfg-path', '/tmp/tmphajv_47c']
[2025-08-01T04:31:48.425+0000] {standard_task_runner.py:91} INFO - Job 365: Subtask Cleanup_parquet
[2025-08-01T04:31:48.446+0000] {logging_mixin.py:188} WARNING - /home/***/.local/lib/python3.10/site-packages/***/settings.py:195 DeprecationWarning: The sql_alchemy_conn option in [core] has been moved to the sql_alchemy_conn option in [database] - the old setting has been used, but please update your config.
[2025-08-01T04:31:48.492+0000] {task_command.py:426} INFO - Running <TaskInstance: parquet_in_minio.Cleanup_parquet scheduled__2023-05-01T00:00:00+00:00 [running]> on host 87b19f697adc
[2025-08-01T04:31:48.602+0000] {taskinstance.py:2648} INFO - Exporting env vars: AIRFLOW_CTX_DAG_OWNER='***' AIRFLOW_CTX_DAG_ID='parquet_in_minio' AIRFLOW_CTX_TASK_ID='Cleanup_parquet' AIRFLOW_CTX_EXECUTION_DATE='2023-05-01T00:00:00+00:00' AIRFLOW_CTX_TRY_NUMBER='1' AIRFLOW_CTX_DAG_RUN_ID='scheduled__2023-05-01T00:00:00+00:00'
[2025-08-01T04:31:48.603+0000] {taskinstance.py:430} INFO - ::endgroup::
[2025-08-01T04:31:48.615+0000] {logging_mixin.py:188} WARNING - /home/***/.local/lib/python3.10/site-packages/***/utils/context.py:320 AirflowContextDeprecationWarning: Accessing 'execution_date' from the template is deprecated and will be removed in a future version. Please use 'data_interval_start' or 'logical_date' instead.
[2025-08-01T04:31:48.616+0000] {python.py:237} INFO - Done. Returned value was: None
[2025-08-01T04:31:48.616+0000] {taskinstance.py:441} INFO - ::group::Post task execution logs
[2025-08-01T04:31:48.627+0000] {taskinstance.py:1206} INFO - Marking task as SUCCESS. dag_id=parquet_in_minio, task_id=Cleanup_parquet, run_id=scheduled__2023-05-01T00:00:00+00:00, execution_date=20230501T000000, start_date=20250801T043148, end_date=20250801T043148
[2025-08-01T04:31:48.675+0000] {local_task_job_runner.py:240} INFO - Task exited with return code 0
[2025-08-01T04:31:48.696+0000] {taskinstance.py:3498} INFO - 0 downstream tasks scheduled from follow-on schedule check
[2025-08-01T04:31:48.698+0000] {local_task_job_runner.py:222} INFO - ::endgroup::
[2025-08-28T03:55:41.674+0000] {local_task_job_runner.py:120} INFO - ::group::Pre task execution logs
[2025-08-28T03:55:41.693+0000] {taskinstance.py:2076} INFO - Dependencies all met for dep_context=non-requeueable deps ti=<TaskInstance: parquet_in_minio.Cleanup_parquet scheduled__2023-05-01T00:00:00+00:00 [queued]>
[2025-08-28T03:55:41.698+0000] {taskinstance.py:2076} INFO - Dependencies all met for dep_context=requeueable deps ti=<TaskInstance: parquet_in_minio.Cleanup_parquet scheduled__2023-05-01T00:00:00+00:00 [queued]>
[2025-08-28T03:55:41.698+0000] {taskinstance.py:2306} INFO - Starting attempt 1 of 1
[2025-08-28T03:55:41.709+0000] {taskinstance.py:2330} INFO - Executing <Task(PythonOperator): Cleanup_parquet> on 2023-05-01 00:00:00+00:00
[2025-08-28T03:55:41.714+0000] {standard_task_runner.py:63} INFO - Started process 1070 to run task
[2025-08-28T03:55:41.717+0000] {standard_task_runner.py:90} INFO - Running: ['***', 'tasks', 'run', 'parquet_in_minio', 'Cleanup_parquet', 'scheduled__2023-05-01T00:00:00+00:00', '--job-id', '629', '--raw', '--subdir', 'DAGS_FOLDER/parquet_to_minio.py', '--cfg-path', '/tmp/tmpn7n5mssx']
[2025-08-28T03:55:41.718+0000] {standard_task_runner.py:91} INFO - Job 629: Subtask Cleanup_parquet
[2025-08-28T03:55:41.730+0000] {logging_mixin.py:188} WARNING - /home/***/.local/lib/python3.10/site-packages/***/settings.py:195 DeprecationWarning: The sql_alchemy_conn option in [core] has been moved to the sql_alchemy_conn option in [database] - the old setting has been used, but please update your config.
[2025-08-28T03:55:41.755+0000] {task_command.py:426} INFO - Running <TaskInstance: parquet_in_minio.Cleanup_parquet scheduled__2023-05-01T00:00:00+00:00 [running]> on host c3d91d0460b0
[2025-08-28T03:55:41.815+0000] {taskinstance.py:2648} INFO - Exporting env vars: AIRFLOW_CTX_DAG_OWNER='***' AIRFLOW_CTX_DAG_ID='parquet_in_minio' AIRFLOW_CTX_TASK_ID='Cleanup_parquet' AIRFLOW_CTX_EXECUTION_DATE='2023-05-01T00:00:00+00:00' AIRFLOW_CTX_TRY_NUMBER='1' AIRFLOW_CTX_DAG_RUN_ID='scheduled__2023-05-01T00:00:00+00:00'
[2025-08-28T03:55:41.816+0000] {taskinstance.py:430} INFO - ::endgroup::
[2025-08-28T03:55:41.824+0000] {logging_mixin.py:188} WARNING - /home/***/.local/lib/python3.10/site-packages/***/utils/context.py:320 AirflowContextDeprecationWarning: Accessing 'execution_date' from the template is deprecated and will be removed in a future version. Please use 'data_interval_start' or 'logical_date' instead.
[2025-08-28T03:55:41.825+0000] {python.py:237} INFO - Done. Returned value was: None
[2025-08-28T03:55:41.825+0000] {taskinstance.py:441} INFO - ::group::Post task execution logs
[2025-08-28T03:55:41.833+0000] {taskinstance.py:1206} INFO - Marking task as SUCCESS. dag_id=parquet_in_minio, task_id=Cleanup_parquet, run_id=scheduled__2023-05-01T00:00:00+00:00, execution_date=20230501T000000, start_date=20250828T035541, end_date=20250828T035541
[2025-08-28T03:55:41.848+0000] {local_task_job_runner.py:240} INFO - Task exited with return code 0
[2025-08-28T03:55:41.863+0000] {taskinstance.py:3498} INFO - 0 downstream tasks scheduled from follow-on schedule check
[2025-08-28T03:55:41.864+0000] {local_task_job_runner.py:222} INFO - ::endgroup::
