[2025-08-01T04:31:55.212+0000] {local_task_job_runner.py:120} INFO - ::group::Pre task execution logs
[2025-08-01T04:31:55.235+0000] {taskinstance.py:2076} INFO - Dependencies all met for dep_context=non-requeueable deps ti=<TaskInstance: parquet_in_minio.Cleanup_parquet scheduled__2024-07-01T00:00:00+00:00 [queued]>
[2025-08-01T04:31:55.242+0000] {taskinstance.py:2076} INFO - Dependencies all met for dep_context=requeueable deps ti=<TaskInstance: parquet_in_minio.Cleanup_parquet scheduled__2024-07-01T00:00:00+00:00 [queued]>
[2025-08-01T04:31:55.242+0000] {taskinstance.py:2306} INFO - Starting attempt 1 of 1
[2025-08-01T04:31:55.274+0000] {taskinstance.py:2330} INFO - Executing <Task(PythonOperator): Cleanup_parquet> on 2024-07-01 00:00:00+00:00
[2025-08-01T04:31:55.280+0000] {standard_task_runner.py:63} INFO - Started process 1667 to run task
[2025-08-01T04:31:55.283+0000] {standard_task_runner.py:90} INFO - Running: ['***', 'tasks', 'run', 'parquet_in_minio', 'Cleanup_parquet', 'scheduled__2024-07-01T00:00:00+00:00', '--job-id', '397', '--raw', '--subdir', 'DAGS_FOLDER/parquet_to_minio.py', '--cfg-path', '/tmp/tmpson4mgoh']
[2025-08-01T04:31:55.285+0000] {standard_task_runner.py:91} INFO - Job 397: Subtask Cleanup_parquet
[2025-08-01T04:31:55.300+0000] {logging_mixin.py:188} WARNING - /home/***/.local/lib/python3.10/site-packages/***/settings.py:195 DeprecationWarning: The sql_alchemy_conn option in [core] has been moved to the sql_alchemy_conn option in [database] - the old setting has been used, but please update your config.
[2025-08-01T04:31:55.331+0000] {task_command.py:426} INFO - Running <TaskInstance: parquet_in_minio.Cleanup_parquet scheduled__2024-07-01T00:00:00+00:00 [running]> on host 87b19f697adc
[2025-08-01T04:31:55.411+0000] {taskinstance.py:2648} INFO - Exporting env vars: AIRFLOW_CTX_DAG_OWNER='***' AIRFLOW_CTX_DAG_ID='parquet_in_minio' AIRFLOW_CTX_TASK_ID='Cleanup_parquet' AIRFLOW_CTX_EXECUTION_DATE='2024-07-01T00:00:00+00:00' AIRFLOW_CTX_TRY_NUMBER='1' AIRFLOW_CTX_DAG_RUN_ID='scheduled__2024-07-01T00:00:00+00:00'
[2025-08-01T04:31:55.412+0000] {taskinstance.py:430} INFO - ::endgroup::
[2025-08-01T04:31:55.424+0000] {logging_mixin.py:188} WARNING - /home/***/.local/lib/python3.10/site-packages/***/utils/context.py:320 AirflowContextDeprecationWarning: Accessing 'execution_date' from the template is deprecated and will be removed in a future version. Please use 'data_interval_start' or 'logical_date' instead.
[2025-08-01T04:31:55.425+0000] {python.py:237} INFO - Done. Returned value was: None
[2025-08-01T04:31:55.425+0000] {taskinstance.py:441} INFO - ::group::Post task execution logs
[2025-08-01T04:31:55.433+0000] {taskinstance.py:1206} INFO - Marking task as SUCCESS. dag_id=parquet_in_minio, task_id=Cleanup_parquet, run_id=scheduled__2024-07-01T00:00:00+00:00, execution_date=20240701T000000, start_date=20250801T043155, end_date=20250801T043155
[2025-08-01T04:31:55.495+0000] {local_task_job_runner.py:240} INFO - Task exited with return code 0
[2025-08-01T04:31:55.511+0000] {taskinstance.py:3498} INFO - 0 downstream tasks scheduled from follow-on schedule check
[2025-08-01T04:31:55.513+0000] {local_task_job_runner.py:222} INFO - ::endgroup::
[2025-08-28T03:51:06.796+0000] {local_task_job_runner.py:120} INFO - ::group::Pre task execution logs
[2025-08-28T03:51:06.816+0000] {taskinstance.py:2076} INFO - Dependencies all met for dep_context=non-requeueable deps ti=<TaskInstance: parquet_in_minio.Cleanup_parquet scheduled__2024-07-01T00:00:00+00:00 [queued]>
[2025-08-28T03:51:06.820+0000] {taskinstance.py:2076} INFO - Dependencies all met for dep_context=requeueable deps ti=<TaskInstance: parquet_in_minio.Cleanup_parquet scheduled__2024-07-01T00:00:00+00:00 [queued]>
[2025-08-28T03:51:06.820+0000] {taskinstance.py:2306} INFO - Starting attempt 1 of 1
[2025-08-28T03:51:06.828+0000] {taskinstance.py:2330} INFO - Executing <Task(PythonOperator): Cleanup_parquet> on 2024-07-01 00:00:00+00:00
[2025-08-28T03:51:06.832+0000] {standard_task_runner.py:63} INFO - Started process 797 to run task
[2025-08-28T03:51:06.835+0000] {standard_task_runner.py:90} INFO - Running: ['***', 'tasks', 'run', 'parquet_in_minio', 'Cleanup_parquet', 'scheduled__2024-07-01T00:00:00+00:00', '--job-id', '567', '--raw', '--subdir', 'DAGS_FOLDER/parquet_to_minio.py', '--cfg-path', '/tmp/tmp2vsnntzk']
[2025-08-28T03:51:06.836+0000] {standard_task_runner.py:91} INFO - Job 567: Subtask Cleanup_parquet
[2025-08-28T03:51:06.848+0000] {logging_mixin.py:188} WARNING - /home/***/.local/lib/python3.10/site-packages/***/settings.py:195 DeprecationWarning: The sql_alchemy_conn option in [core] has been moved to the sql_alchemy_conn option in [database] - the old setting has been used, but please update your config.
[2025-08-28T03:51:06.873+0000] {task_command.py:426} INFO - Running <TaskInstance: parquet_in_minio.Cleanup_parquet scheduled__2024-07-01T00:00:00+00:00 [running]> on host c3d91d0460b0
[2025-08-28T03:51:06.933+0000] {taskinstance.py:2648} INFO - Exporting env vars: AIRFLOW_CTX_DAG_OWNER='***' AIRFLOW_CTX_DAG_ID='parquet_in_minio' AIRFLOW_CTX_TASK_ID='Cleanup_parquet' AIRFLOW_CTX_EXECUTION_DATE='2024-07-01T00:00:00+00:00' AIRFLOW_CTX_TRY_NUMBER='1' AIRFLOW_CTX_DAG_RUN_ID='scheduled__2024-07-01T00:00:00+00:00'
[2025-08-28T03:51:06.934+0000] {taskinstance.py:430} INFO - ::endgroup::
[2025-08-28T03:51:06.942+0000] {logging_mixin.py:188} WARNING - /home/***/.local/lib/python3.10/site-packages/***/utils/context.py:320 AirflowContextDeprecationWarning: Accessing 'execution_date' from the template is deprecated and will be removed in a future version. Please use 'data_interval_start' or 'logical_date' instead.
[2025-08-28T03:51:06.942+0000] {python.py:237} INFO - Done. Returned value was: None
[2025-08-28T03:51:06.943+0000] {taskinstance.py:441} INFO - ::group::Post task execution logs
[2025-08-28T03:51:06.950+0000] {taskinstance.py:1206} INFO - Marking task as SUCCESS. dag_id=parquet_in_minio, task_id=Cleanup_parquet, run_id=scheduled__2024-07-01T00:00:00+00:00, execution_date=20240701T000000, start_date=20250828T035106, end_date=20250828T035106
[2025-08-28T03:51:06.966+0000] {local_task_job_runner.py:240} INFO - Task exited with return code 0
[2025-08-28T03:51:06.981+0000] {taskinstance.py:3498} INFO - 0 downstream tasks scheduled from follow-on schedule check
[2025-08-28T03:51:06.982+0000] {local_task_job_runner.py:222} INFO - ::endgroup::
