[2025-08-01T04:31:37.120+0000] {local_task_job_runner.py:120} INFO - ::group::Pre task execution logs
[2025-08-01T04:31:37.158+0000] {taskinstance.py:2076} INFO - Dependencies all met for dep_context=non-requeueable deps ti=<TaskInstance: parquet_in_minio.Cleanup_parquet scheduled__2023-03-01T00:00:00+00:00 [queued]>
[2025-08-01T04:31:37.167+0000] {taskinstance.py:2076} INFO - Dependencies all met for dep_context=requeueable deps ti=<TaskInstance: parquet_in_minio.Cleanup_parquet scheduled__2023-03-01T00:00:00+00:00 [queued]>
[2025-08-01T04:31:37.167+0000] {taskinstance.py:2306} INFO - Starting attempt 1 of 1
[2025-08-01T04:31:37.185+0000] {taskinstance.py:2330} INFO - Executing <Task(PythonOperator): Cleanup_parquet> on 2023-03-01 00:00:00+00:00
[2025-08-01T04:31:37.193+0000] {standard_task_runner.py:63} INFO - Started process 1481 to run task
[2025-08-01T04:31:37.197+0000] {standard_task_runner.py:90} INFO - Running: ['***', 'tasks', 'run', 'parquet_in_minio', 'Cleanup_parquet', 'scheduled__2023-03-01T00:00:00+00:00', '--job-id', '341', '--raw', '--subdir', 'DAGS_FOLDER/parquet_to_minio.py', '--cfg-path', '/tmp/tmp327rcnrp']
[2025-08-01T04:31:37.199+0000] {standard_task_runner.py:91} INFO - Job 341: Subtask Cleanup_parquet
[2025-08-01T04:31:37.222+0000] {logging_mixin.py:188} WARNING - /home/***/.local/lib/python3.10/site-packages/***/settings.py:195 DeprecationWarning: The sql_alchemy_conn option in [core] has been moved to the sql_alchemy_conn option in [database] - the old setting has been used, but please update your config.
[2025-08-01T04:31:37.271+0000] {task_command.py:426} INFO - Running <TaskInstance: parquet_in_minio.Cleanup_parquet scheduled__2023-03-01T00:00:00+00:00 [running]> on host 87b19f697adc
[2025-08-01T04:31:37.362+0000] {taskinstance.py:2648} INFO - Exporting env vars: AIRFLOW_CTX_DAG_OWNER='***' AIRFLOW_CTX_DAG_ID='parquet_in_minio' AIRFLOW_CTX_TASK_ID='Cleanup_parquet' AIRFLOW_CTX_EXECUTION_DATE='2023-03-01T00:00:00+00:00' AIRFLOW_CTX_TRY_NUMBER='1' AIRFLOW_CTX_DAG_RUN_ID='scheduled__2023-03-01T00:00:00+00:00'
[2025-08-01T04:31:37.363+0000] {taskinstance.py:430} INFO - ::endgroup::
[2025-08-01T04:31:37.377+0000] {logging_mixin.py:188} WARNING - /home/***/.local/lib/python3.10/site-packages/***/utils/context.py:320 AirflowContextDeprecationWarning: Accessing 'execution_date' from the template is deprecated and will be removed in a future version. Please use 'data_interval_start' or 'logical_date' instead.
[2025-08-01T04:31:37.378+0000] {python.py:237} INFO - Done. Returned value was: None
[2025-08-01T04:31:37.378+0000] {taskinstance.py:441} INFO - ::group::Post task execution logs
[2025-08-01T04:31:37.391+0000] {taskinstance.py:1206} INFO - Marking task as SUCCESS. dag_id=parquet_in_minio, task_id=Cleanup_parquet, run_id=scheduled__2023-03-01T00:00:00+00:00, execution_date=20230301T000000, start_date=20250801T043137, end_date=20250801T043137
[2025-08-01T04:31:37.491+0000] {local_task_job_runner.py:240} INFO - Task exited with return code 0
[2025-08-01T04:31:37.507+0000] {taskinstance.py:3498} INFO - 0 downstream tasks scheduled from follow-on schedule check
[2025-08-01T04:31:37.509+0000] {local_task_job_runner.py:222} INFO - ::endgroup::
[2025-08-28T03:54:35.867+0000] {local_task_job_runner.py:120} INFO - ::group::Pre task execution logs
[2025-08-28T03:54:35.886+0000] {taskinstance.py:2076} INFO - Dependencies all met for dep_context=non-requeueable deps ti=<TaskInstance: parquet_in_minio.Cleanup_parquet scheduled__2023-03-01T00:00:00+00:00 [queued]>
[2025-08-28T03:54:35.891+0000] {taskinstance.py:2076} INFO - Dependencies all met for dep_context=requeueable deps ti=<TaskInstance: parquet_in_minio.Cleanup_parquet scheduled__2023-03-01T00:00:00+00:00 [queued]>
[2025-08-28T03:54:35.891+0000] {taskinstance.py:2306} INFO - Starting attempt 1 of 1
[2025-08-28T03:54:35.899+0000] {taskinstance.py:2330} INFO - Executing <Task(PythonOperator): Cleanup_parquet> on 2023-03-01 00:00:00+00:00
[2025-08-28T03:54:35.904+0000] {standard_task_runner.py:63} INFO - Started process 1026 to run task
[2025-08-28T03:54:35.906+0000] {standard_task_runner.py:90} INFO - Running: ['***', 'tasks', 'run', 'parquet_in_minio', 'Cleanup_parquet', 'scheduled__2023-03-01T00:00:00+00:00', '--job-id', '622', '--raw', '--subdir', 'DAGS_FOLDER/parquet_to_minio.py', '--cfg-path', '/tmp/tmp7r14g898']
[2025-08-28T03:54:35.907+0000] {standard_task_runner.py:91} INFO - Job 622: Subtask Cleanup_parquet
[2025-08-28T03:54:35.919+0000] {logging_mixin.py:188} WARNING - /home/***/.local/lib/python3.10/site-packages/***/settings.py:195 DeprecationWarning: The sql_alchemy_conn option in [core] has been moved to the sql_alchemy_conn option in [database] - the old setting has been used, but please update your config.
[2025-08-28T03:54:35.945+0000] {task_command.py:426} INFO - Running <TaskInstance: parquet_in_minio.Cleanup_parquet scheduled__2023-03-01T00:00:00+00:00 [running]> on host c3d91d0460b0
[2025-08-28T03:54:36.002+0000] {taskinstance.py:2648} INFO - Exporting env vars: AIRFLOW_CTX_DAG_OWNER='***' AIRFLOW_CTX_DAG_ID='parquet_in_minio' AIRFLOW_CTX_TASK_ID='Cleanup_parquet' AIRFLOW_CTX_EXECUTION_DATE='2023-03-01T00:00:00+00:00' AIRFLOW_CTX_TRY_NUMBER='1' AIRFLOW_CTX_DAG_RUN_ID='scheduled__2023-03-01T00:00:00+00:00'
[2025-08-28T03:54:36.003+0000] {taskinstance.py:430} INFO - ::endgroup::
[2025-08-28T03:54:36.011+0000] {logging_mixin.py:188} WARNING - /home/***/.local/lib/python3.10/site-packages/***/utils/context.py:320 AirflowContextDeprecationWarning: Accessing 'execution_date' from the template is deprecated and will be removed in a future version. Please use 'data_interval_start' or 'logical_date' instead.
[2025-08-28T03:54:36.012+0000] {python.py:237} INFO - Done. Returned value was: None
[2025-08-28T03:54:36.012+0000] {taskinstance.py:441} INFO - ::group::Post task execution logs
[2025-08-28T03:54:36.019+0000] {taskinstance.py:1206} INFO - Marking task as SUCCESS. dag_id=parquet_in_minio, task_id=Cleanup_parquet, run_id=scheduled__2023-03-01T00:00:00+00:00, execution_date=20230301T000000, start_date=20250828T035435, end_date=20250828T035436
[2025-08-28T03:54:36.038+0000] {local_task_job_runner.py:240} INFO - Task exited with return code 0
[2025-08-28T03:54:36.051+0000] {taskinstance.py:3498} INFO - 0 downstream tasks scheduled from follow-on schedule check
[2025-08-28T03:54:36.053+0000] {local_task_job_runner.py:222} INFO - ::endgroup::
