[2025-08-28T04:05:12.105+0000] {local_task_job_runner.py:120} INFO - ::group::Pre task execution logs
[2025-08-28T04:05:12.131+0000] {taskinstance.py:2076} INFO - Dependencies all met for dep_context=non-requeueable deps ti=<TaskInstance: minio_to_postgres.load_and_track manual__2025-08-28T04:02:08.611220+00:00 [queued]>
[2025-08-28T04:05:12.137+0000] {taskinstance.py:2076} INFO - Dependencies all met for dep_context=requeueable deps ti=<TaskInstance: minio_to_postgres.load_and_track manual__2025-08-28T04:02:08.611220+00:00 [queued]>
[2025-08-28T04:05:12.137+0000] {taskinstance.py:2306} INFO - Starting attempt 2 of 2
[2025-08-28T04:05:12.147+0000] {taskinstance.py:2330} INFO - Executing <Task(PythonOperator): load_and_track> on 2025-08-28 04:02:08.611220+00:00
[2025-08-28T04:05:12.152+0000] {standard_task_runner.py:63} INFO - Started process 1354 to run task
[2025-08-28T04:05:12.155+0000] {standard_task_runner.py:90} INFO - Running: ['***', 'tasks', 'run', 'minio_to_postgres', 'load_and_track', 'manual__2025-08-28T04:02:08.611220+00:00', '--job-id', '639', '--raw', '--subdir', 'DAGS_FOLDER/minio_to_postgres.py', '--cfg-path', '/tmp/tmplbbb67ap']
[2025-08-28T04:05:12.156+0000] {standard_task_runner.py:91} INFO - Job 639: Subtask load_and_track
[2025-08-28T04:05:12.168+0000] {logging_mixin.py:188} WARNING - /home/***/.local/lib/python3.10/site-packages/***/settings.py:195 DeprecationWarning: The sql_alchemy_conn option in [core] has been moved to the sql_alchemy_conn option in [database] - the old setting has been used, but please update your config.
[2025-08-28T04:05:12.194+0000] {task_command.py:426} INFO - Running <TaskInstance: minio_to_postgres.load_and_track manual__2025-08-28T04:02:08.611220+00:00 [running]> on host c3d91d0460b0
[2025-08-28T04:05:12.259+0000] {taskinstance.py:2648} INFO - Exporting env vars: AIRFLOW_CTX_DAG_OWNER='***' AIRFLOW_CTX_DAG_ID='minio_to_postgres' AIRFLOW_CTX_TASK_ID='load_and_track' AIRFLOW_CTX_EXECUTION_DATE='2025-08-28T04:02:08.611220+00:00' AIRFLOW_CTX_TRY_NUMBER='2' AIRFLOW_CTX_DAG_RUN_ID='manual__2025-08-28T04:02:08.611220+00:00'
[2025-08-28T04:05:12.259+0000] {taskinstance.py:430} INFO - ::endgroup::
[2025-08-28T04:05:12.403+0000] {logging_mixin.py:188} WARNING - /home/***/.local/lib/python3.10/site-packages/***/utils/context.py:320 AirflowContextDeprecationWarning: Accessing 'execution_date' from the template is deprecated and will be removed in a future version. Please use 'data_interval_start' or 'logical_date' instead.
[2025-08-28T04:05:15.679+0000] {logging_mixin.py:188} INFO - green_tripdata_2024-04.parquet → staging.green_tripdata_2024 успешно загружен.
[2025-08-28T04:05:18.543+0000] {logging_mixin.py:188} INFO - green_tripdata_2025-02.parquet → staging.green_tripdata_2025 успешно загружен.
[2025-08-28T04:05:21.516+0000] {logging_mixin.py:188} INFO - green_tripdata_2024-11.parquet → staging.green_tripdata_2024 успешно загружен.
[2025-08-28T04:05:25.008+0000] {logging_mixin.py:188} INFO - green_tripdata_2023-08.parquet → staging.green_tripdata_2023 успешно загружен.
[2025-08-28T04:05:28.679+0000] {logging_mixin.py:188} INFO - green_tripdata_2023-10.parquet → staging.green_tripdata_2023 успешно загружен.
[2025-08-28T04:05:31.881+0000] {logging_mixin.py:188} INFO - green_tripdata_2024-03.parquet → staging.green_tripdata_2024 успешно загружен.
[2025-08-28T04:05:34.933+0000] {logging_mixin.py:188} INFO - green_tripdata_2024-06.parquet → staging.green_tripdata_2024 успешно загружен.
[2025-08-28T04:05:37.939+0000] {logging_mixin.py:188} INFO - green_tripdata_2024-02.parquet → staging.green_tripdata_2024 успешно загружен.
[2025-08-28T04:05:41.520+0000] {logging_mixin.py:188} INFO - green_tripdata_2023-02.parquet → staging.green_tripdata_2023 успешно загружен.
[2025-08-28T04:05:44.277+0000] {logging_mixin.py:188} INFO - green_tripdata_2025-07.parquet → staging.green_tripdata_2025 успешно загружен.
[2025-08-28T04:05:47.077+0000] {logging_mixin.py:188} INFO - green_tripdata_2025-01.parquet → staging.green_tripdata_2025 успешно загружен.
[2025-08-28T04:05:50.644+0000] {logging_mixin.py:188} INFO - green_tripdata_2023-12.parquet → staging.green_tripdata_2023 успешно загружен.
[2025-08-28T04:05:54.749+0000] {logging_mixin.py:188} INFO - green_tripdata_2023-03.parquet → staging.green_tripdata_2023 успешно загружен.
[2025-08-28T04:05:57.829+0000] {logging_mixin.py:188} INFO - green_tripdata_2024-09.parquet → staging.green_tripdata_2024 успешно загружен.
[2025-08-28T04:06:01.660+0000] {logging_mixin.py:188} INFO - green_tripdata_2023-05.parquet → staging.green_tripdata_2023 успешно загружен.
[2025-08-28T04:06:04.590+0000] {logging_mixin.py:188} INFO - green_tripdata_2025-06.parquet → staging.green_tripdata_2025 успешно загружен.
[2025-08-28T04:06:07.445+0000] {logging_mixin.py:188} INFO - green_tripdata_2024-08.parquet → staging.green_tripdata_2024 успешно загружен.
[2025-08-28T04:06:10.554+0000] {logging_mixin.py:188} INFO - green_tripdata_2024-12.parquet → staging.green_tripdata_2024 успешно загружен.
[2025-08-28T04:06:13.632+0000] {logging_mixin.py:188} INFO - green_tripdata_2025-04.parquet → staging.green_tripdata_2025 успешно загружен.
[2025-08-28T04:06:16.429+0000] {logging_mixin.py:188} INFO - green_tripdata_2024-07.parquet → staging.green_tripdata_2024 успешно загружен.
[2025-08-28T04:06:19.870+0000] {logging_mixin.py:188} INFO - green_tripdata_2024-10.parquet → staging.green_tripdata_2024 успешно загружен.
[2025-08-28T04:06:23.588+0000] {logging_mixin.py:188} INFO - green_tripdata_2023-04.parquet → staging.green_tripdata_2023 успешно загружен.
[2025-08-28T04:06:26.704+0000] {logging_mixin.py:188} INFO - green_tripdata_2025-03.parquet → staging.green_tripdata_2025 успешно загружен.
[2025-08-28T04:06:30.182+0000] {logging_mixin.py:188} INFO - green_tripdata_2024-05.parquet → staging.green_tripdata_2024 успешно загружен.
[2025-08-28T04:06:33.486+0000] {logging_mixin.py:188} INFO - green_tripdata_2024-01.parquet → staging.green_tripdata_2024 успешно загружен.
[2025-08-28T04:06:37.289+0000] {logging_mixin.py:188} INFO - green_tripdata_2023-06.parquet → staging.green_tripdata_2023 успешно загружен.
[2025-08-28T04:06:40.592+0000] {logging_mixin.py:188} INFO - green_tripdata_2025-05.parquet → staging.green_tripdata_2025 успешно загружен.
[2025-08-28T04:06:44.098+0000] {logging_mixin.py:188} INFO - green_tripdata_2023-07.parquet → staging.green_tripdata_2023 успешно загружен.
[2025-08-28T04:06:44.099+0000] {python.py:237} INFO - Done. Returned value was: None
[2025-08-28T04:06:44.099+0000] {taskinstance.py:441} INFO - ::group::Post task execution logs
[2025-08-28T04:06:44.108+0000] {taskinstance.py:1206} INFO - Marking task as SUCCESS. dag_id=minio_to_postgres, task_id=load_and_track, run_id=manual__2025-08-28T04:02:08.611220+00:00, execution_date=20250828T040208, start_date=20250828T040512, end_date=20250828T040644
[2025-08-28T04:06:44.180+0000] {local_task_job_runner.py:240} INFO - Task exited with return code 0
[2025-08-28T04:06:44.192+0000] {taskinstance.py:3498} INFO - 0 downstream tasks scheduled from follow-on schedule check
[2025-08-28T04:06:44.194+0000] {local_task_job_runner.py:222} INFO - ::endgroup::
