[2025-08-01T04:31:43.888+0000] {local_task_job_runner.py:120} INFO - ::group::Pre task execution logs
[2025-08-01T04:31:43.911+0000] {taskinstance.py:2076} INFO - Dependencies all met for dep_context=non-requeueable deps ti=<TaskInstance: parquet_in_minio.download_parquet scheduled__2023-04-01T00:00:00+00:00 [queued]>
[2025-08-01T04:31:43.916+0000] {taskinstance.py:2076} INFO - Dependencies all met for dep_context=requeueable deps ti=<TaskInstance: parquet_in_minio.download_parquet scheduled__2023-04-01T00:00:00+00:00 [queued]>
[2025-08-01T04:31:43.916+0000] {taskinstance.py:2306} INFO - Starting attempt 1 of 6
[2025-08-01T04:31:43.942+0000] {taskinstance.py:2330} INFO - Executing <Task(PythonOperator): download_parquet> on 2023-04-01 00:00:00+00:00
[2025-08-01T04:31:43.947+0000] {standard_task_runner.py:63} INFO - Started process 1496 to run task
[2025-08-01T04:31:43.949+0000] {standard_task_runner.py:90} INFO - Running: ['***', 'tasks', 'run', 'parquet_in_minio', 'download_parquet', 'scheduled__2023-04-01T00:00:00+00:00', '--job-id', '347', '--raw', '--subdir', 'DAGS_FOLDER/parquet_to_minio.py', '--cfg-path', '/tmp/tmpvh5dm3i6']
[2025-08-01T04:31:43.951+0000] {standard_task_runner.py:91} INFO - Job 347: Subtask download_parquet
[2025-08-01T04:31:43.967+0000] {logging_mixin.py:188} WARNING - /home/***/.local/lib/python3.10/site-packages/***/settings.py:195 DeprecationWarning: The sql_alchemy_conn option in [core] has been moved to the sql_alchemy_conn option in [database] - the old setting has been used, but please update your config.
[2025-08-01T04:31:43.996+0000] {task_command.py:426} INFO - Running <TaskInstance: parquet_in_minio.download_parquet scheduled__2023-04-01T00:00:00+00:00 [running]> on host 87b19f697adc
[2025-08-01T04:31:44.072+0000] {taskinstance.py:2648} INFO - Exporting env vars: AIRFLOW_CTX_DAG_OWNER='***' AIRFLOW_CTX_DAG_ID='parquet_in_minio' AIRFLOW_CTX_TASK_ID='download_parquet' AIRFLOW_CTX_EXECUTION_DATE='2023-04-01T00:00:00+00:00' AIRFLOW_CTX_TRY_NUMBER='1' AIRFLOW_CTX_DAG_RUN_ID='scheduled__2023-04-01T00:00:00+00:00'
[2025-08-01T04:31:44.073+0000] {taskinstance.py:430} INFO - ::endgroup::
[2025-08-01T04:31:44.083+0000] {logging_mixin.py:188} WARNING - /home/***/.local/lib/python3.10/site-packages/***/utils/context.py:320 AirflowContextDeprecationWarning: Accessing 'execution_date' from the template is deprecated and will be removed in a future version. Please use 'data_interval_start' or 'logical_date' instead.
[2025-08-01T04:31:46.424+0000] {python.py:237} INFO - Done. Returned value was: None
[2025-08-01T04:31:46.425+0000] {taskinstance.py:441} INFO - ::group::Post task execution logs
[2025-08-01T04:31:46.433+0000] {taskinstance.py:1206} INFO - Marking task as SUCCESS. dag_id=parquet_in_minio, task_id=download_parquet, run_id=scheduled__2023-04-01T00:00:00+00:00, execution_date=20230401T000000, start_date=20250801T043143, end_date=20250801T043146
[2025-08-01T04:31:46.487+0000] {local_task_job_runner.py:240} INFO - Task exited with return code 0
[2025-08-01T04:31:46.496+0000] {local_task_job_runner.py:222} INFO - ::endgroup::
[2025-08-28T03:48:52.515+0000] {local_task_job_runner.py:120} INFO - ::group::Pre task execution logs
[2025-08-28T03:48:52.540+0000] {taskinstance.py:2076} INFO - Dependencies all met for dep_context=non-requeueable deps ti=<TaskInstance: parquet_in_minio.download_parquet scheduled__2023-04-01T00:00:00+00:00 [queued]>
[2025-08-28T03:48:52.547+0000] {taskinstance.py:2076} INFO - Dependencies all met for dep_context=requeueable deps ti=<TaskInstance: parquet_in_minio.download_parquet scheduled__2023-04-01T00:00:00+00:00 [queued]>
[2025-08-28T03:48:52.547+0000] {taskinstance.py:2306} INFO - Starting attempt 1 of 6
[2025-08-28T03:48:52.570+0000] {taskinstance.py:2330} INFO - Executing <Task(PythonOperator): download_parquet> on 2023-04-01 00:00:00+00:00
[2025-08-28T03:48:52.576+0000] {standard_task_runner.py:63} INFO - Started process 681 to run task
[2025-08-28T03:48:52.579+0000] {standard_task_runner.py:90} INFO - Running: ['***', 'tasks', 'run', 'parquet_in_minio', 'download_parquet', 'scheduled__2023-04-01T00:00:00+00:00', '--job-id', '540', '--raw', '--subdir', 'DAGS_FOLDER/parquet_to_minio.py', '--cfg-path', '/tmp/tmpf67cl68v']
[2025-08-28T03:48:52.581+0000] {standard_task_runner.py:91} INFO - Job 540: Subtask download_parquet
[2025-08-28T03:48:52.597+0000] {logging_mixin.py:188} WARNING - /home/***/.local/lib/python3.10/site-packages/***/settings.py:195 DeprecationWarning: The sql_alchemy_conn option in [core] has been moved to the sql_alchemy_conn option in [database] - the old setting has been used, but please update your config.
[2025-08-28T03:48:52.633+0000] {task_command.py:426} INFO - Running <TaskInstance: parquet_in_minio.download_parquet scheduled__2023-04-01T00:00:00+00:00 [running]> on host c3d91d0460b0
[2025-08-28T03:48:52.709+0000] {taskinstance.py:2648} INFO - Exporting env vars: AIRFLOW_CTX_DAG_OWNER='***' AIRFLOW_CTX_DAG_ID='parquet_in_minio' AIRFLOW_CTX_TASK_ID='download_parquet' AIRFLOW_CTX_EXECUTION_DATE='2023-04-01T00:00:00+00:00' AIRFLOW_CTX_TRY_NUMBER='1' AIRFLOW_CTX_DAG_RUN_ID='scheduled__2023-04-01T00:00:00+00:00'
[2025-08-28T03:48:52.709+0000] {taskinstance.py:430} INFO - ::endgroup::
[2025-08-28T03:48:52.721+0000] {logging_mixin.py:188} WARNING - /home/***/.local/lib/python3.10/site-packages/***/utils/context.py:320 AirflowContextDeprecationWarning: Accessing 'execution_date' from the template is deprecated and will be removed in a future version. Please use 'data_interval_start' or 'logical_date' instead.
[2025-08-28T03:50:26.551+0000] {python.py:237} INFO - Done. Returned value was: None
[2025-08-28T03:50:26.552+0000] {taskinstance.py:441} INFO - ::group::Post task execution logs
[2025-08-28T03:50:26.561+0000] {taskinstance.py:1206} INFO - Marking task as SUCCESS. dag_id=parquet_in_minio, task_id=download_parquet, run_id=scheduled__2023-04-01T00:00:00+00:00, execution_date=20230401T000000, start_date=20250828T034852, end_date=20250828T035026
[2025-08-28T03:50:26.591+0000] {local_task_job_runner.py:240} INFO - Task exited with return code 0
[2025-08-28T03:50:26.613+0000] {taskinstance.py:3498} INFO - 1 downstream tasks scheduled from follow-on schedule check
[2025-08-28T03:50:26.614+0000] {local_task_job_runner.py:222} INFO - ::endgroup::
