[2025-08-01T04:37:12.605+0000] {local_task_job_runner.py:120} INFO - ::group::Pre task execution logs
[2025-08-01T04:37:12.649+0000] {taskinstance.py:2076} INFO - Dependencies all met for dep_context=non-requeueable deps ti=<TaskInstance: parquet_in_minio.upload_to_minio scheduled__2024-08-01T00:00:00+00:00 [queued]>
[2025-08-01T04:37:12.662+0000] {taskinstance.py:2076} INFO - Dependencies all met for dep_context=requeueable deps ti=<TaskInstance: parquet_in_minio.upload_to_minio scheduled__2024-08-01T00:00:00+00:00 [queued]>
[2025-08-01T04:37:12.662+0000] {taskinstance.py:2306} INFO - Starting attempt 1 of 4
[2025-08-01T04:37:12.686+0000] {taskinstance.py:2330} INFO - Executing <Task(PythonOperator): upload_to_minio> on 2024-08-01 00:00:00+00:00
[2025-08-01T04:37:12.706+0000] {standard_task_runner.py:63} INFO - Started process 1992 to run task
[2025-08-01T04:37:12.712+0000] {standard_task_runner.py:90} INFO - Running: ['***', 'tasks', 'run', 'parquet_in_minio', 'upload_to_minio', 'scheduled__2024-08-01T00:00:00+00:00', '--job-id', '480', '--raw', '--subdir', 'DAGS_FOLDER/parquet_to_minio.py', '--cfg-path', '/tmp/tmpqflxmivk']
[2025-08-01T04:37:12.715+0000] {standard_task_runner.py:91} INFO - Job 480: Subtask upload_to_minio
[2025-08-01T04:37:12.734+0000] {logging_mixin.py:188} WARNING - /home/***/.local/lib/python3.10/site-packages/***/settings.py:195 DeprecationWarning: The sql_alchemy_conn option in [core] has been moved to the sql_alchemy_conn option in [database] - the old setting has been used, but please update your config.
[2025-08-01T04:37:12.780+0000] {task_command.py:426} INFO - Running <TaskInstance: parquet_in_minio.upload_to_minio scheduled__2024-08-01T00:00:00+00:00 [running]> on host 87b19f697adc
[2025-08-01T04:37:12.901+0000] {taskinstance.py:2648} INFO - Exporting env vars: AIRFLOW_CTX_DAG_OWNER='***' AIRFLOW_CTX_DAG_ID='parquet_in_minio' AIRFLOW_CTX_TASK_ID='upload_to_minio' AIRFLOW_CTX_EXECUTION_DATE='2024-08-01T00:00:00+00:00' AIRFLOW_CTX_TRY_NUMBER='1' AIRFLOW_CTX_DAG_RUN_ID='scheduled__2024-08-01T00:00:00+00:00'
[2025-08-01T04:37:12.902+0000] {taskinstance.py:430} INFO - ::endgroup::
[2025-08-01T04:37:12.914+0000] {logging_mixin.py:188} WARNING - /home/***/.local/lib/python3.10/site-packages/***/utils/context.py:320 AirflowContextDeprecationWarning: Accessing 'execution_date' from the template is deprecated and will be removed in a future version. Please use 'data_interval_start' or 'logical_date' instead.
[2025-08-01T04:37:13.031+0000] {python.py:237} INFO - Done. Returned value was: None
[2025-08-01T04:37:13.031+0000] {taskinstance.py:441} INFO - ::group::Post task execution logs
[2025-08-01T04:37:13.041+0000] {taskinstance.py:1206} INFO - Marking task as SUCCESS. dag_id=parquet_in_minio, task_id=upload_to_minio, run_id=scheduled__2024-08-01T00:00:00+00:00, execution_date=20240801T000000, start_date=20250801T043712, end_date=20250801T043713
[2025-08-01T04:37:13.090+0000] {local_task_job_runner.py:240} INFO - Task exited with return code 0
[2025-08-01T04:37:13.112+0000] {taskinstance.py:3498} INFO - 1 downstream tasks scheduled from follow-on schedule check
[2025-08-01T04:37:13.114+0000] {local_task_job_runner.py:222} INFO - ::endgroup::
[2025-08-28T03:51:35.627+0000] {local_task_job_runner.py:120} INFO - ::group::Pre task execution logs
[2025-08-28T03:51:35.646+0000] {taskinstance.py:2076} INFO - Dependencies all met for dep_context=non-requeueable deps ti=<TaskInstance: parquet_in_minio.upload_to_minio scheduled__2024-08-01T00:00:00+00:00 [queued]>
[2025-08-28T03:51:35.651+0000] {taskinstance.py:2076} INFO - Dependencies all met for dep_context=requeueable deps ti=<TaskInstance: parquet_in_minio.upload_to_minio scheduled__2024-08-01T00:00:00+00:00 [queued]>
[2025-08-28T03:51:35.651+0000] {taskinstance.py:2306} INFO - Starting attempt 1 of 4
[2025-08-28T03:51:35.658+0000] {taskinstance.py:2330} INFO - Executing <Task(PythonOperator): upload_to_minio> on 2024-08-01 00:00:00+00:00
[2025-08-28T03:51:35.663+0000] {standard_task_runner.py:63} INFO - Started process 812 to run task
[2025-08-28T03:51:35.665+0000] {standard_task_runner.py:90} INFO - Running: ['***', 'tasks', 'run', 'parquet_in_minio', 'upload_to_minio', 'scheduled__2024-08-01T00:00:00+00:00', '--job-id', '569', '--raw', '--subdir', 'DAGS_FOLDER/parquet_to_minio.py', '--cfg-path', '/tmp/tmp9m072d5_']
[2025-08-28T03:51:35.666+0000] {standard_task_runner.py:91} INFO - Job 569: Subtask upload_to_minio
[2025-08-28T03:51:35.677+0000] {logging_mixin.py:188} WARNING - /home/***/.local/lib/python3.10/site-packages/***/settings.py:195 DeprecationWarning: The sql_alchemy_conn option in [core] has been moved to the sql_alchemy_conn option in [database] - the old setting has been used, but please update your config.
[2025-08-28T03:51:35.703+0000] {task_command.py:426} INFO - Running <TaskInstance: parquet_in_minio.upload_to_minio scheduled__2024-08-01T00:00:00+00:00 [running]> on host c3d91d0460b0
[2025-08-28T03:51:35.763+0000] {taskinstance.py:2648} INFO - Exporting env vars: AIRFLOW_CTX_DAG_OWNER='***' AIRFLOW_CTX_DAG_ID='parquet_in_minio' AIRFLOW_CTX_TASK_ID='upload_to_minio' AIRFLOW_CTX_EXECUTION_DATE='2024-08-01T00:00:00+00:00' AIRFLOW_CTX_TRY_NUMBER='1' AIRFLOW_CTX_DAG_RUN_ID='scheduled__2024-08-01T00:00:00+00:00'
[2025-08-28T03:51:35.763+0000] {taskinstance.py:430} INFO - ::endgroup::
[2025-08-28T03:51:35.772+0000] {logging_mixin.py:188} WARNING - /home/***/.local/lib/python3.10/site-packages/***/utils/context.py:320 AirflowContextDeprecationWarning: Accessing 'execution_date' from the template is deprecated and will be removed in a future version. Please use 'data_interval_start' or 'logical_date' instead.
[2025-08-28T03:51:35.859+0000] {python.py:237} INFO - Done. Returned value was: None
[2025-08-28T03:51:35.859+0000] {taskinstance.py:441} INFO - ::group::Post task execution logs
[2025-08-28T03:51:35.866+0000] {taskinstance.py:1206} INFO - Marking task as SUCCESS. dag_id=parquet_in_minio, task_id=upload_to_minio, run_id=scheduled__2024-08-01T00:00:00+00:00, execution_date=20240801T000000, start_date=20250828T035135, end_date=20250828T035135
[2025-08-28T03:51:35.917+0000] {local_task_job_runner.py:240} INFO - Task exited with return code 0
[2025-08-28T03:51:35.934+0000] {taskinstance.py:3498} INFO - 1 downstream tasks scheduled from follow-on schedule check
[2025-08-28T03:51:35.936+0000] {local_task_job_runner.py:222} INFO - ::endgroup::
