[2025-08-28T10:00:01.533+0000] {local_task_job_runner.py:120} INFO - ::group::Pre task execution logs
[2025-08-28T10:00:01.556+0000] {taskinstance.py:2076} INFO - Dependencies all met for dep_context=non-requeueable deps ti=<TaskInstance: minio_to_postgres.load_and_track scheduled__2025-08-28T09:00:00+00:00 [queued]>
[2025-08-28T10:00:01.561+0000] {taskinstance.py:2076} INFO - Dependencies all met for dep_context=requeueable deps ti=<TaskInstance: minio_to_postgres.load_and_track scheduled__2025-08-28T09:00:00+00:00 [queued]>
[2025-08-28T10:00:01.562+0000] {taskinstance.py:2306} INFO - Starting attempt 1 of 2
[2025-08-28T10:00:01.569+0000] {taskinstance.py:2330} INFO - Executing <Task(PythonOperator): load_and_track> on 2025-08-28 09:00:00+00:00
[2025-08-28T10:00:01.575+0000] {standard_task_runner.py:63} INFO - Started process 1812 to run task
[2025-08-28T10:00:01.577+0000] {standard_task_runner.py:90} INFO - Running: ['***', 'tasks', 'run', 'minio_to_postgres', 'load_and_track', 'scheduled__2025-08-28T09:00:00+00:00', '--job-id', '676', '--raw', '--subdir', 'DAGS_FOLDER/minio_to_postgres.py', '--cfg-path', '/tmp/tmp73qkyna2']
[2025-08-28T10:00:01.579+0000] {standard_task_runner.py:91} INFO - Job 676: Subtask load_and_track
[2025-08-28T10:00:01.591+0000] {logging_mixin.py:188} WARNING - /home/***/.local/lib/python3.10/site-packages/***/settings.py:195 DeprecationWarning: The sql_alchemy_conn option in [core] has been moved to the sql_alchemy_conn option in [database] - the old setting has been used, but please update your config.
[2025-08-28T10:00:01.616+0000] {task_command.py:426} INFO - Running <TaskInstance: minio_to_postgres.load_and_track scheduled__2025-08-28T09:00:00+00:00 [running]> on host 079ec7e245af
[2025-08-28T10:00:01.805+0000] {taskinstance.py:2648} INFO - Exporting env vars: AIRFLOW_CTX_DAG_OWNER='***' AIRFLOW_CTX_DAG_ID='minio_to_postgres' AIRFLOW_CTX_TASK_ID='load_and_track' AIRFLOW_CTX_EXECUTION_DATE='2025-08-28T09:00:00+00:00' AIRFLOW_CTX_TRY_NUMBER='1' AIRFLOW_CTX_DAG_RUN_ID='scheduled__2025-08-28T09:00:00+00:00'
[2025-08-28T10:00:01.806+0000] {taskinstance.py:430} INFO - ::endgroup::
[2025-08-28T10:00:01.820+0000] {logging_mixin.py:188} WARNING - /home/***/.local/lib/python3.10/site-packages/***/utils/context.py:320 AirflowContextDeprecationWarning: Accessing 'execution_date' from the template is deprecated and will be removed in a future version. Please use 'data_interval_start' or 'logical_date' instead.
[2025-08-28T10:00:04.891+0000] {logging_mixin.py:188} INFO - green_tripdata_2025-03.parquet → staging.green_tripdata_2025 успешно загружен.
[2025-08-28T10:00:08.360+0000] {logging_mixin.py:188} INFO - green_tripdata_2023-09.parquet → staging.green_tripdata_2023 успешно загружен.
[2025-08-28T10:00:11.082+0000] {logging_mixin.py:188} INFO - green_tripdata_2025-07.parquet → staging.green_tripdata_2025 успешно загружен.
[2025-08-28T10:00:14.724+0000] {logging_mixin.py:188} INFO - green_tripdata_2023-10.parquet → staging.green_tripdata_2023 успешно загружен.
[2025-08-28T10:00:17.696+0000] {logging_mixin.py:188} INFO - green_tripdata_2025-04.parquet → staging.green_tripdata_2025 успешно загружен.
[2025-08-28T10:00:20.819+0000] {logging_mixin.py:188} INFO - green_tripdata_2025-05.parquet → staging.green_tripdata_2025 успешно загружен.
[2025-08-28T10:00:23.632+0000] {logging_mixin.py:188} INFO - green_tripdata_2024-08.parquet → staging.green_tripdata_2024 успешно загружен.
[2025-08-28T10:00:26.695+0000] {logging_mixin.py:188} INFO - green_tripdata_2024-04.parquet → staging.green_tripdata_2024 успешно загружен.
[2025-08-28T10:00:29.487+0000] {logging_mixin.py:188} INFO - green_tripdata_2025-06.parquet → staging.green_tripdata_2025 успешно загружен.
[2025-08-28T10:00:32.542+0000] {logging_mixin.py:188} INFO - green_tripdata_2024-01.parquet → staging.green_tripdata_2024 успешно загружен.
[2025-08-28T10:00:36.179+0000] {logging_mixin.py:188} INFO - green_tripdata_2023-06.parquet → staging.green_tripdata_2023 успешно загружен.
[2025-08-28T10:00:39.655+0000] {logging_mixin.py:188} INFO - green_tripdata_2023-12.parquet → staging.green_tripdata_2023 успешно загружен.
[2025-08-28T10:00:43.100+0000] {logging_mixin.py:188} INFO - green_tripdata_2023-11.parquet → staging.green_tripdata_2023 успешно загружен.
[2025-08-28T10:00:46.405+0000] {logging_mixin.py:188} INFO - green_tripdata_2023-07.parquet → staging.green_tripdata_2023 успешно загружен.
[2025-08-28T10:00:49.276+0000] {logging_mixin.py:188} INFO - green_tripdata_2024-12.parquet → staging.green_tripdata_2024 успешно загружен.
[2025-08-28T10:00:51.906+0000] {logging_mixin.py:188} INFO - green_tripdata_2025-02.parquet → staging.green_tripdata_2025 успешно загружен.
[2025-08-28T10:00:55.629+0000] {logging_mixin.py:188} INFO - green_tripdata_2023-05.parquet → staging.green_tripdata_2023 успешно загружен.
[2025-08-28T10:00:58.385+0000] {logging_mixin.py:188} INFO - green_tripdata_2025-01.parquet → staging.green_tripdata_2025 успешно загружен.
[2025-08-28T10:01:01.345+0000] {logging_mixin.py:188} INFO - green_tripdata_2024-09.parquet → staging.green_tripdata_2024 успешно загружен.
[2025-08-28T10:01:04.417+0000] {logging_mixin.py:188} INFO - green_tripdata_2024-03.parquet → staging.green_tripdata_2024 успешно загружен.
[2025-08-28T10:01:07.671+0000] {logging_mixin.py:188} INFO - green_tripdata_2024-05.parquet → staging.green_tripdata_2024 успешно загружен.
[2025-08-28T10:01:11.467+0000] {logging_mixin.py:188} INFO - green_tripdata_2023-03.parquet → staging.green_tripdata_2023 успешно загружен.
[2025-08-28T10:01:14.400+0000] {logging_mixin.py:188} INFO - green_tripdata_2024-07.parquet → staging.green_tripdata_2024 успешно загружен.
[2025-08-28T10:01:17.885+0000] {logging_mixin.py:188} INFO - green_tripdata_2023-04.parquet → staging.green_tripdata_2023 успешно загружен.
[2025-08-28T10:01:20.817+0000] {logging_mixin.py:188} INFO - green_tripdata_2024-06.parquet → staging.green_tripdata_2024 успешно загружен.
[2025-08-28T10:01:23.873+0000] {logging_mixin.py:188} INFO - green_tripdata_2024-10.parquet → staging.green_tripdata_2024 успешно загружен.
[2025-08-28T10:01:26.843+0000] {logging_mixin.py:188} INFO - green_tripdata_2024-02.parquet → staging.green_tripdata_2024 успешно загружен.
[2025-08-28T10:01:30.249+0000] {logging_mixin.py:188} INFO - green_tripdata_2023-02.parquet → staging.green_tripdata_2023 успешно загружен.
[2025-08-28T10:01:33.590+0000] {logging_mixin.py:188} INFO - green_tripdata_2023-08.parquet → staging.green_tripdata_2023 успешно загружен.
[2025-08-28T10:01:36.534+0000] {logging_mixin.py:188} INFO - green_tripdata_2024-11.parquet → staging.green_tripdata_2024 успешно загружен.
[2025-08-28T10:01:40.234+0000] {logging_mixin.py:188} INFO - green_tripdata_2023-01.parquet → staging.green_tripdata_2023 успешно загружен.
[2025-08-28T10:01:40.236+0000] {python.py:237} INFO - Done. Returned value was: None
[2025-08-28T10:01:40.237+0000] {taskinstance.py:441} INFO - ::group::Post task execution logs
[2025-08-28T10:01:40.244+0000] {taskinstance.py:1206} INFO - Marking task as SUCCESS. dag_id=minio_to_postgres, task_id=load_and_track, run_id=scheduled__2025-08-28T09:00:00+00:00, execution_date=20250828T090000, start_date=20250828T100001, end_date=20250828T100140
[2025-08-28T10:01:40.295+0000] {local_task_job_runner.py:240} INFO - Task exited with return code 0
[2025-08-28T10:01:40.306+0000] {taskinstance.py:3498} INFO - 0 downstream tasks scheduled from follow-on schedule check
[2025-08-28T10:01:40.307+0000] {local_task_job_runner.py:222} INFO - ::endgroup::
