[2025-08-28T08:00:03.113+0000] {local_task_job_runner.py:120} INFO - ::group::Pre task execution logs
[2025-08-28T08:00:03.143+0000] {taskinstance.py:2076} INFO - Dependencies all met for dep_context=non-requeueable deps ti=<TaskInstance: minio_to_postgres.load_and_track scheduled__2025-08-28T07:00:00+00:00 [queued]>
[2025-08-28T08:00:03.149+0000] {taskinstance.py:2076} INFO - Dependencies all met for dep_context=requeueable deps ti=<TaskInstance: minio_to_postgres.load_and_track scheduled__2025-08-28T07:00:00+00:00 [queued]>
[2025-08-28T08:00:03.149+0000] {taskinstance.py:2306} INFO - Starting attempt 1 of 2
[2025-08-28T08:00:03.158+0000] {taskinstance.py:2330} INFO - Executing <Task(PythonOperator): load_and_track> on 2025-08-28 07:00:00+00:00
[2025-08-28T08:00:03.166+0000] {standard_task_runner.py:63} INFO - Started process 1366 to run task
[2025-08-28T08:00:03.169+0000] {standard_task_runner.py:90} INFO - Running: ['***', 'tasks', 'run', 'minio_to_postgres', 'load_and_track', 'scheduled__2025-08-28T07:00:00+00:00', '--job-id', '667', '--raw', '--subdir', 'DAGS_FOLDER/minio_to_postgres.py', '--cfg-path', '/opt/***/tmp/tmpot80agg8']
[2025-08-28T08:00:03.171+0000] {standard_task_runner.py:91} INFO - Job 667: Subtask load_and_track
[2025-08-28T08:00:03.186+0000] {logging_mixin.py:188} WARNING - /home/***/.local/lib/python3.10/site-packages/***/settings.py:195 DeprecationWarning: The sql_alchemy_conn option in [core] has been moved to the sql_alchemy_conn option in [database] - the old setting has been used, but please update your config.
[2025-08-28T08:00:03.216+0000] {task_command.py:426} INFO - Running <TaskInstance: minio_to_postgres.load_and_track scheduled__2025-08-28T07:00:00+00:00 [running]> on host 5c64e3d35cfd
[2025-08-28T08:00:03.480+0000] {taskinstance.py:2648} INFO - Exporting env vars: AIRFLOW_CTX_DAG_OWNER='***' AIRFLOW_CTX_DAG_ID='minio_to_postgres' AIRFLOW_CTX_TASK_ID='load_and_track' AIRFLOW_CTX_EXECUTION_DATE='2025-08-28T07:00:00+00:00' AIRFLOW_CTX_TRY_NUMBER='1' AIRFLOW_CTX_DAG_RUN_ID='scheduled__2025-08-28T07:00:00+00:00'
[2025-08-28T08:00:03.481+0000] {taskinstance.py:430} INFO - ::endgroup::
[2025-08-28T08:00:03.498+0000] {logging_mixin.py:188} WARNING - /home/***/.local/lib/python3.10/site-packages/***/utils/context.py:320 AirflowContextDeprecationWarning: Accessing 'execution_date' from the template is deprecated and will be removed in a future version. Please use 'data_interval_start' or 'logical_date' instead.
[2025-08-28T08:00:06.761+0000] {logging_mixin.py:188} INFO - green_tripdata_2024-04.parquet → staging.green_tripdata_2024 успешно загружен.
[2025-08-28T08:00:10.303+0000] {logging_mixin.py:188} INFO - green_tripdata_2023-02.parquet → staging.green_tripdata_2023 успешно загружен.
[2025-08-28T08:00:13.973+0000] {logging_mixin.py:188} INFO - green_tripdata_2023-01.parquet → staging.green_tripdata_2023 успешно загружен.
[2025-08-28T08:00:16.910+0000] {logging_mixin.py:188} INFO - green_tripdata_2024-09.parquet → staging.green_tripdata_2024 успешно загружен.
[2025-08-28T08:00:19.934+0000] {logging_mixin.py:188} INFO - green_tripdata_2024-01.parquet → staging.green_tripdata_2024 успешно загружен.
[2025-08-28T08:00:23.183+0000] {logging_mixin.py:188} INFO - green_tripdata_2024-05.parquet → staging.green_tripdata_2024 успешно загружен.
[2025-08-28T08:00:26.249+0000] {logging_mixin.py:188} INFO - green_tripdata_2024-03.parquet → staging.green_tripdata_2024 успешно загружен.
[2025-08-28T08:00:29.090+0000] {logging_mixin.py:188} INFO - green_tripdata_2024-11.parquet → staging.green_tripdata_2024 успешно загружен.
[2025-08-28T08:00:31.998+0000] {logging_mixin.py:188} INFO - green_tripdata_2025-03.parquet → staging.green_tripdata_2025 успешно загружен.
[2025-08-28T08:00:34.966+0000] {logging_mixin.py:188} INFO - green_tripdata_2025-04.parquet → staging.green_tripdata_2025 успешно загружен.
[2025-08-28T08:00:37.782+0000] {logging_mixin.py:188} INFO - green_tripdata_2024-08.parquet → staging.green_tripdata_2024 успешно загружен.
[2025-08-28T08:00:41.276+0000] {logging_mixin.py:188} INFO - green_tripdata_2023-09.parquet → staging.green_tripdata_2023 успешно загружен.
[2025-08-28T08:00:43.937+0000] {logging_mixin.py:188} INFO - green_tripdata_2025-02.parquet → staging.green_tripdata_2025 успешно загружен.
[2025-08-28T08:00:46.729+0000] {logging_mixin.py:188} INFO - green_tripdata_2025-06.parquet → staging.green_tripdata_2025 успешно загружен.
[2025-08-28T08:00:49.754+0000] {logging_mixin.py:188} INFO - green_tripdata_2024-12.parquet → staging.green_tripdata_2024 успешно загружен.
[2025-08-28T08:00:52.842+0000] {logging_mixin.py:188} INFO - green_tripdata_2024-06.parquet → staging.green_tripdata_2024 успешно загружен.
[2025-08-28T08:00:56.588+0000] {logging_mixin.py:188} INFO - green_tripdata_2023-05.parquet → staging.green_tripdata_2023 успешно загружен.
[2025-08-28T08:01:00.254+0000] {logging_mixin.py:188} INFO - green_tripdata_2023-10.parquet → staging.green_tripdata_2023 успешно загружен.
[2025-08-28T08:01:03.907+0000] {logging_mixin.py:188} INFO - green_tripdata_2023-04.parquet → staging.green_tripdata_2023 успешно загружен.
[2025-08-28T08:01:07.599+0000] {logging_mixin.py:188} INFO - green_tripdata_2023-06.parquet → staging.green_tripdata_2023 успешно загружен.
[2025-08-28T08:01:10.458+0000] {logging_mixin.py:188} INFO - green_tripdata_2025-01.parquet → staging.green_tripdata_2025 успешно загружен.
[2025-08-28T08:01:13.969+0000] {logging_mixin.py:188} INFO - green_tripdata_2023-12.parquet → staging.green_tripdata_2023 успешно загружен.
[2025-08-28T08:01:16.815+0000] {logging_mixin.py:188} INFO - green_tripdata_2024-02.parquet → staging.green_tripdata_2024 успешно загружен.
[2025-08-28T08:01:19.632+0000] {logging_mixin.py:188} INFO - green_tripdata_2024-07.parquet → staging.green_tripdata_2024 успешно загружен.
[2025-08-28T08:01:23.581+0000] {logging_mixin.py:188} INFO - green_tripdata_2023-03.parquet → staging.green_tripdata_2023 успешно загружен.
[2025-08-28T08:01:26.723+0000] {logging_mixin.py:188} INFO - green_tripdata_2024-10.parquet → staging.green_tripdata_2024 успешно загружен.
[2025-08-28T08:01:29.497+0000] {logging_mixin.py:188} INFO - green_tripdata_2025-07.parquet → staging.green_tripdata_2025 успешно загружен.
[2025-08-28T08:01:33.010+0000] {logging_mixin.py:188} INFO - green_tripdata_2023-11.parquet → staging.green_tripdata_2023 успешно загружен.
[2025-08-28T08:01:36.427+0000] {logging_mixin.py:188} INFO - green_tripdata_2023-08.parquet → staging.green_tripdata_2023 успешно загружен.
[2025-08-28T08:01:39.646+0000] {logging_mixin.py:188} INFO - green_tripdata_2025-05.parquet → staging.green_tripdata_2025 успешно загружен.
[2025-08-28T08:01:43.258+0000] {logging_mixin.py:188} INFO - green_tripdata_2023-07.parquet → staging.green_tripdata_2023 успешно загружен.
[2025-08-28T08:01:43.260+0000] {python.py:237} INFO - Done. Returned value was: None
[2025-08-28T08:01:43.260+0000] {taskinstance.py:441} INFO - ::group::Post task execution logs
[2025-08-28T08:01:43.268+0000] {taskinstance.py:1206} INFO - Marking task as SUCCESS. dag_id=minio_to_postgres, task_id=load_and_track, run_id=scheduled__2025-08-28T07:00:00+00:00, execution_date=20250828T070000, start_date=20250828T080003, end_date=20250828T080143
[2025-08-28T08:01:43.344+0000] {local_task_job_runner.py:240} INFO - Task exited with return code 0
[2025-08-28T08:01:43.357+0000] {taskinstance.py:3498} INFO - 0 downstream tasks scheduled from follow-on schedule check
[2025-08-28T08:01:43.359+0000] {local_task_job_runner.py:222} INFO - ::endgroup::
