[2025-08-01T04:31:45.234+0000] {local_task_job_runner.py:120} INFO - ::group::Pre task execution logs
[2025-08-01T04:31:45.258+0000] {taskinstance.py:2076} INFO - Dependencies all met for dep_context=non-requeueable deps ti=<TaskInstance: parquet_in_minio.download_parquet scheduled__2024-05-01T00:00:00+00:00 [queued]>
[2025-08-01T04:31:45.263+0000] {taskinstance.py:2076} INFO - Dependencies all met for dep_context=requeueable deps ti=<TaskInstance: parquet_in_minio.download_parquet scheduled__2024-05-01T00:00:00+00:00 [queued]>
[2025-08-01T04:31:45.263+0000] {taskinstance.py:2306} INFO - Starting attempt 1 of 6
[2025-08-01T04:31:45.324+0000] {taskinstance.py:2330} INFO - Executing <Task(PythonOperator): download_parquet> on 2024-05-01 00:00:00+00:00
[2025-08-01T04:31:45.329+0000] {standard_task_runner.py:63} INFO - Started process 1521 to run task
[2025-08-01T04:31:45.332+0000] {standard_task_runner.py:90} INFO - Running: ['***', 'tasks', 'run', 'parquet_in_minio', 'download_parquet', 'scheduled__2024-05-01T00:00:00+00:00', '--job-id', '360', '--raw', '--subdir', 'DAGS_FOLDER/parquet_to_minio.py', '--cfg-path', '/tmp/tmp4d7lp5ts']
[2025-08-01T04:31:45.333+0000] {standard_task_runner.py:91} INFO - Job 360: Subtask download_parquet
[2025-08-01T04:31:45.346+0000] {logging_mixin.py:188} WARNING - /home/***/.local/lib/python3.10/site-packages/***/settings.py:195 DeprecationWarning: The sql_alchemy_conn option in [core] has been moved to the sql_alchemy_conn option in [database] - the old setting has been used, but please update your config.
[2025-08-01T04:31:45.372+0000] {task_command.py:426} INFO - Running <TaskInstance: parquet_in_minio.download_parquet scheduled__2024-05-01T00:00:00+00:00 [running]> on host 87b19f697adc
[2025-08-01T04:31:45.437+0000] {taskinstance.py:2648} INFO - Exporting env vars: AIRFLOW_CTX_DAG_OWNER='***' AIRFLOW_CTX_DAG_ID='parquet_in_minio' AIRFLOW_CTX_TASK_ID='download_parquet' AIRFLOW_CTX_EXECUTION_DATE='2024-05-01T00:00:00+00:00' AIRFLOW_CTX_TRY_NUMBER='1' AIRFLOW_CTX_DAG_RUN_ID='scheduled__2024-05-01T00:00:00+00:00'
[2025-08-01T04:31:45.438+0000] {taskinstance.py:430} INFO - ::endgroup::
[2025-08-01T04:31:45.447+0000] {logging_mixin.py:188} WARNING - /home/***/.local/lib/python3.10/site-packages/***/utils/context.py:320 AirflowContextDeprecationWarning: Accessing 'execution_date' from the template is deprecated and will be removed in a future version. Please use 'data_interval_start' or 'logical_date' instead.
[2025-08-01T04:31:48.221+0000] {python.py:237} INFO - Done. Returned value was: None
[2025-08-01T04:31:48.221+0000] {taskinstance.py:441} INFO - ::group::Post task execution logs
[2025-08-01T04:31:48.236+0000] {taskinstance.py:1206} INFO - Marking task as SUCCESS. dag_id=parquet_in_minio, task_id=download_parquet, run_id=scheduled__2024-05-01T00:00:00+00:00, execution_date=20240501T000000, start_date=20250801T043145, end_date=20250801T043148
[2025-08-01T04:31:48.352+0000] {local_task_job_runner.py:240} INFO - Task exited with return code 0
[2025-08-01T04:31:48.383+0000] {taskinstance.py:3498} INFO - 1 downstream tasks scheduled from follow-on schedule check
[2025-08-01T04:31:48.385+0000] {local_task_job_runner.py:222} INFO - ::endgroup::
[2025-08-28T03:50:22.207+0000] {local_task_job_runner.py:120} INFO - ::group::Pre task execution logs
[2025-08-28T03:50:22.226+0000] {taskinstance.py:2076} INFO - Dependencies all met for dep_context=non-requeueable deps ti=<TaskInstance: parquet_in_minio.download_parquet scheduled__2024-05-01T00:00:00+00:00 [queued]>
[2025-08-28T03:50:22.231+0000] {taskinstance.py:2076} INFO - Dependencies all met for dep_context=requeueable deps ti=<TaskInstance: parquet_in_minio.download_parquet scheduled__2024-05-01T00:00:00+00:00 [queued]>
[2025-08-28T03:50:22.231+0000] {taskinstance.py:2306} INFO - Starting attempt 1 of 6
[2025-08-28T03:50:22.239+0000] {taskinstance.py:2330} INFO - Executing <Task(PythonOperator): download_parquet> on 2024-05-01 00:00:00+00:00
[2025-08-28T03:50:22.244+0000] {standard_task_runner.py:63} INFO - Started process 749 to run task
[2025-08-28T03:50:22.247+0000] {standard_task_runner.py:90} INFO - Running: ['***', 'tasks', 'run', 'parquet_in_minio', 'download_parquet', 'scheduled__2024-05-01T00:00:00+00:00', '--job-id', '555', '--raw', '--subdir', 'DAGS_FOLDER/parquet_to_minio.py', '--cfg-path', '/tmp/tmp57lo4cx6']
[2025-08-28T03:50:22.248+0000] {standard_task_runner.py:91} INFO - Job 555: Subtask download_parquet
[2025-08-28T03:50:22.260+0000] {logging_mixin.py:188} WARNING - /home/***/.local/lib/python3.10/site-packages/***/settings.py:195 DeprecationWarning: The sql_alchemy_conn option in [core] has been moved to the sql_alchemy_conn option in [database] - the old setting has been used, but please update your config.
[2025-08-28T03:50:22.290+0000] {task_command.py:426} INFO - Running <TaskInstance: parquet_in_minio.download_parquet scheduled__2024-05-01T00:00:00+00:00 [running]> on host c3d91d0460b0
[2025-08-28T03:50:22.359+0000] {taskinstance.py:2648} INFO - Exporting env vars: AIRFLOW_CTX_DAG_OWNER='***' AIRFLOW_CTX_DAG_ID='parquet_in_minio' AIRFLOW_CTX_TASK_ID='download_parquet' AIRFLOW_CTX_EXECUTION_DATE='2024-05-01T00:00:00+00:00' AIRFLOW_CTX_TRY_NUMBER='1' AIRFLOW_CTX_DAG_RUN_ID='scheduled__2024-05-01T00:00:00+00:00'
[2025-08-28T03:50:22.359+0000] {taskinstance.py:430} INFO - ::endgroup::
[2025-08-28T03:50:22.368+0000] {logging_mixin.py:188} WARNING - /home/***/.local/lib/python3.10/site-packages/***/utils/context.py:320 AirflowContextDeprecationWarning: Accessing 'execution_date' from the template is deprecated and will be removed in a future version. Please use 'data_interval_start' or 'logical_date' instead.
[2025-08-28T03:53:57.762+0000] {python.py:237} INFO - Done. Returned value was: None
[2025-08-28T03:53:57.762+0000] {taskinstance.py:441} INFO - ::group::Post task execution logs
[2025-08-28T03:53:57.773+0000] {taskinstance.py:1206} INFO - Marking task as SUCCESS. dag_id=parquet_in_minio, task_id=download_parquet, run_id=scheduled__2024-05-01T00:00:00+00:00, execution_date=20240501T000000, start_date=20250828T035022, end_date=20250828T035357
[2025-08-28T03:53:57.795+0000] {local_task_job_runner.py:240} INFO - Task exited with return code 0
[2025-08-28T03:53:57.813+0000] {taskinstance.py:3498} INFO - 1 downstream tasks scheduled from follow-on schedule check
[2025-08-28T03:53:57.814+0000] {local_task_job_runner.py:222} INFO - ::endgroup::
