[2025-08-01T04:31:51.170+0000] {local_task_job_runner.py:120} INFO - ::group::Pre task execution logs
[2025-08-01T04:31:51.201+0000] {taskinstance.py:2076} INFO - Dependencies all met for dep_context=non-requeueable deps ti=<TaskInstance: parquet_in_minio.Cleanup_parquet scheduled__2024-03-01T00:00:00+00:00 [queued]>
[2025-08-01T04:31:51.208+0000] {taskinstance.py:2076} INFO - Dependencies all met for dep_context=requeueable deps ti=<TaskInstance: parquet_in_minio.Cleanup_parquet scheduled__2024-03-01T00:00:00+00:00 [queued]>
[2025-08-01T04:31:51.208+0000] {taskinstance.py:2306} INFO - Starting attempt 1 of 1
[2025-08-01T04:31:51.219+0000] {taskinstance.py:2330} INFO - Executing <Task(PythonOperator): Cleanup_parquet> on 2024-03-01 00:00:00+00:00
[2025-08-01T04:31:51.225+0000] {standard_task_runner.py:63} INFO - Started process 1615 to run task
[2025-08-01T04:31:51.229+0000] {standard_task_runner.py:90} INFO - Running: ['***', 'tasks', 'run', 'parquet_in_minio', 'Cleanup_parquet', 'scheduled__2024-03-01T00:00:00+00:00', '--job-id', '388', '--raw', '--subdir', 'DAGS_FOLDER/parquet_to_minio.py', '--cfg-path', '/tmp/tmplhcbit9n']
[2025-08-01T04:31:51.231+0000] {standard_task_runner.py:91} INFO - Job 388: Subtask Cleanup_parquet
[2025-08-01T04:31:51.248+0000] {logging_mixin.py:188} WARNING - /home/***/.local/lib/python3.10/site-packages/***/settings.py:195 DeprecationWarning: The sql_alchemy_conn option in [core] has been moved to the sql_alchemy_conn option in [database] - the old setting has been used, but please update your config.
[2025-08-01T04:31:51.284+0000] {task_command.py:426} INFO - Running <TaskInstance: parquet_in_minio.Cleanup_parquet scheduled__2024-03-01T00:00:00+00:00 [running]> on host 87b19f697adc
[2025-08-01T04:31:51.369+0000] {taskinstance.py:2648} INFO - Exporting env vars: AIRFLOW_CTX_DAG_OWNER='***' AIRFLOW_CTX_DAG_ID='parquet_in_minio' AIRFLOW_CTX_TASK_ID='Cleanup_parquet' AIRFLOW_CTX_EXECUTION_DATE='2024-03-01T00:00:00+00:00' AIRFLOW_CTX_TRY_NUMBER='1' AIRFLOW_CTX_DAG_RUN_ID='scheduled__2024-03-01T00:00:00+00:00'
[2025-08-01T04:31:51.370+0000] {taskinstance.py:430} INFO - ::endgroup::
[2025-08-01T04:31:51.383+0000] {logging_mixin.py:188} WARNING - /home/***/.local/lib/python3.10/site-packages/***/utils/context.py:320 AirflowContextDeprecationWarning: Accessing 'execution_date' from the template is deprecated and will be removed in a future version. Please use 'data_interval_start' or 'logical_date' instead.
[2025-08-01T04:31:51.384+0000] {python.py:237} INFO - Done. Returned value was: None
[2025-08-01T04:31:51.384+0000] {taskinstance.py:441} INFO - ::group::Post task execution logs
[2025-08-01T04:31:51.393+0000] {taskinstance.py:1206} INFO - Marking task as SUCCESS. dag_id=parquet_in_minio, task_id=Cleanup_parquet, run_id=scheduled__2024-03-01T00:00:00+00:00, execution_date=20240301T000000, start_date=20250801T043151, end_date=20250801T043151
[2025-08-01T04:31:51.441+0000] {local_task_job_runner.py:240} INFO - Task exited with return code 0
[2025-08-01T04:31:51.458+0000] {taskinstance.py:3498} INFO - 0 downstream tasks scheduled from follow-on schedule check
[2025-08-01T04:31:51.459+0000] {local_task_job_runner.py:222} INFO - ::endgroup::
[2025-08-28T03:50:19.349+0000] {local_task_job_runner.py:120} INFO - ::group::Pre task execution logs
[2025-08-28T03:50:19.369+0000] {taskinstance.py:2076} INFO - Dependencies all met for dep_context=non-requeueable deps ti=<TaskInstance: parquet_in_minio.Cleanup_parquet scheduled__2024-03-01T00:00:00+00:00 [queued]>
[2025-08-28T03:50:19.373+0000] {taskinstance.py:2076} INFO - Dependencies all met for dep_context=requeueable deps ti=<TaskInstance: parquet_in_minio.Cleanup_parquet scheduled__2024-03-01T00:00:00+00:00 [queued]>
[2025-08-28T03:50:19.373+0000] {taskinstance.py:2306} INFO - Starting attempt 1 of 1
[2025-08-28T03:50:19.380+0000] {taskinstance.py:2330} INFO - Executing <Task(PythonOperator): Cleanup_parquet> on 2024-03-01 00:00:00+00:00
[2025-08-28T03:50:19.385+0000] {standard_task_runner.py:63} INFO - Started process 747 to run task
[2025-08-28T03:50:19.387+0000] {standard_task_runner.py:90} INFO - Running: ['***', 'tasks', 'run', 'parquet_in_minio', 'Cleanup_parquet', 'scheduled__2024-03-01T00:00:00+00:00', '--job-id', '554', '--raw', '--subdir', 'DAGS_FOLDER/parquet_to_minio.py', '--cfg-path', '/tmp/tmphaoc770r']
[2025-08-28T03:50:19.389+0000] {standard_task_runner.py:91} INFO - Job 554: Subtask Cleanup_parquet
[2025-08-28T03:50:19.401+0000] {logging_mixin.py:188} WARNING - /home/***/.local/lib/python3.10/site-packages/***/settings.py:195 DeprecationWarning: The sql_alchemy_conn option in [core] has been moved to the sql_alchemy_conn option in [database] - the old setting has been used, but please update your config.
[2025-08-28T03:50:19.427+0000] {task_command.py:426} INFO - Running <TaskInstance: parquet_in_minio.Cleanup_parquet scheduled__2024-03-01T00:00:00+00:00 [running]> on host c3d91d0460b0
[2025-08-28T03:50:19.483+0000] {taskinstance.py:2648} INFO - Exporting env vars: AIRFLOW_CTX_DAG_OWNER='***' AIRFLOW_CTX_DAG_ID='parquet_in_minio' AIRFLOW_CTX_TASK_ID='Cleanup_parquet' AIRFLOW_CTX_EXECUTION_DATE='2024-03-01T00:00:00+00:00' AIRFLOW_CTX_TRY_NUMBER='1' AIRFLOW_CTX_DAG_RUN_ID='scheduled__2024-03-01T00:00:00+00:00'
[2025-08-28T03:50:19.484+0000] {taskinstance.py:430} INFO - ::endgroup::
[2025-08-28T03:50:19.492+0000] {logging_mixin.py:188} WARNING - /home/***/.local/lib/python3.10/site-packages/***/utils/context.py:320 AirflowContextDeprecationWarning: Accessing 'execution_date' from the template is deprecated and will be removed in a future version. Please use 'data_interval_start' or 'logical_date' instead.
[2025-08-28T03:50:19.493+0000] {python.py:237} INFO - Done. Returned value was: None
[2025-08-28T03:50:19.493+0000] {taskinstance.py:441} INFO - ::group::Post task execution logs
[2025-08-28T03:50:19.500+0000] {taskinstance.py:1206} INFO - Marking task as SUCCESS. dag_id=parquet_in_minio, task_id=Cleanup_parquet, run_id=scheduled__2024-03-01T00:00:00+00:00, execution_date=20240301T000000, start_date=20250828T035019, end_date=20250828T035019
[2025-08-28T03:50:19.519+0000] {local_task_job_runner.py:240} INFO - Task exited with return code 0
[2025-08-28T03:50:19.531+0000] {taskinstance.py:3498} INFO - 0 downstream tasks scheduled from follow-on schedule check
[2025-08-28T03:50:19.533+0000] {local_task_job_runner.py:222} INFO - ::endgroup::
