[2025-08-01T04:37:12.705+0000] {local_task_job_runner.py:120} INFO - ::group::Pre task execution logs
[2025-08-01T04:37:12.747+0000] {taskinstance.py:2076} INFO - Dependencies all met for dep_context=non-requeueable deps ti=<TaskInstance: parquet_in_minio.upload_to_minio scheduled__2024-11-01T00:00:00+00:00 [queued]>
[2025-08-01T04:37:12.757+0000] {taskinstance.py:2076} INFO - Dependencies all met for dep_context=requeueable deps ti=<TaskInstance: parquet_in_minio.upload_to_minio scheduled__2024-11-01T00:00:00+00:00 [queued]>
[2025-08-01T04:37:12.758+0000] {taskinstance.py:2306} INFO - Starting attempt 1 of 4
[2025-08-01T04:37:12.776+0000] {taskinstance.py:2330} INFO - Executing <Task(PythonOperator): upload_to_minio> on 2024-11-01 00:00:00+00:00
[2025-08-01T04:37:12.785+0000] {standard_task_runner.py:63} INFO - Started process 1994 to run task
[2025-08-01T04:37:12.797+0000] {standard_task_runner.py:90} INFO - Running: ['***', 'tasks', 'run', 'parquet_in_minio', 'upload_to_minio', 'scheduled__2024-11-01T00:00:00+00:00', '--job-id', '482', '--raw', '--subdir', 'DAGS_FOLDER/parquet_to_minio.py', '--cfg-path', '/tmp/tmpihszeqh6']
[2025-08-01T04:37:12.801+0000] {standard_task_runner.py:91} INFO - Job 482: Subtask upload_to_minio
[2025-08-01T04:37:12.821+0000] {logging_mixin.py:188} WARNING - /home/***/.local/lib/python3.10/site-packages/***/settings.py:195 DeprecationWarning: The sql_alchemy_conn option in [core] has been moved to the sql_alchemy_conn option in [database] - the old setting has been used, but please update your config.
[2025-08-01T04:37:12.871+0000] {task_command.py:426} INFO - Running <TaskInstance: parquet_in_minio.upload_to_minio scheduled__2024-11-01T00:00:00+00:00 [running]> on host 87b19f697adc
[2025-08-01T04:37:12.967+0000] {taskinstance.py:2648} INFO - Exporting env vars: AIRFLOW_CTX_DAG_OWNER='***' AIRFLOW_CTX_DAG_ID='parquet_in_minio' AIRFLOW_CTX_TASK_ID='upload_to_minio' AIRFLOW_CTX_EXECUTION_DATE='2024-11-01T00:00:00+00:00' AIRFLOW_CTX_TRY_NUMBER='1' AIRFLOW_CTX_DAG_RUN_ID='scheduled__2024-11-01T00:00:00+00:00'
[2025-08-01T04:37:12.968+0000] {taskinstance.py:430} INFO - ::endgroup::
[2025-08-01T04:37:12.978+0000] {logging_mixin.py:188} WARNING - /home/***/.local/lib/python3.10/site-packages/***/utils/context.py:320 AirflowContextDeprecationWarning: Accessing 'execution_date' from the template is deprecated and will be removed in a future version. Please use 'data_interval_start' or 'logical_date' instead.
[2025-08-01T04:37:13.088+0000] {python.py:237} INFO - Done. Returned value was: None
[2025-08-01T04:37:13.089+0000] {taskinstance.py:441} INFO - ::group::Post task execution logs
[2025-08-01T04:37:13.098+0000] {taskinstance.py:1206} INFO - Marking task as SUCCESS. dag_id=parquet_in_minio, task_id=upload_to_minio, run_id=scheduled__2024-11-01T00:00:00+00:00, execution_date=20241101T000000, start_date=20250801T043712, end_date=20250801T043713
[2025-08-01T04:37:13.122+0000] {local_task_job_runner.py:240} INFO - Task exited with return code 0
[2025-08-01T04:37:13.141+0000] {taskinstance.py:3498} INFO - 1 downstream tasks scheduled from follow-on schedule check
[2025-08-01T04:37:13.143+0000] {local_task_job_runner.py:222} INFO - ::endgroup::
[2025-08-28T03:52:46.047+0000] {local_task_job_runner.py:120} INFO - ::group::Pre task execution logs
[2025-08-28T03:52:46.068+0000] {taskinstance.py:2076} INFO - Dependencies all met for dep_context=non-requeueable deps ti=<TaskInstance: parquet_in_minio.upload_to_minio scheduled__2024-11-01T00:00:00+00:00 [queued]>
[2025-08-28T03:52:46.073+0000] {taskinstance.py:2076} INFO - Dependencies all met for dep_context=requeueable deps ti=<TaskInstance: parquet_in_minio.upload_to_minio scheduled__2024-11-01T00:00:00+00:00 [queued]>
[2025-08-28T03:52:46.073+0000] {taskinstance.py:2306} INFO - Starting attempt 1 of 4
[2025-08-28T03:52:46.081+0000] {taskinstance.py:2330} INFO - Executing <Task(PythonOperator): upload_to_minio> on 2024-11-01 00:00:00+00:00
[2025-08-28T03:52:46.086+0000] {standard_task_runner.py:63} INFO - Started process 894 to run task
[2025-08-28T03:52:46.089+0000] {standard_task_runner.py:90} INFO - Running: ['***', 'tasks', 'run', 'parquet_in_minio', 'upload_to_minio', 'scheduled__2024-11-01T00:00:00+00:00', '--job-id', '589', '--raw', '--subdir', 'DAGS_FOLDER/parquet_to_minio.py', '--cfg-path', '/tmp/tmp15m1aytb']
[2025-08-28T03:52:46.090+0000] {standard_task_runner.py:91} INFO - Job 589: Subtask upload_to_minio
[2025-08-28T03:52:46.103+0000] {logging_mixin.py:188} WARNING - /home/***/.local/lib/python3.10/site-packages/***/settings.py:195 DeprecationWarning: The sql_alchemy_conn option in [core] has been moved to the sql_alchemy_conn option in [database] - the old setting has been used, but please update your config.
[2025-08-28T03:52:46.132+0000] {task_command.py:426} INFO - Running <TaskInstance: parquet_in_minio.upload_to_minio scheduled__2024-11-01T00:00:00+00:00 [running]> on host c3d91d0460b0
[2025-08-28T03:52:46.197+0000] {taskinstance.py:2648} INFO - Exporting env vars: AIRFLOW_CTX_DAG_OWNER='***' AIRFLOW_CTX_DAG_ID='parquet_in_minio' AIRFLOW_CTX_TASK_ID='upload_to_minio' AIRFLOW_CTX_EXECUTION_DATE='2024-11-01T00:00:00+00:00' AIRFLOW_CTX_TRY_NUMBER='1' AIRFLOW_CTX_DAG_RUN_ID='scheduled__2024-11-01T00:00:00+00:00'
[2025-08-28T03:52:46.198+0000] {taskinstance.py:430} INFO - ::endgroup::
[2025-08-28T03:52:46.207+0000] {logging_mixin.py:188} WARNING - /home/***/.local/lib/python3.10/site-packages/***/utils/context.py:320 AirflowContextDeprecationWarning: Accessing 'execution_date' from the template is deprecated and will be removed in a future version. Please use 'data_interval_start' or 'logical_date' instead.
[2025-08-28T03:52:46.299+0000] {python.py:237} INFO - Done. Returned value was: None
[2025-08-28T03:52:46.300+0000] {taskinstance.py:441} INFO - ::group::Post task execution logs
[2025-08-28T03:52:46.308+0000] {taskinstance.py:1206} INFO - Marking task as SUCCESS. dag_id=parquet_in_minio, task_id=upload_to_minio, run_id=scheduled__2024-11-01T00:00:00+00:00, execution_date=20241101T000000, start_date=20250828T035246, end_date=20250828T035246
[2025-08-28T03:52:46.340+0000] {local_task_job_runner.py:240} INFO - Task exited with return code 0
[2025-08-28T03:52:46.359+0000] {taskinstance.py:3498} INFO - 1 downstream tasks scheduled from follow-on schedule check
[2025-08-28T03:52:46.360+0000] {local_task_job_runner.py:222} INFO - ::endgroup::
