[2025-08-01T05:00:01.917+0000] {local_task_job_runner.py:120} INFO - ::group::Pre task execution logs
[2025-08-01T05:00:01.941+0000] {taskinstance.py:2076} INFO - Dependencies all met for dep_context=non-requeueable deps ti=<TaskInstance: minio_to_postgres.load_and_track scheduled__2025-08-01T04:00:00+00:00 [queued]>
[2025-08-01T05:00:01.947+0000] {taskinstance.py:2076} INFO - Dependencies all met for dep_context=requeueable deps ti=<TaskInstance: minio_to_postgres.load_and_track scheduled__2025-08-01T04:00:00+00:00 [queued]>
[2025-08-01T05:00:01.947+0000] {taskinstance.py:2306} INFO - Starting attempt 1 of 2
[2025-08-01T05:00:01.955+0000] {taskinstance.py:2330} INFO - Executing <Task(PythonOperator): load_and_track> on 2025-08-01 04:00:00+00:00
[2025-08-01T05:00:01.961+0000] {standard_task_runner.py:63} INFO - Started process 2543 to run task
[2025-08-01T05:00:01.963+0000] {standard_task_runner.py:90} INFO - Running: ['***', 'tasks', 'run', 'minio_to_postgres', 'load_and_track', 'scheduled__2025-08-01T04:00:00+00:00', '--job-id', '499', '--raw', '--subdir', 'DAGS_FOLDER/minio_to_postgres.py', '--cfg-path', '/tmp/tmp2f8orw21']
[2025-08-01T05:00:01.965+0000] {standard_task_runner.py:91} INFO - Job 499: Subtask load_and_track
[2025-08-01T05:00:01.978+0000] {logging_mixin.py:188} WARNING - /home/***/.local/lib/python3.10/site-packages/***/settings.py:195 DeprecationWarning: The sql_alchemy_conn option in [core] has been moved to the sql_alchemy_conn option in [database] - the old setting has been used, but please update your config.
[2025-08-01T05:00:02.005+0000] {task_command.py:426} INFO - Running <TaskInstance: minio_to_postgres.load_and_track scheduled__2025-08-01T04:00:00+00:00 [running]> on host 87b19f697adc
[2025-08-01T05:00:02.188+0000] {taskinstance.py:2648} INFO - Exporting env vars: AIRFLOW_CTX_DAG_OWNER='***' AIRFLOW_CTX_DAG_ID='minio_to_postgres' AIRFLOW_CTX_TASK_ID='load_and_track' AIRFLOW_CTX_EXECUTION_DATE='2025-08-01T04:00:00+00:00' AIRFLOW_CTX_TRY_NUMBER='1' AIRFLOW_CTX_DAG_RUN_ID='scheduled__2025-08-01T04:00:00+00:00'
[2025-08-01T05:00:02.188+0000] {taskinstance.py:430} INFO - ::endgroup::
[2025-08-01T05:00:02.204+0000] {logging_mixin.py:188} WARNING - /home/***/.local/lib/python3.10/site-packages/***/utils/context.py:320 AirflowContextDeprecationWarning: Accessing 'execution_date' from the template is deprecated and will be removed in a future version. Please use 'data_interval_start' or 'logical_date' instead.
[2025-08-01T05:00:05.714+0000] {logging_mixin.py:188} INFO - green_tripdata_2025-05.parquet → staging.green_tripdata_2025 успешно загружен.
[2025-08-01T05:00:08.544+0000] {logging_mixin.py:188} INFO - green_tripdata_2024-07.parquet → staging.green_tripdata_2024 успешно загружен.
[2025-08-01T05:00:11.727+0000] {logging_mixin.py:188} INFO - green_tripdata_2024-10.parquet → staging.green_tripdata_2024 успешно загружен.
[2025-08-01T05:00:14.569+0000] {logging_mixin.py:188} INFO - green_tripdata_2025-06.parquet → staging.green_tripdata_2025 успешно загружен.
[2025-08-01T05:00:17.454+0000] {logging_mixin.py:188} INFO - green_tripdata_2024-08.parquet → staging.green_tripdata_2024 успешно загружен.
[2025-08-01T05:00:20.351+0000] {logging_mixin.py:188} INFO - green_tripdata_2025-01.parquet → staging.green_tripdata_2025 успешно загружен.
[2025-08-01T05:00:24.066+0000] {logging_mixin.py:188} INFO - green_tripdata_2021-01.parquet → staging.green_tripdata_2021 успешно загружен.
[2025-08-01T05:00:27.288+0000] {logging_mixin.py:188} INFO - green_tripdata_2022-11.parquet → staging.green_tripdata_2022 успешно загружен.
[2025-08-01T05:01:21.243+0000] {logging_mixin.py:188} INFO - green_tripdata_2017-01.parquet → staging.green_tripdata_2017 успешно загружен.
[2025-08-01T05:01:53.834+0000] {logging_mixin.py:188} INFO - green_tripdata_2019-02.parquet → staging.green_tripdata_2019 успешно загружен.
[2025-08-01T05:02:27.872+0000] {logging_mixin.py:188} INFO - green_tripdata_2019-01.parquet → staging.green_tripdata_2019 успешно загружен.
[2025-08-01T05:02:54.900+0000] {logging_mixin.py:188} INFO - green_tripdata_2019-06.parquet → staging.green_tripdata_2019 успешно загружен.
[2025-08-01T05:02:58.317+0000] {logging_mixin.py:188} INFO - green_tripdata_2023-04.parquet → staging.green_tripdata_2023 успешно загружен.
[2025-08-01T05:04:01.562+0000] {logging_mixin.py:188} INFO - green_tripdata_2014-07.parquet → staging.green_tripdata_2014 успешно загружен.
[2025-08-01T05:04:04.922+0000] {logging_mixin.py:188} INFO - green_tripdata_2023-09.parquet → staging.green_tripdata_2023 успешно загружен.
[2025-08-01T05:04:43.201+0000] {logging_mixin.py:188} INFO - green_tripdata_2018-02.parquet → staging.green_tripdata_2018 успешно загружен.
[2025-08-01T05:05:22.953+0000] {logging_mixin.py:188} INFO - green_tripdata_2018-05.parquet → staging.green_tripdata_2018 успешно загружен.
[2025-08-01T05:06:06.764+0000] {logging_mixin.py:188} INFO - green_tripdata_2017-09.parquet → staging.green_tripdata_2017 успешно загружен.
[2025-08-01T05:06:12.464+0000] {logging_mixin.py:188} INFO - green_tripdata_2021-10.parquet → staging.green_tripdata_2021 успешно загружен.
[2025-08-01T05:06:52.419+0000] {logging_mixin.py:188} INFO - green_tripdata_2018-04.parquet → staging.green_tripdata_2018 успешно загружен.
[2025-08-01T05:08:19.570+0000] {logging_mixin.py:188} INFO - green_tripdata_2015-03.parquet → staging.green_tripdata_2015 успешно загружен.
[2025-08-01T05:08:22.234+0000] {logging_mixin.py:188} INFO - green_tripdata_2024-11.parquet → staging.green_tripdata_2024 успешно загружен.
[2025-08-01T05:09:38.938+0000] {logging_mixin.py:188} INFO - green_tripdata_2014-11.parquet → staging.green_tripdata_2014 успешно загружен.
[2025-08-01T05:10:21.858+0000] {logging_mixin.py:188} INFO - green_tripdata_2017-11.parquet → staging.green_tripdata_2017 успешно загружен.
[2025-08-01T05:10:59.175+0000] {logging_mixin.py:188} INFO - green_tripdata_2014-01.parquet → staging.green_tripdata_2014 успешно загружен.
[2025-08-01T05:12:04.430+0000] {logging_mixin.py:188} INFO - green_tripdata_2014-08.parquet → staging.green_tripdata_2014 успешно загружен.
[2025-08-01T05:12:26.693+0000] {logging_mixin.py:188} INFO - green_tripdata_2020-01.parquet → staging.green_tripdata_2020 успешно загружен.
[2025-08-01T05:12:30.161+0000] {logging_mixin.py:188} INFO - green_tripdata_2022-07.parquet → staging.green_tripdata_2022 успешно загружен.
[2025-08-01T05:13:54.955+0000] {logging_mixin.py:188} INFO - green_tripdata_2015-04.parquet → staging.green_tripdata_2015 успешно загружен.
[2025-08-01T05:13:57.529+0000] {logging_mixin.py:188} INFO - green_tripdata_2025-04.parquet → staging.green_tripdata_2025 успешно загружен.
[2025-08-01T05:14:50.126+0000] {logging_mixin.py:188} INFO - green_tripdata_2017-04.parquet → staging.green_tripdata_2017 успешно загружен.
[2025-08-01T05:15:48.075+0000] {logging_mixin.py:188} INFO - green_tripdata_2016-12.parquet → staging.green_tripdata_2016 успешно загружен.
[2025-08-01T05:16:11.380+0000] {logging_mixin.py:188} INFO - green_tripdata_2019-07.parquet → staging.green_tripdata_2019 успешно загружен.
[2025-08-01T05:16:14.472+0000] {logging_mixin.py:188} INFO - green_tripdata_2023-10.parquet → staging.green_tripdata_2023 успешно загружен.
[2025-08-01T05:16:18.547+0000] {logging_mixin.py:188} INFO - green_tripdata_2020-09.parquet → staging.green_tripdata_2020 успешно загружен.
[2025-08-01T05:16:47.474+0000] {logging_mixin.py:188} INFO - green_tripdata_2019-05.parquet → staging.green_tripdata_2019 успешно загружен.
[2025-08-01T05:17:46.652+0000] {logging_mixin.py:188} INFO - green_tripdata_2014-03.parquet → staging.green_tripdata_2014 успешно загружен.
[2025-08-01T05:18:09.121+0000] {logging_mixin.py:188} INFO - green_tripdata_2019-11.parquet → staging.green_tripdata_2019 успешно загружен.
[2025-08-01T05:18:41.832+0000] {logging_mixin.py:188} INFO - green_tripdata_2019-03.parquet → staging.green_tripdata_2019 успешно загружен.
[2025-08-01T05:18:45.759+0000] {logging_mixin.py:188} INFO - green_tripdata_2021-08.parquet → staging.green_tripdata_2021 успешно загружен.
[2025-08-01T05:19:32.519+0000] {logging_mixin.py:188} INFO - green_tripdata_2017-06.parquet → staging.green_tripdata_2017 успешно загружен.
[2025-08-01T05:20:05.946+0000] {logging_mixin.py:188} INFO - green_tripdata_2018-07.parquet → staging.green_tripdata_2018 успешно загружен.
[2025-08-01T05:20:54.043+0000] {logging_mixin.py:188} INFO - green_tripdata_2017-02.parquet → staging.green_tripdata_2017 успешно загружен.
[2025-08-01T05:20:56.588+0000] {logging_mixin.py:188} INFO - green_tripdata_2024-12.parquet → staging.green_tripdata_2024 успешно загружен.
[2025-08-01T05:22:09.747+0000] {logging_mixin.py:188} INFO - green_tripdata_2016-02.parquet → staging.green_tripdata_2016 успешно загружен.
[2025-08-01T05:23:23.199+0000] {logging_mixin.py:188} INFO - green_tripdata_2015-08.parquet → staging.green_tripdata_2015 успешно загружен.
[2025-08-01T05:24:41.688+0000] {logging_mixin.py:188} INFO - green_tripdata_2014-12.parquet → staging.green_tripdata_2014 успешно загружен.
[2025-08-01T05:24:45.556+0000] {logging_mixin.py:188} INFO - green_tripdata_2021-03.parquet → staging.green_tripdata_2021 успешно загружен.
[2025-08-01T05:24:49.720+0000] {logging_mixin.py:188} INFO - green_tripdata_2020-11.parquet → staging.green_tripdata_2020 успешно загружен.
[2025-08-01T05:25:57.707+0000] {logging_mixin.py:188} INFO - green_tripdata_2016-06.parquet → staging.green_tripdata_2016 успешно загружен.
[2025-08-01T05:26:01.516+0000] {logging_mixin.py:188} INFO - green_tripdata_2020-12.parquet → staging.green_tripdata_2020 успешно загружен.
[2025-08-01T05:26:03.965+0000] {logging_mixin.py:188} INFO - green_tripdata_2025-02.parquet → staging.green_tripdata_2025 успешно загружен.
[2025-08-01T05:27:07.108+0000] {logging_mixin.py:188} INFO - green_tripdata_2014-09.parquet → staging.green_tripdata_2014 успешно загружен.
[2025-08-01T05:27:10.115+0000] {logging_mixin.py:188} INFO - green_tripdata_2023-11.parquet → staging.green_tripdata_2023 успешно загружен.
[2025-08-01T05:28:23.761+0000] {logging_mixin.py:188} INFO - green_tripdata_2016-05.parquet → staging.green_tripdata_2016 успешно загружен.
[2025-08-01T05:28:57.654+0000] {logging_mixin.py:188} INFO - green_tripdata_2018-09.parquet → staging.green_tripdata_2018 успешно загружен.
[2025-08-01T05:29:21.750+0000] {logging_mixin.py:188} INFO - green_tripdata_2019-10.parquet → staging.green_tripdata_2019 успешно загружен.
[2025-08-01T05:30:34.085+0000] {logging_mixin.py:188} INFO - green_tripdata_2015-09.parquet → staging.green_tripdata_2015 успешно загружен.
[2025-08-01T05:31:34.505+0000] {logging_mixin.py:188} INFO - green_tripdata_2016-08.parquet → staging.green_tripdata_2016 успешно загружен.
[2025-08-01T05:31:37.847+0000] {logging_mixin.py:188} INFO - green_tripdata_2020-07.parquet → staging.green_tripdata_2020 успешно загружен.
[2025-08-01T05:32:52.249+0000] {logging_mixin.py:188} INFO - green_tripdata_2015-07.parquet → staging.green_tripdata_2015 успешно загружен.
[2025-08-01T05:33:53.229+0000] {logging_mixin.py:188} INFO - green_tripdata_2016-10.parquet → staging.green_tripdata_2016 успешно загружен.
[2025-08-01T05:33:55.825+0000] {logging_mixin.py:188} INFO - green_tripdata_2025-03.parquet → staging.green_tripdata_2025 успешно загружен.
[2025-08-01T05:34:58.129+0000] {logging_mixin.py:188} INFO - green_tripdata_2014-06.parquet → staging.green_tripdata_2014 успешно загружен.
[2025-08-01T05:35:01.116+0000] {logging_mixin.py:188} INFO - green_tripdata_2021-02.parquet → staging.green_tripdata_2021 успешно загружен.
[2025-08-01T05:36:05.972+0000] {logging_mixin.py:188} INFO - green_tripdata_2016-07.parquet → staging.green_tripdata_2016 успешно загружен.
[2025-08-01T05:36:07.693+0000] {logging_mixin.py:188} INFO - green_tripdata_2020-04.parquet → staging.green_tripdata_2020 успешно загружен.
[2025-08-01T05:36:10.861+0000] {logging_mixin.py:188} INFO - green_tripdata_2023-02.parquet → staging.green_tripdata_2023 успешно загружен.
[2025-08-01T05:37:24.327+0000] {logging_mixin.py:188} INFO - green_tripdata_2015-01.parquet → staging.green_tripdata_2015 успешно загружен.
[2025-08-01T05:37:59.228+0000] {logging_mixin.py:188} INFO - green_tripdata_2018-06.parquet → staging.green_tripdata_2018 успешно загружен.
[2025-08-01T05:39:18.507+0000] {logging_mixin.py:188} INFO - green_tripdata_2015-06.parquet → staging.green_tripdata_2015 успешно загружен.
[2025-08-01T05:39:21.109+0000] {logging_mixin.py:188} INFO - green_tripdata_2024-09.parquet → staging.green_tripdata_2024 успешно загружен.
[2025-08-01T05:39:24.557+0000] {logging_mixin.py:188} INFO - green_tripdata_2023-03.parquet → staging.green_tripdata_2023 успешно загружен.
[2025-08-01T05:40:41.382+0000] {logging_mixin.py:188} INFO - green_tripdata_2015-02.parquet → staging.green_tripdata_2015 успешно загружен.
[2025-08-01T05:40:44.362+0000] {logging_mixin.py:188} INFO - green_tripdata_2024-05.parquet → staging.green_tripdata_2024 успешно загружен.
[2025-08-01T05:41:54.163+0000] {logging_mixin.py:188} INFO - green_tripdata_2014-10.parquet → staging.green_tripdata_2014 успешно загружен.
[2025-08-01T05:43:05.057+0000] {logging_mixin.py:188} INFO - green_tripdata_2016-01.parquet → staging.green_tripdata_2016 успешно загружен.
[2025-08-01T05:43:10.150+0000] {logging_mixin.py:188} INFO - green_tripdata_2021-12.parquet → staging.green_tripdata_2021 успешно загружен.
[2025-08-01T05:43:12.996+0000] {logging_mixin.py:188} INFO - green_tripdata_2024-01.parquet → staging.green_tripdata_2024 успешно загружен.
[2025-08-01T05:43:53.421+0000] {logging_mixin.py:188} INFO - green_tripdata_2018-03.parquet → staging.green_tripdata_2018 успешно загружен.
[2025-08-01T05:43:56.147+0000] {logging_mixin.py:188} INFO - green_tripdata_2024-02.parquet → staging.green_tripdata_2024 успешно загружен.
[2025-08-01T05:43:59.981+0000] {logging_mixin.py:188} INFO - green_tripdata_2022-12.parquet → staging.green_tripdata_2022 успешно загружен.
[2025-08-01T05:44:03.412+0000] {logging_mixin.py:188} INFO - green_tripdata_2023-05.parquet → staging.green_tripdata_2023 успешно загружен.
[2025-08-01T05:44:03.413+0000] {python.py:237} INFO - Done. Returned value was: None
[2025-08-01T05:44:03.414+0000] {taskinstance.py:441} INFO - ::group::Post task execution logs
[2025-08-01T05:44:03.422+0000] {taskinstance.py:1206} INFO - Marking task as SUCCESS. dag_id=minio_to_postgres, task_id=load_and_track, run_id=scheduled__2025-08-01T04:00:00+00:00, execution_date=20250801T040000, start_date=20250801T050001, end_date=20250801T054403
[2025-08-01T05:44:03.825+0000] {local_task_job_runner.py:240} INFO - Task exited with return code 0
[2025-08-01T05:44:03.848+0000] {taskinstance.py:3498} INFO - 0 downstream tasks scheduled from follow-on schedule check
[2025-08-01T05:44:03.849+0000] {local_task_job_runner.py:222} INFO - ::endgroup::
